[1.687s] Invoking command in '/home/jo-jo/ros2_ws/src/robot_legion_teleop_python': DEBUGINFOD_URLS=https://debuginfod.ubuntu.com PYTHONPATH=/home/jo-jo/ros2_ws/build/robot_legion_teleop_python/prefix_override:/usr/lib/python3/dist-packages/colcon_core/task/python/colcon_distutils_commands:/home/jo-jo/ros2_ws/install/robot_legion_teleop_python/lib/python3.12/site-packages:${PYTHONPATH} /usr/bin/python3 -W ignore:setup.py install is deprecated -W ignore:easy_install command is deprecated setup.py egg_info --egg-base ../../build/robot_legion_teleop_python build --build-base /home/jo-jo/ros2_ws/build/robot_legion_teleop_python/build install --record /home/jo-jo/ros2_ws/build/robot_legion_teleop_python/install.log --single-version-externally-managed install_data
[2.139s] running egg_info
[2.172s] writing ../../build/robot_legion_teleop_python/robot_legion_teleop_python.egg-info/PKG-INFO
[2.172s] writing dependency_links to ../../build/robot_legion_teleop_python/robot_legion_teleop_python.egg-info/dependency_links.txt
[2.173s] writing entry points to ../../build/robot_legion_teleop_python/robot_legion_teleop_python.egg-info/entry_points.txt
[2.173s] writing requirements to ../../build/robot_legion_teleop_python/robot_legion_teleop_python.egg-info/requires.txt
[2.173s] writing top-level names to ../../build/robot_legion_teleop_python/robot_legion_teleop_python.egg-info/top_level.txt
[2.243s] reading manifest file '../../build/robot_legion_teleop_python/robot_legion_teleop_python.egg-info/SOURCES.txt'
[2.246s] writing manifest file '../../build/robot_legion_teleop_python/robot_legion_teleop_python.egg-info/SOURCES.txt'
[2.247s] running build
[2.247s] running build_py
[2.247s] copying robot_legion_teleop_python/reset_gz.py -> /home/jo-jo/ros2_ws/build/robot_legion_teleop_python/build/lib/robot_legion_teleop_python
[2.247s] copying robot_legion_teleop_python/testing_teleop_legion_key.py -> /home/jo-jo/ros2_ws/build/robot_legion_teleop_python/build/lib/robot_legion_teleop_python
[2.248s] copying robot_legion_teleop_python/teleop_legion_key.py -> /home/jo-jo/ros2_ws/build/robot_legion_teleop_python/build/lib/robot_legion_teleop_python
[2.248s] copying robot_legion_teleop_python/__init__.py -> /home/jo-jo/ros2_ws/build/robot_legion_teleop_python/build/lib/robot_legion_teleop_python
[2.248s] copying robot_legion_teleop_python/fpv_camera_mux.py -> /home/jo-jo/ros2_ws/build/robot_legion_teleop_python/build/lib/robot_legion_teleop_python
[2.249s] running install
[2.261s] running install_lib
[2.297s] copying /home/jo-jo/ros2_ws/build/robot_legion_teleop_python/build/lib/robot_legion_teleop_python/reset_gz.py -> /home/jo-jo/ros2_ws/install/robot_legion_teleop_python/lib/python3.12/site-packages/robot_legion_teleop_python
[2.298s] copying /home/jo-jo/ros2_ws/build/robot_legion_teleop_python/build/lib/robot_legion_teleop_python/testing_teleop_legion_key.py -> /home/jo-jo/ros2_ws/install/robot_legion_teleop_python/lib/python3.12/site-packages/robot_legion_teleop_python
[2.298s] copying /home/jo-jo/ros2_ws/build/robot_legion_teleop_python/build/lib/robot_legion_teleop_python/teleop_legion_key.py -> /home/jo-jo/ros2_ws/install/robot_legion_teleop_python/lib/python3.12/site-packages/robot_legion_teleop_python
[2.299s] copying /home/jo-jo/ros2_ws/build/robot_legion_teleop_python/build/lib/robot_legion_teleop_python/__init__.py -> /home/jo-jo/ros2_ws/install/robot_legion_teleop_python/lib/python3.12/site-packages/robot_legion_teleop_python
[2.299s] copying /home/jo-jo/ros2_ws/build/robot_legion_teleop_python/build/lib/robot_legion_teleop_python/fpv_camera_mux.py -> /home/jo-jo/ros2_ws/install/robot_legion_teleop_python/lib/python3.12/site-packages/robot_legion_teleop_python
[2.300s] byte-compiling /home/jo-jo/ros2_ws/install/robot_legion_teleop_python/lib/python3.12/site-packages/robot_legion_teleop_python/reset_gz.py to reset_gz.cpython-312.pyc
[2.301s] byte-compiling /home/jo-jo/ros2_ws/install/robot_legion_teleop_python/lib/python3.12/site-packages/robot_legion_teleop_python/testing_teleop_legion_key.py to testing_teleop_legion_key.cpython-312.pyc
[2.305s] byte-compiling /home/jo-jo/ros2_ws/install/robot_legion_teleop_python/lib/python3.12/site-packages/robot_legion_teleop_python/teleop_legion_key.py to teleop_legion_key.cpython-312.pyc
[2.309s] byte-compiling /home/jo-jo/ros2_ws/install/robot_legion_teleop_python/lib/python3.12/site-packages/robot_legion_teleop_python/__init__.py to __init__.cpython-312.pyc
[2.309s] byte-compiling /home/jo-jo/ros2_ws/install/robot_legion_teleop_python/lib/python3.12/site-packages/robot_legion_teleop_python/fpv_camera_mux.py to fpv_camera_mux.cpython-312.pyc
[2.310s] running install_data
[2.311s] copying resource/robot_legion_teleop_python -> /home/jo-jo/ros2_ws/install/robot_legion_teleop_python/share/ament_index/resource_index/packages
[2.311s] copying package.xml -> /home/jo-jo/ros2_ws/install/robot_legion_teleop_python/share/robot_legion_teleop_python
[2.311s] running install_egg_info
[2.348s] removing '/home/jo-jo/ros2_ws/install/robot_legion_teleop_python/lib/python3.12/site-packages/robot_legion_teleop_python-0.0.1-py3.12.egg-info' (and everything under it)
[2.348s] Copying ../../build/robot_legion_teleop_python/robot_legion_teleop_python.egg-info to /home/jo-jo/ros2_ws/install/robot_legion_teleop_python/lib/python3.12/site-packages/robot_legion_teleop_python-0.0.1-py3.12.egg-info
[2.351s] running install_scripts
[2.585s] Installing fpv_camera_mux script to /home/jo-jo/ros2_ws/install/robot_legion_teleop_python/lib/robot_legion_teleop_python
[2.586s] Installing legion_teleop_key script to /home/jo-jo/ros2_ws/install/robot_legion_teleop_python/lib/robot_legion_teleop_python
[2.586s] Installing reset_gz script to /home/jo-jo/ros2_ws/install/robot_legion_teleop_python/lib/robot_legion_teleop_python
[2.586s] Installing robot_heartbeat script to /home/jo-jo/ros2_ws/install/robot_legion_teleop_python/lib/robot_legion_teleop_python
[2.587s] writing list of installed files to '/home/jo-jo/ros2_ws/build/robot_legion_teleop_python/install.log'
[2.623s] Invoked command in '/home/jo-jo/ros2_ws/src/robot_legion_teleop_python' returned '0': DEBUGINFOD_URLS=https://debuginfod.ubuntu.com PYTHONPATH=/home/jo-jo/ros2_ws/build/robot_legion_teleop_python/prefix_override:/usr/lib/python3/dist-packages/colcon_core/task/python/colcon_distutils_commands:/home/jo-jo/ros2_ws/install/robot_legion_teleop_python/lib/python3.12/site-packages:${PYTHONPATH} /usr/bin/python3 -W ignore:setup.py install is deprecated -W ignore:easy_install command is deprecated setup.py egg_info --egg-base ../../build/robot_legion_teleop_python build --build-base /home/jo-jo/ros2_ws/build/robot_legion_teleop_python/build install --record /home/jo-jo/ros2_ws/build/robot_legion_teleop_python/install.log --single-version-externally-managed install_data
