[0.015s] Invoking command in '/home/jo-jo/ros2_ws/build/my_robot_bringup': CMAKE_PREFIX_PATH=${CMAKE_PREFIX_PATH}:/home/jo-jo/ros2_ws/install/robot_legion_teleop_python:/opt/ros/jazzy DEBUGINFOD_URLS=https://debuginfod.ubuntu.com /usr/bin/cmake --build /home/jo-jo/ros2_ws/build/my_robot_bringup -- -j16 -l16
[0.192s] Invoked command in '/home/jo-jo/ros2_ws/build/my_robot_bringup' returned '0': CMAKE_PREFIX_PATH=${CMAKE_PREFIX_PATH}:/home/jo-jo/ros2_ws/install/robot_legion_teleop_python:/opt/ros/jazzy DEBUGINFOD_URLS=https://debuginfod.ubuntu.com /usr/bin/cmake --build /home/jo-jo/ros2_ws/build/my_robot_bringup -- -j16 -l16
[0.202s] Invoking command in '/home/jo-jo/ros2_ws/build/my_robot_bringup': CMAKE_PREFIX_PATH=${CMAKE_PREFIX_PATH}:/home/jo-jo/ros2_ws/install/robot_legion_teleop_python:/opt/ros/jazzy DEBUGINFOD_URLS=https://debuginfod.ubuntu.com /usr/bin/cmake --install /home/jo-jo/ros2_ws/build/my_robot_bringup
[0.211s] -- Install configuration: ""
[0.211s] -- Up-to-date: /home/jo-jo/ros2_ws/install/my_robot_bringup/share/my_robot_bringup//launch
[0.211s] -- Up-to-date: /home/jo-jo/ros2_ws/install/my_robot_bringup/share/my_robot_bringup//launch/emiliobot_gazebo.launch.xml
[0.211s] -- Up-to-date: /home/jo-jo/ros2_ws/install/my_robot_bringup/share/my_robot_bringup//launch/two_robots_waterworld_ns.launch.xml
[0.211s] -- Up-to-date: /home/jo-jo/ros2_ws/install/my_robot_bringup/share/my_robot_bringup//launch/my_robot_gazebo.launch.xml
[0.211s] -- Up-to-date: /home/jo-jo/ros2_ws/install/my_robot_bringup/share/my_robot_bringup//launch/two_robots_simple_test_ns.launch.xml
[0.211s] -- Up-to-date: /home/jo-jo/ros2_ws/install/my_robot_bringup/share/my_robot_bringup//launch/potatobot_gazebo.launch.xml
[0.211s] -- Installing: /home/jo-jo/ros2_ws/install/my_robot_bringup/share/my_robot_bringup//launch/two_robots_simple_test_xacro.launch.py
[0.212s] -- Up-to-date: /home/jo-jo/ros2_ws/install/my_robot_bringup/share/my_robot_bringup//launch/two_robots_waterworld_xacro.launch.py
[0.212s] -- Up-to-date: /home/jo-jo/ros2_ws/install/my_robot_bringup/share/my_robot_bringup//config
[0.212s] -- Installing: /home/jo-jo/ros2_ws/install/my_robot_bringup/share/my_robot_bringup//config/gazebo_bridge.yaml
[0.212s] -- Up-to-date: /home/jo-jo/ros2_ws/install/my_robot_bringup/share/my_robot_bringup//worlds
[0.212s] -- Up-to-date: /home/jo-jo/ros2_ws/install/my_robot_bringup/share/my_robot_bringup//worlds/potatoland.sdf
[0.213s] -- Up-to-date: /home/jo-jo/ros2_ws/install/my_robot_bringup/share/my_robot_bringup//worlds/eddie_world.sdf
[0.213s] -- Up-to-date: /home/jo-jo/ros2_ws/install/my_robot_bringup/share/my_robot_bringup//worlds/waterworld.sdf
[0.213s] -- Up-to-date: /home/jo-jo/ros2_ws/install/my_robot_bringup/share/my_robot_bringup//worlds/simple_test.sdf
[0.213s] -- Up-to-date: /home/jo-jo/ros2_ws/install/my_robot_bringup/share/my_robot_bringup//worlds/waterworld_easy.sdf
[0.213s] -- Up-to-date: /home/jo-jo/ros2_ws/install/my_robot_bringup/share/my_robot_bringup//models
[0.213s] -- Up-to-date: /home/jo-jo/ros2_ws/install/my_robot_bringup/share/my_robot_bringup//models/castle
[0.213s] -- Up-to-date: /home/jo-jo/ros2_ws/install/my_robot_bringup/share/my_robot_bringup//models/castle/textures
[0.213s] -- Up-to-date: /home/jo-jo/ros2_ws/install/my_robot_bringup/share/my_robot_bringup//models/castle/textures/grass_textures
[0.214s] -- Up-to-date: /home/jo-jo/ros2_ws/install/my_robot_bringup/share/my_robot_bringup//models/castle/textures/grass_textures/green_grass_circular.png
[0.214s] -- Up-to-date: /home/jo-jo/ros2_ws/install/my_robot_bringup/share/my_robot_bringup//models/castle/textures/grass_textures/green_grass_seamless.jpg
[0.215s] -- Up-to-date: /home/jo-jo/ros2_ws/install/my_robot_bringup/share/my_robot_bringup//models/castle/textures/wood_textures
[0.215s] -- Up-to-date: /home/jo-jo/ros2_ws/install/my_robot_bringup/share/my_robot_bringup//models/castle/textures/wood_textures/wood_texture_seamless_1x5.jpg
[0.215s] -- Up-to-date: /home/jo-jo/ros2_ws/install/my_robot_bringup/share/my_robot_bringup//models/castle/textures/wood_textures/wood_texture_seamless_1x3.jpg
[0.215s] -- Up-to-date: /home/jo-jo/ros2_ws/install/my_robot_bringup/share/my_robot_bringup//models/castle/textures/wood_textures/wood_texture_seamless_1x10.jpg
[0.215s] -- Up-to-date: /home/jo-jo/ros2_ws/install/my_robot_bringup/share/my_robot_bringup//models/castle/textures/wood_textures/wood_texture_seamless_1x2.jpg
[0.215s] -- Up-to-date: /home/jo-jo/ros2_ws/install/my_robot_bringup/share/my_robot_bringup//models/castle/textures/wood_textures/wood_texture_seamless_1x1.jpg
[0.215s] -- Up-to-date: /home/jo-jo/ros2_ws/install/my_robot_bringup/share/my_robot_bringup//models/castle/textures/stone_textures
[0.215s] -- Up-to-date: /home/jo-jo/ros2_ws/install/my_robot_bringup/share/my_robot_bringup//models/castle/textures/stone_textures/stone_wall_seamless_4x1.jpg
[0.215s] -- Up-to-date: /home/jo-jo/ros2_ws/install/my_robot_bringup/share/my_robot_bringup//models/castle/textures/stone_textures/stone_wall_seamless_2x1.jpg
[0.215s] -- Up-to-date: /home/jo-jo/ros2_ws/install/my_robot_bringup/share/my_robot_bringup//models/castle/textures/stone_textures/stone_wall_seamless_1x2.jpg
[0.215s] -- Up-to-date: /home/jo-jo/ros2_ws/install/my_robot_bringup/share/my_robot_bringup//models/castle/textures/stone_textures/stone_wall_seamless_1x1.jpg
[0.215s] -- Up-to-date: /home/jo-jo/ros2_ws/install/my_robot_bringup/share/my_robot_bringup//models/castle/textures/stone_textures/stone_wall_seamless_1x3.jpg
[0.216s] -- Up-to-date: /home/jo-jo/ros2_ws/install/my_robot_bringup/share/my_robot_bringup//models/castle/textures/misc_textures
[0.218s] -- Up-to-date: /home/jo-jo/ros2_ws/install/my_robot_bringup/share/my_robot_bringup//models/castle/textures/misc_textures/lava_2.jpeg
[0.218s] -- Up-to-date: /home/jo-jo/ros2_ws/install/my_robot_bringup/share/my_robot_bringup//models/castle/textures/misc_textures/lava_5.jpeg
[0.218s] -- Up-to-date: /home/jo-jo/ros2_ws/install/my_robot_bringup/share/my_robot_bringup//models/castle/textures/misc_textures/lava_4.jpeg
[0.218s] -- Up-to-date: /home/jo-jo/ros2_ws/install/my_robot_bringup/share/my_robot_bringup//models/castle/textures/misc_textures/lava_3.jpeg
[0.218s] -- Up-to-date: /home/jo-jo/ros2_ws/install/my_robot_bringup/share/my_robot_bringup//models/castle/textures/misc_textures/lava.jpeg
[0.218s] -- Up-to-date: /home/jo-jo/ros2_ws/install/my_robot_bringup/share/my_robot_bringup//models/castle/textures/soil_textures
[0.218s] -- Up-to-date: /home/jo-jo/ros2_ws/install/my_robot_bringup/share/my_robot_bringup//models/castle/textures/soil_textures/soil_seamless_1.jpg
[0.218s] -- Up-to-date: /home/jo-jo/ros2_ws/install/my_robot_bringup/share/my_robot_bringup//models/castle/textures/soil_textures/dirt.jpeg
[0.218s] -- Up-to-date: /home/jo-jo/ros2_ws/install/my_robot_bringup/share/my_robot_bringup//models/castle/model.sdf
[0.218s] -- Up-to-date: /home/jo-jo/ros2_ws/install/my_robot_bringup/share/my_robot_bringup//models/collapsed_house
[0.219s] -- Up-to-date: /home/jo-jo/ros2_ws/install/my_robot_bringup/share/my_robot_bringup//models/collapsed_house/meshes
[0.219s] -- Up-to-date: /home/jo-jo/ros2_ws/install/my_robot_bringup/share/my_robot_bringup//models/collapsed_house/meshes/collapsed_house.dae
[0.219s] -- Up-to-date: /home/jo-jo/ros2_ws/install/my_robot_bringup/share/my_robot_bringup//models/collapsed_house/model.sdf
[0.219s] -- Up-to-date: /home/jo-jo/ros2_ws/install/my_robot_bringup/share/my_robot_bringup//models/collapsed_house/thumbnails
[0.219s] -- Up-to-date: /home/jo-jo/ros2_ws/install/my_robot_bringup/share/my_robot_bringup//models/collapsed_house/thumbnails/2.png
[0.219s] -- Up-to-date: /home/jo-jo/ros2_ws/install/my_robot_bringup/share/my_robot_bringup//models/collapsed_house/thumbnails/3.png
[0.219s] -- Up-to-date: /home/jo-jo/ros2_ws/install/my_robot_bringup/share/my_robot_bringup//models/collapsed_house/thumbnails/4.png
[0.219s] -- Up-to-date: /home/jo-jo/ros2_ws/install/my_robot_bringup/share/my_robot_bringup//models/collapsed_house/thumbnails/5.png
[0.219s] -- Up-to-date: /home/jo-jo/ros2_ws/install/my_robot_bringup/share/my_robot_bringup//models/collapsed_house/thumbnails/1.png
[0.219s] -- Up-to-date: /home/jo-jo/ros2_ws/install/my_robot_bringup/share/my_robot_bringup//models/collapsed_house/metadata.pbtxt
[0.219s] -- Up-to-date: /home/jo-jo/ros2_ws/install/my_robot_bringup/share/my_robot_bringup//models/collapsed_house/materials
[0.220s] -- Up-to-date: /home/jo-jo/ros2_ws/install/my_robot_bringup/share/my_robot_bringup//models/collapsed_house/materials/textures
[0.220s] -- Up-to-date: /home/jo-jo/ros2_ws/install/my_robot_bringup/share/my_robot_bringup//models/collapsed_house/materials/textures/collapsed_house_diffuse.jpg
[0.220s] -- Up-to-date: /home/jo-jo/ros2_ws/install/my_robot_bringup/share/my_robot_bringup//models/collapsed_house/materials/textures/collapsed_house_spec.jpg
[0.220s] -- Up-to-date: /home/jo-jo/ros2_ws/install/my_robot_bringup/share/my_robot_bringup//models/collapsed_house/model.config
[0.220s] -- Up-to-date: /home/jo-jo/ros2_ws/install/my_robot_bringup/share/my_robot_bringup//models/collapsed_police_station
[0.220s] -- Up-to-date: /home/jo-jo/ros2_ws/install/my_robot_bringup/share/my_robot_bringup//models/collapsed_police_station/meshes
[0.220s] -- Up-to-date: /home/jo-jo/ros2_ws/install/my_robot_bringup/share/my_robot_bringup//models/collapsed_police_station/meshes/collapsed_police_station.dae
[0.220s] -- Up-to-date: /home/jo-jo/ros2_ws/install/my_robot_bringup/share/my_robot_bringup//models/collapsed_police_station/model.sdf
[0.221s] -- Up-to-date: /home/jo-jo/ros2_ws/install/my_robot_bringup/share/my_robot_bringup//models/collapsed_police_station/thumbnails
[0.221s] -- Up-to-date: /home/jo-jo/ros2_ws/install/my_robot_bringup/share/my_robot_bringup//models/collapsed_police_station/thumbnails/2.png
[0.221s] -- Up-to-date: /home/jo-jo/ros2_ws/install/my_robot_bringup/share/my_robot_bringup//models/collapsed_police_station/thumbnails/3.png
[0.221s] -- Up-to-date: /home/jo-jo/ros2_ws/install/my_robot_bringup/share/my_robot_bringup//models/collapsed_police_station/thumbnails/4.png
[0.221s] -- Up-to-date: /home/jo-jo/ros2_ws/install/my_robot_bringup/share/my_robot_bringup//models/collapsed_police_station/thumbnails/5.png
[0.222s] -- Up-to-date: /home/jo-jo/ros2_ws/install/my_robot_bringup/share/my_robot_bringup//models/collapsed_police_station/thumbnails/1.png
[0.222s] -- Up-to-date: /home/jo-jo/ros2_ws/install/my_robot_bringup/share/my_robot_bringup//models/collapsed_police_station/materials
[0.222s] -- Up-to-date: /home/jo-jo/ros2_ws/install/my_robot_bringup/share/my_robot_bringup//models/collapsed_police_station/materials/textures
[0.222s] -- Up-to-date: /home/jo-jo/ros2_ws/install/my_robot_bringup/share/my_robot_bringup//models/collapsed_police_station/materials/textures/collapsed_police_station_spec.jpg
[0.222s] -- Up-to-date: /home/jo-jo/ros2_ws/install/my_robot_bringup/share/my_robot_bringup//models/collapsed_police_station/materials/textures/rubble_diffuse.jpg
[0.222s] -- Up-to-date: /home/jo-jo/ros2_ws/install/my_robot_bringup/share/my_robot_bringup//models/collapsed_police_station/materials/textures/rough_concrete_diffuse.jpg
[0.222s] -- Up-to-date: /home/jo-jo/ros2_ws/install/my_robot_bringup/share/my_robot_bringup//models/collapsed_police_station/materials/textures/rubble_spec.jpg
[0.222s] -- Up-to-date: /home/jo-jo/ros2_ws/install/my_robot_bringup/share/my_robot_bringup//models/collapsed_police_station/materials/textures/collapsed_police_station_diffuse.jpg
[0.222s] -- Up-to-date: /home/jo-jo/ros2_ws/install/my_robot_bringup/share/my_robot_bringup//models/collapsed_police_station/materials/textures/rough_concrete_spec.jpg
[0.222s] -- Up-to-date: /home/jo-jo/ros2_ws/install/my_robot_bringup/share/my_robot_bringup//models/collapsed_police_station/model.config
[0.222s] -- Up-to-date: /home/jo-jo/ros2_ws/install/my_robot_bringup/share/my_robot_bringup//models/textures
[0.222s] -- Up-to-date: /home/jo-jo/ros2_ws/install/my_robot_bringup/share/my_robot_bringup//models/textures/grass_textures
[0.222s] -- Up-to-date: /home/jo-jo/ros2_ws/install/my_robot_bringup/share/my_robot_bringup//models/textures/grass_textures/green_grass_circular.png
[0.223s] -- Up-to-date: /home/jo-jo/ros2_ws/install/my_robot_bringup/share/my_robot_bringup//models/textures/grass_textures/green_grass_seamless.jpg
[0.223s] -- Up-to-date: /home/jo-jo/ros2_ws/install/my_robot_bringup/share/my_robot_bringup//models/textures/grass_textures/green_grass_seamless_8x9.png
[0.223s] -- Up-to-date: /home/jo-jo/ros2_ws/install/my_robot_bringup/share/my_robot_bringup//models/textures/wood_textures
[0.223s] -- Up-to-date: /home/jo-jo/ros2_ws/install/my_robot_bringup/share/my_robot_bringup//models/textures/wood_textures/wood_texture_seamless_1x5.jpg
[0.223s] -- Up-to-date: /home/jo-jo/ros2_ws/install/my_robot_bringup/share/my_robot_bringup//models/textures/wood_textures/bark.jpeg
[0.223s] -- Up-to-date: /home/jo-jo/ros2_ws/install/my_robot_bringup/share/my_robot_bringup//models/textures/wood_textures/wood_texture_seamless_1x3.jpg
[0.223s] -- Up-to-date: /home/jo-jo/ros2_ws/install/my_robot_bringup/share/my_robot_bringup//models/textures/wood_textures/wood_texture_seamless_1x10.jpg
[0.223s] -- Up-to-date: /home/jo-jo/ros2_ws/install/my_robot_bringup/share/my_robot_bringup//models/textures/wood_textures/custom_wood_texture.png
[0.223s] -- Up-to-date: /home/jo-jo/ros2_ws/install/my_robot_bringup/share/my_robot_bringup//models/textures/wood_textures/wood_texture_seamless_1x2.jpg
[0.223s] -- Up-to-date: /home/jo-jo/ros2_ws/install/my_robot_bringup/share/my_robot_bringup//models/textures/wood_textures/custom_wood_texture.jpg
[0.223s] -- Up-to-date: /home/jo-jo/ros2_ws/install/my_robot_bringup/share/my_robot_bringup//models/textures/wood_textures/wood_texture_seamless_1x1.jpg
[0.223s] -- Up-to-date: /home/jo-jo/ros2_ws/install/my_robot_bringup/share/my_robot_bringup//models/textures/stone_textures
[0.224s] -- Up-to-date: /home/jo-jo/ros2_ws/install/my_robot_bringup/share/my_robot_bringup//models/textures/stone_textures/stone_wall_seamless_4x1.jpg
[0.224s] -- Up-to-date: /home/jo-jo/ros2_ws/install/my_robot_bringup/share/my_robot_bringup//models/textures/stone_textures/stone_wall_seamless_2x1.jpg
[0.224s] -- Up-to-date: /home/jo-jo/ros2_ws/install/my_robot_bringup/share/my_robot_bringup//models/textures/stone_textures/stone_wall_seamless_1x2.jpg
[0.224s] -- Up-to-date: /home/jo-jo/ros2_ws/install/my_robot_bringup/share/my_robot_bringup//models/textures/stone_textures/stone_wall_seamless_1x1.jpg
[0.224s] -- Up-to-date: /home/jo-jo/ros2_ws/install/my_robot_bringup/share/my_robot_bringup//models/textures/stone_textures/stone_wall_seamless_1x3.jpg
[0.224s] -- Up-to-date: /home/jo-jo/ros2_ws/install/my_robot_bringup/share/my_robot_bringup//models/textures/misc_textures
[0.224s] -- Up-to-date: /home/jo-jo/ros2_ws/install/my_robot_bringup/share/my_robot_bringup//models/textures/misc_textures/bright_green_leaves_small.jpg
[0.224s] -- Up-to-date: /home/jo-jo/ros2_ws/install/my_robot_bringup/share/my_robot_bringup//models/textures/misc_textures/lava_2.jpeg
[0.224s] -- Up-to-date: /home/jo-jo/ros2_ws/install/my_robot_bringup/share/my_robot_bringup//models/textures/misc_textures/lava_5.jpeg
[0.224s] -- Up-to-date: /home/jo-jo/ros2_ws/install/my_robot_bringup/share/my_robot_bringup//models/textures/misc_textures/lava_4.jpeg
[0.224s] -- Up-to-date: /home/jo-jo/ros2_ws/install/my_robot_bringup/share/my_robot_bringup//models/textures/misc_textures/lava_3.jpeg
[0.224s] -- Up-to-date: /home/jo-jo/ros2_ws/install/my_robot_bringup/share/my_robot_bringup//models/textures/misc_textures/lava.jpeg
[0.224s] -- Up-to-date: /home/jo-jo/ros2_ws/install/my_robot_bringup/share/my_robot_bringup//models/textures/soil_textures
[0.225s] -- Up-to-date: /home/jo-jo/ros2_ws/install/my_robot_bringup/share/my_robot_bringup//models/textures/soil_textures/soil_seamless_1.jpg
[0.225s] -- Up-to-date: /home/jo-jo/ros2_ws/install/my_robot_bringup/share/my_robot_bringup//models/textures/soil_textures/dirt.jpeg
[0.225s] -- Up-to-date: /home/jo-jo/ros2_ws/install/my_robot_bringup/share/my_robot_bringup//models/Vessel_E
[0.225s] -- Up-to-date: /home/jo-jo/ros2_ws/install/my_robot_bringup/share/my_robot_bringup//models/Vessel_E/meshes
[0.225s] -- Up-to-date: /home/jo-jo/ros2_ws/install/my_robot_bringup/share/my_robot_bringup//models/Vessel_E/meshes/Boat05.dae
[0.225s] -- Up-to-date: /home/jo-jo/ros2_ws/install/my_robot_bringup/share/my_robot_bringup//models/Vessel_E/model.sdf
[0.225s] -- Up-to-date: /home/jo-jo/ros2_ws/install/my_robot_bringup/share/my_robot_bringup//models/Vessel_E/thumbnails
[0.225s] -- Up-to-date: /home/jo-jo/ros2_ws/install/my_robot_bringup/share/my_robot_bringup//models/Vessel_E/thumbnails/1.png
[0.225s] -- Up-to-date: /home/jo-jo/ros2_ws/install/my_robot_bringup/share/my_robot_bringup//models/Vessel_E/materials
[0.225s] -- Up-to-date: /home/jo-jo/ros2_ws/install/my_robot_bringup/share/my_robot_bringup//models/Vessel_E/materials/textures
[0.225s] -- Up-to-date: /home/jo-jo/ros2_ws/install/my_robot_bringup/share/my_robot_bringup//models/Vessel_E/materials/textures/Boat05_Normal.png
[0.225s] -- Up-to-date: /home/jo-jo/ros2_ws/install/my_robot_bringup/share/my_robot_bringup//models/Vessel_E/materials/textures/Boat05_Albedo.jpg
[0.225s] -- Up-to-date: /home/jo-jo/ros2_ws/install/my_robot_bringup/share/my_robot_bringup//models/Vessel_E/materials/textures/Boat05_Metalness.png
[0.226s] -- Up-to-date: /home/jo-jo/ros2_ws/install/my_robot_bringup/share/my_robot_bringup//models/Vessel_E/materials/textures/Boat05_Roughness.jpg
[0.226s] -- Up-to-date: /home/jo-jo/ros2_ws/install/my_robot_bringup/share/my_robot_bringup//models/Vessel_E/model.config
[0.226s] -- Up-to-date: /home/jo-jo/ros2_ws/install/my_robot_bringup/share/my_robot_bringup//models/Animal_Planet_Foam_2Headed_Dragon
[0.226s] -- Up-to-date: /home/jo-jo/ros2_ws/install/my_robot_bringup/share/my_robot_bringup//models/Animal_Planet_Foam_2Headed_Dragon/meshes
[0.226s] -- Up-to-date: /home/jo-jo/ros2_ws/install/my_robot_bringup/share/my_robot_bringup//models/Animal_Planet_Foam_2Headed_Dragon/meshes/model.mtl
[0.226s] -- Up-to-date: /home/jo-jo/ros2_ws/install/my_robot_bringup/share/my_robot_bringup//models/Animal_Planet_Foam_2Headed_Dragon/meshes/model.obj
[0.226s] -- Up-to-date: /home/jo-jo/ros2_ws/install/my_robot_bringup/share/my_robot_bringup//models/Animal_Planet_Foam_2Headed_Dragon/model.sdf
[0.226s] -- Up-to-date: /home/jo-jo/ros2_ws/install/my_robot_bringup/share/my_robot_bringup//models/Animal_Planet_Foam_2Headed_Dragon/thumbnails
[0.226s] -- Up-to-date: /home/jo-jo/ros2_ws/install/my_robot_bringup/share/my_robot_bringup//models/Animal_Planet_Foam_2Headed_Dragon/thumbnails/4.jpg
[0.226s] -- Up-to-date: /home/jo-jo/ros2_ws/install/my_robot_bringup/share/my_robot_bringup//models/Animal_Planet_Foam_2Headed_Dragon/thumbnails/0.jpg
[0.226s] -- Up-to-date: /home/jo-jo/ros2_ws/install/my_robot_bringup/share/my_robot_bringup//models/Animal_Planet_Foam_2Headed_Dragon/thumbnails/2.jpg
[0.226s] -- Up-to-date: /home/jo-jo/ros2_ws/install/my_robot_bringup/share/my_robot_bringup//models/Animal_Planet_Foam_2Headed_Dragon/thumbnails/1.jpg
[0.226s] -- Up-to-date: /home/jo-jo/ros2_ws/install/my_robot_bringup/share/my_robot_bringup//models/Animal_Planet_Foam_2Headed_Dragon/thumbnails/3.jpg
[0.226s] -- Up-to-date: /home/jo-jo/ros2_ws/install/my_robot_bringup/share/my_robot_bringup//models/Animal_Planet_Foam_2Headed_Dragon/metadata.pbtxt
[0.227s] -- Up-to-date: /home/jo-jo/ros2_ws/install/my_robot_bringup/share/my_robot_bringup//models/Animal_Planet_Foam_2Headed_Dragon/materials
[0.227s] -- Up-to-date: /home/jo-jo/ros2_ws/install/my_robot_bringup/share/my_robot_bringup//models/Animal_Planet_Foam_2Headed_Dragon/materials/textures
[0.227s] -- Up-to-date: /home/jo-jo/ros2_ws/install/my_robot_bringup/share/my_robot_bringup//models/Animal_Planet_Foam_2Headed_Dragon/materials/textures/dragon_texture.png
[0.227s] -- Up-to-date: /home/jo-jo/ros2_ws/install/my_robot_bringup/share/my_robot_bringup//models/Animal_Planet_Foam_2Headed_Dragon/model.config
[0.227s] -- Up-to-date: /home/jo-jo/ros2_ws/install/my_robot_bringup/share/my_robot_bringup//models/Weisshai_Great_White_Shark
[0.227s] -- Up-to-date: /home/jo-jo/ros2_ws/install/my_robot_bringup/share/my_robot_bringup//models/Weisshai_Great_White_Shark/meshes
[0.227s] -- Up-to-date: /home/jo-jo/ros2_ws/install/my_robot_bringup/share/my_robot_bringup//models/Weisshai_Great_White_Shark/meshes/model.mtl
[0.227s] -- Up-to-date: /home/jo-jo/ros2_ws/install/my_robot_bringup/share/my_robot_bringup//models/Weisshai_Great_White_Shark/meshes/model.obj
[0.227s] -- Up-to-date: /home/jo-jo/ros2_ws/install/my_robot_bringup/share/my_robot_bringup//models/Weisshai_Great_White_Shark/model.sdf
[0.227s] -- Up-to-date: /home/jo-jo/ros2_ws/install/my_robot_bringup/share/my_robot_bringup//models/Weisshai_Great_White_Shark/thumbnails
[0.227s] -- Up-to-date: /home/jo-jo/ros2_ws/install/my_robot_bringup/share/my_robot_bringup//models/Weisshai_Great_White_Shark/thumbnails/4.jpg
[0.227s] -- Up-to-date: /home/jo-jo/ros2_ws/install/my_robot_bringup/share/my_robot_bringup//models/Weisshai_Great_White_Shark/thumbnails/0.jpg
[0.228s] -- Up-to-date: /home/jo-jo/ros2_ws/install/my_robot_bringup/share/my_robot_bringup//models/Weisshai_Great_White_Shark/thumbnails/2.jpg
[0.228s] -- Up-to-date: /home/jo-jo/ros2_ws/install/my_robot_bringup/share/my_robot_bringup//models/Weisshai_Great_White_Shark/thumbnails/1.jpg
[0.228s] -- Up-to-date: /home/jo-jo/ros2_ws/install/my_robot_bringup/share/my_robot_bringup//models/Weisshai_Great_White_Shark/thumbnails/3.jpg
[0.228s] -- Up-to-date: /home/jo-jo/ros2_ws/install/my_robot_bringup/share/my_robot_bringup//models/Weisshai_Great_White_Shark/metadata.pbtxt
[0.228s] -- Up-to-date: /home/jo-jo/ros2_ws/install/my_robot_bringup/share/my_robot_bringup//models/Weisshai_Great_White_Shark/materials
[0.228s] -- Up-to-date: /home/jo-jo/ros2_ws/install/my_robot_bringup/share/my_robot_bringup//models/Weisshai_Great_White_Shark/materials/textures
[0.228s] -- Up-to-date: /home/jo-jo/ros2_ws/install/my_robot_bringup/share/my_robot_bringup//models/Weisshai_Great_White_Shark/materials/textures/shark_texture.png
[0.228s] -- Up-to-date: /home/jo-jo/ros2_ws/install/my_robot_bringup/share/my_robot_bringup//models/Weisshai_Great_White_Shark/model.config
[0.228s] -- Up-to-date: /home/jo-jo/ros2_ws/install/my_robot_bringup/share/my_robot_bringup//models/Transformers_Age_of_Extinction_Stomp_and_Chomp_Grimlock_Figure
[0.228s] -- Up-to-date: /home/jo-jo/ros2_ws/install/my_robot_bringup/share/my_robot_bringup//models/Transformers_Age_of_Extinction_Stomp_and_Chomp_Grimlock_Figure/meshes
[0.228s] -- Up-to-date: /home/jo-jo/ros2_ws/install/my_robot_bringup/share/my_robot_bringup//models/Transformers_Age_of_Extinction_Stomp_and_Chomp_Grimlock_Figure/meshes/model.mtl
[0.228s] -- Up-to-date: /home/jo-jo/ros2_ws/install/my_robot_bringup/share/my_robot_bringup//models/Transformers_Age_of_Extinction_Stomp_and_Chomp_Grimlock_Figure/meshes/model.obj
[0.228s] -- Up-to-date: /home/jo-jo/ros2_ws/install/my_robot_bringup/share/my_robot_bringup//models/Transformers_Age_of_Extinction_Stomp_and_Chomp_Grimlock_Figure/model.sdf
[0.229s] -- Up-to-date: /home/jo-jo/ros2_ws/install/my_robot_bringup/share/my_robot_bringup//models/Transformers_Age_of_Extinction_Stomp_and_Chomp_Grimlock_Figure/thumbnails
[0.229s] -- Up-to-date: /home/jo-jo/ros2_ws/install/my_robot_bringup/share/my_robot_bringup//models/Transformers_Age_of_Extinction_Stomp_and_Chomp_Grimlock_Figure/thumbnails/4.jpg
[0.229s] -- Up-to-date: /home/jo-jo/ros2_ws/install/my_robot_bringup/share/my_robot_bringup//models/Transformers_Age_of_Extinction_Stomp_and_Chomp_Grimlock_Figure/thumbnails/0.jpg
[0.229s] -- Up-to-date: /home/jo-jo/ros2_ws/install/my_robot_bringup/share/my_robot_bringup//models/Transformers_Age_of_Extinction_Stomp_and_Chomp_Grimlock_Figure/thumbnails/2.jpg
[0.229s] -- Up-to-date: /home/jo-jo/ros2_ws/install/my_robot_bringup/share/my_robot_bringup//models/Transformers_Age_of_Extinction_Stomp_and_Chomp_Grimlock_Figure/thumbnails/1.jpg
[0.229s] -- Up-to-date: /home/jo-jo/ros2_ws/install/my_robot_bringup/share/my_robot_bringup//models/Transformers_Age_of_Extinction_Stomp_and_Chomp_Grimlock_Figure/thumbnails/3.jpg
[0.229s] -- Up-to-date: /home/jo-jo/ros2_ws/install/my_robot_bringup/share/my_robot_bringup//models/Transformers_Age_of_Extinction_Stomp_and_Chomp_Grimlock_Figure/metadata.pbtxt
[0.229s] -- Up-to-date: /home/jo-jo/ros2_ws/install/my_robot_bringup/share/my_robot_bringup//models/Transformers_Age_of_Extinction_Stomp_and_Chomp_Grimlock_Figure/materials
[0.229s] -- Up-to-date: /home/jo-jo/ros2_ws/install/my_robot_bringup/share/my_robot_bringup//models/Transformers_Age_of_Extinction_Stomp_and_Chomp_Grimlock_Figure/materials/textures
[0.229s] -- Up-to-date: /home/jo-jo/ros2_ws/install/my_robot_bringup/share/my_robot_bringup//models/Transformers_Age_of_Extinction_Stomp_and_Chomp_Grimlock_Figure/materials/textures/dinobot_texture.png
[0.229s] -- Up-to-date: /home/jo-jo/ros2_ws/install/my_robot_bringup/share/my_robot_bringup//models/Transformers_Age_of_Extinction_Stomp_and_Chomp_Grimlock_Figure/model.config
[0.229s] -- Up-to-date: /home/jo-jo/ros2_ws/install/my_robot_bringup/share/my_robot_bringup//models/water_tower
[0.229s] -- Up-to-date: /home/jo-jo/ros2_ws/install/my_robot_bringup/share/my_robot_bringup//models/water_tower/meshes
[0.229s] -- Up-to-date: /home/jo-jo/ros2_ws/install/my_robot_bringup/share/my_robot_bringup//models/water_tower/meshes/water_tower.dae
[0.230s] -- Up-to-date: /home/jo-jo/ros2_ws/install/my_robot_bringup/share/my_robot_bringup//models/water_tower/model.sdf
[0.230s] -- Up-to-date: /home/jo-jo/ros2_ws/install/my_robot_bringup/share/my_robot_bringup//models/water_tower/thumbnails
[0.230s] -- Up-to-date: /home/jo-jo/ros2_ws/install/my_robot_bringup/share/my_robot_bringup//models/water_tower/thumbnails/2.png
[0.230s] -- Up-to-date: /home/jo-jo/ros2_ws/install/my_robot_bringup/share/my_robot_bringup//models/water_tower/thumbnails/3.png
[0.230s] -- Up-to-date: /home/jo-jo/ros2_ws/install/my_robot_bringup/share/my_robot_bringup//models/water_tower/thumbnails/4.png
[0.230s] -- Up-to-date: /home/jo-jo/ros2_ws/install/my_robot_bringup/share/my_robot_bringup//models/water_tower/thumbnails/5.png
[0.230s] -- Up-to-date: /home/jo-jo/ros2_ws/install/my_robot_bringup/share/my_robot_bringup//models/water_tower/thumbnails/1.png
[0.230s] -- Up-to-date: /home/jo-jo/ros2_ws/install/my_robot_bringup/share/my_robot_bringup//models/water_tower/materials
[0.230s] -- Up-to-date: /home/jo-jo/ros2_ws/install/my_robot_bringup/share/my_robot_bringup//models/water_tower/materials/textures
[0.230s] -- Up-to-date: /home/jo-jo/ros2_ws/install/my_robot_bringup/share/my_robot_bringup//models/water_tower/materials/textures/water_tower_spec.jpg
[0.230s] -- Up-to-date: /home/jo-jo/ros2_ws/install/my_robot_bringup/share/my_robot_bringup//models/water_tower/materials/textures/water_tower_diffuse.jpg
[0.230s] -- Up-to-date: /home/jo-jo/ros2_ws/install/my_robot_bringup/share/my_robot_bringup//models/water_tower/model.config
[0.230s] -- Up-to-date: /home/jo-jo/ros2_ws/install/my_robot_bringup/share/my_robot_bringup//models/Schleich_Bald_Eagle
[0.231s] -- Up-to-date: /home/jo-jo/ros2_ws/install/my_robot_bringup/share/my_robot_bringup//models/Schleich_Bald_Eagle/meshes
[0.231s] -- Up-to-date: /home/jo-jo/ros2_ws/install/my_robot_bringup/share/my_robot_bringup//models/Schleich_Bald_Eagle/meshes/model.mtl
[0.231s] -- Up-to-date: /home/jo-jo/ros2_ws/install/my_robot_bringup/share/my_robot_bringup//models/Schleich_Bald_Eagle/meshes/model.obj
[0.231s] -- Up-to-date: /home/jo-jo/ros2_ws/install/my_robot_bringup/share/my_robot_bringup//models/Schleich_Bald_Eagle/model.sdf
[0.231s] -- Up-to-date: /home/jo-jo/ros2_ws/install/my_robot_bringup/share/my_robot_bringup//models/Schleich_Bald_Eagle/thumbnails
[0.231s] -- Up-to-date: /home/jo-jo/ros2_ws/install/my_robot_bringup/share/my_robot_bringup//models/Schleich_Bald_Eagle/thumbnails/4.jpg
[0.231s] -- Up-to-date: /home/jo-jo/ros2_ws/install/my_robot_bringup/share/my_robot_bringup//models/Schleich_Bald_Eagle/thumbnails/0.jpg
[0.231s] -- Up-to-date: /home/jo-jo/ros2_ws/install/my_robot_bringup/share/my_robot_bringup//models/Schleich_Bald_Eagle/thumbnails/2.jpg
[0.231s] -- Up-to-date: /home/jo-jo/ros2_ws/install/my_robot_bringup/share/my_robot_bringup//models/Schleich_Bald_Eagle/thumbnails/1.jpg
[0.231s] -- Up-to-date: /home/jo-jo/ros2_ws/install/my_robot_bringup/share/my_robot_bringup//models/Schleich_Bald_Eagle/thumbnails/3.jpg
[0.231s] -- Up-to-date: /home/jo-jo/ros2_ws/install/my_robot_bringup/share/my_robot_bringup//models/Schleich_Bald_Eagle/metadata.pbtxt
[0.232s] -- Up-to-date: /home/jo-jo/ros2_ws/install/my_robot_bringup/share/my_robot_bringup//models/Schleich_Bald_Eagle/materials
[0.232s] -- Up-to-date: /home/jo-jo/ros2_ws/install/my_robot_bringup/share/my_robot_bringup//models/Schleich_Bald_Eagle/materials/textures
[0.232s] -- Up-to-date: /home/jo-jo/ros2_ws/install/my_robot_bringup/share/my_robot_bringup//models/Schleich_Bald_Eagle/materials/textures/eagle_texture.png
[0.232s] -- Up-to-date: /home/jo-jo/ros2_ws/install/my_robot_bringup/share/my_robot_bringup//models/Schleich_Bald_Eagle/model.config
[0.232s] -- Up-to-date: /home/jo-jo/ros2_ws/install/my_robot_bringup/share/my_robot_bringup//models/coast_waves_2
[0.232s] -- Up-to-date: /home/jo-jo/ros2_ws/install/my_robot_bringup/share/my_robot_bringup//models/coast_waves_2/meshes
[0.232s] -- Up-to-date: /home/jo-jo/ros2_ws/install/my_robot_bringup/share/my_robot_bringup//models/coast_waves_2/meshes/waterlow.dae
[0.232s] -- Up-to-date: /home/jo-jo/ros2_ws/install/my_robot_bringup/share/my_robot_bringup//models/coast_waves_2/model.sdf
[0.232s] -- Up-to-date: /home/jo-jo/ros2_ws/install/my_robot_bringup/share/my_robot_bringup//models/coast_waves_2/thumbnails
[0.232s] -- Up-to-date: /home/jo-jo/ros2_ws/install/my_robot_bringup/share/my_robot_bringup//models/coast_waves_2/thumbnails/1.png
[0.232s] -- Up-to-date: /home/jo-jo/ros2_ws/install/my_robot_bringup/share/my_robot_bringup//models/coast_waves_2/materials
[0.232s] -- Up-to-date: /home/jo-jo/ros2_ws/install/my_robot_bringup/share/my_robot_bringup//models/coast_waves_2/materials/programs
[0.232s] -- Up-to-date: /home/jo-jo/ros2_ws/install/my_robot_bringup/share/my_robot_bringup//models/coast_waves_2/materials/programs/GerstnerWaves_vs.metal
[0.233s] -- Up-to-date: /home/jo-jo/ros2_ws/install/my_robot_bringup/share/my_robot_bringup//models/coast_waves_2/materials/programs/GerstnerWaves_fs.metal
[0.233s] -- Up-to-date: /home/jo-jo/ros2_ws/install/my_robot_bringup/share/my_robot_bringup//models/coast_waves_2/materials/programs/GerstnerWaves_fs_330.glsl
[0.233s] -- Up-to-date: /home/jo-jo/ros2_ws/install/my_robot_bringup/share/my_robot_bringup//models/coast_waves_2/materials/programs/GerstnerWaves_vs_330.glsl
[0.233s] -- Up-to-date: /home/jo-jo/ros2_ws/install/my_robot_bringup/share/my_robot_bringup//models/coast_waves_2/materials/textures
[0.233s] -- Up-to-date: /home/jo-jo/ros2_ws/install/my_robot_bringup/share/my_robot_bringup//models/coast_waves_2/materials/textures/wave_normals.dds
[0.233s] -- Up-to-date: /home/jo-jo/ros2_ws/install/my_robot_bringup/share/my_robot_bringup//models/coast_waves_2/materials/textures/skybox_lowres.dds
[0.233s] -- Up-to-date: /home/jo-jo/ros2_ws/install/my_robot_bringup/share/my_robot_bringup//models/coast_waves_2/model.config
[0.233s] -- Up-to-date: /home/jo-jo/ros2_ws/install/my_robot_bringup/share/my_robot_bringup//models/casual_female
[0.233s] -- Up-to-date: /home/jo-jo/ros2_ws/install/my_robot_bringup/share/my_robot_bringup//models/casual_female/meshes
[0.233s] -- Up-to-date: /home/jo-jo/ros2_ws/install/my_robot_bringup/share/my_robot_bringup//models/casual_female/meshes/casual_female.dae
[0.233s] -- Up-to-date: /home/jo-jo/ros2_ws/install/my_robot_bringup/share/my_robot_bringup//models/casual_female/model.sdf
[0.233s] -- Up-to-date: /home/jo-jo/ros2_ws/install/my_robot_bringup/share/my_robot_bringup//models/casual_female/thumbnails
[0.233s] -- Up-to-date: /home/jo-jo/ros2_ws/install/my_robot_bringup/share/my_robot_bringup//models/casual_female/thumbnails/2.png
[0.234s] -- Up-to-date: /home/jo-jo/ros2_ws/install/my_robot_bringup/share/my_robot_bringup//models/casual_female/thumbnails/3.png
[0.234s] -- Up-to-date: /home/jo-jo/ros2_ws/install/my_robot_bringup/share/my_robot_bringup//models/casual_female/thumbnails/4.png
[0.234s] -- Up-to-date: /home/jo-jo/ros2_ws/install/my_robot_bringup/share/my_robot_bringup//models/casual_female/thumbnails/5.png
[0.234s] -- Up-to-date: /home/jo-jo/ros2_ws/install/my_robot_bringup/share/my_robot_bringup//models/casual_female/thumbnails/1.png
[0.234s] -- Up-to-date: /home/jo-jo/ros2_ws/install/my_robot_bringup/share/my_robot_bringup//models/casual_female/materials
[0.234s] -- Up-to-date: /home/jo-jo/ros2_ws/install/my_robot_bringup/share/my_robot_bringup//models/casual_female/materials/textures
[0.234s] -- Up-to-date: /home/jo-jo/ros2_ws/install/my_robot_bringup/share/my_robot_bringup//models/casual_female/materials/textures/young_lightskinned_female_diffuse.png
[0.234s] -- Up-to-date: /home/jo-jo/ros2_ws/install/my_robot_bringup/share/my_robot_bringup//models/casual_female/materials/textures/ponytail01_diffuse.png
[0.235s] -- Up-to-date: /home/jo-jo/ros2_ws/install/my_robot_bringup/share/my_robot_bringup//models/casual_female/materials/textures/eyelashes01.png
[0.235s] -- Up-to-date: /home/jo-jo/ros2_ws/install/my_robot_bringup/share/my_robot_bringup//models/casual_female/materials/textures/female_casualsuit02_diffuse.png
[0.235s] -- Up-to-date: /home/jo-jo/ros2_ws/install/my_robot_bringup/share/my_robot_bringup//models/casual_female/materials/textures/female_casualsuit01_normal.png
[0.235s] -- Up-to-date: /home/jo-jo/ros2_ws/install/my_robot_bringup/share/my_robot_bringup//models/casual_female/materials/textures/female_casualsuit02_normal.png
[0.235s] -- Up-to-date: /home/jo-jo/ros2_ws/install/my_robot_bringup/share/my_robot_bringup//models/casual_female/materials/textures/tongue01_diffuse.png
[0.235s] -- Up-to-date: /home/jo-jo/ros2_ws/install/my_robot_bringup/share/my_robot_bringup//models/casual_female/materials/textures/eyebrow002.png
[0.235s] -- Up-to-date: /home/jo-jo/ros2_ws/install/my_robot_bringup/share/my_robot_bringup//models/casual_female/materials/textures/female_casualsuit01_diffuse.png
[0.235s] -- Up-to-date: /home/jo-jo/ros2_ws/install/my_robot_bringup/share/my_robot_bringup//models/casual_female/materials/textures/brown_eye.png
[0.235s] -- Up-to-date: /home/jo-jo/ros2_ws/install/my_robot_bringup/share/my_robot_bringup//models/casual_female/materials/textures/casual_female.png
[0.235s] -- Up-to-date: /home/jo-jo/ros2_ws/install/my_robot_bringup/share/my_robot_bringup//models/casual_female/materials/textures/shoes05_diffuse.png
[0.235s] -- Up-to-date: /home/jo-jo/ros2_ws/install/my_robot_bringup/share/my_robot_bringup//models/casual_female/model.config
[0.235s] -- Up-to-date: /home/jo-jo/ros2_ws/install/my_robot_bringup/share/my_robot_bringup//models/collapsed_fire_station
[0.235s] -- Up-to-date: /home/jo-jo/ros2_ws/install/my_robot_bringup/share/my_robot_bringup//models/collapsed_fire_station/meshes
[0.235s] -- Up-to-date: /home/jo-jo/ros2_ws/install/my_robot_bringup/share/my_robot_bringup//models/collapsed_fire_station/meshes/collapsed_fire_station.dae
[0.236s] -- Up-to-date: /home/jo-jo/ros2_ws/install/my_robot_bringup/share/my_robot_bringup//models/collapsed_fire_station/model.sdf
[0.236s] -- Up-to-date: /home/jo-jo/ros2_ws/install/my_robot_bringup/share/my_robot_bringup//models/collapsed_fire_station/thumbnails
[0.237s] -- Up-to-date: /home/jo-jo/ros2_ws/install/my_robot_bringup/share/my_robot_bringup//models/collapsed_fire_station/thumbnails/2.png
[0.237s] -- Up-to-date: /home/jo-jo/ros2_ws/install/my_robot_bringup/share/my_robot_bringup//models/collapsed_fire_station/thumbnails/3.png
[0.237s] -- Up-to-date: /home/jo-jo/ros2_ws/install/my_robot_bringup/share/my_robot_bringup//models/collapsed_fire_station/thumbnails/4.png
[0.237s] -- Up-to-date: /home/jo-jo/ros2_ws/install/my_robot_bringup/share/my_robot_bringup//models/collapsed_fire_station/thumbnails/5.png
[0.237s] -- Up-to-date: /home/jo-jo/ros2_ws/install/my_robot_bringup/share/my_robot_bringup//models/collapsed_fire_station/thumbnails/1.png
[0.237s] -- Up-to-date: /home/jo-jo/ros2_ws/install/my_robot_bringup/share/my_robot_bringup//models/collapsed_fire_station/materials
[0.237s] -- Up-to-date: /home/jo-jo/ros2_ws/install/my_robot_bringup/share/my_robot_bringup//models/collapsed_fire_station/materials/textures
[0.237s] -- Up-to-date: /home/jo-jo/ros2_ws/install/my_robot_bringup/share/my_robot_bringup//models/collapsed_fire_station/materials/textures/collapsed_firestation_spec.jpg
[0.237s] -- Up-to-date: /home/jo-jo/ros2_ws/install/my_robot_bringup/share/my_robot_bringup//models/collapsed_fire_station/materials/textures/collapsed_fire_station_diffuse.jpg
[0.237s] -- Up-to-date: /home/jo-jo/ros2_ws/install/my_robot_bringup/share/my_robot_bringup//models/collapsed_fire_station/materials/textures/rubble_diffuse.jpg
[0.237s] -- Up-to-date: /home/jo-jo/ros2_ws/install/my_robot_bringup/share/my_robot_bringup//models/collapsed_fire_station/materials/textures/rubble_spec.jpg
[0.238s] -- Up-to-date: /home/jo-jo/ros2_ws/install/my_robot_bringup/share/my_robot_bringup//models/collapsed_fire_station/model.config
[0.238s] -- Up-to-date: /home/jo-jo/ros2_ws/install/my_robot_bringup/share/my_robot_bringup//models/Schleich_Therizinosaurus_ln9cruulPqc
[0.238s] -- Up-to-date: /home/jo-jo/ros2_ws/install/my_robot_bringup/share/my_robot_bringup//models/Schleich_Therizinosaurus_ln9cruulPqc/meshes
[0.238s] -- Up-to-date: /home/jo-jo/ros2_ws/install/my_robot_bringup/share/my_robot_bringup//models/Schleich_Therizinosaurus_ln9cruulPqc/meshes/model.mtl
[0.238s] -- Up-to-date: /home/jo-jo/ros2_ws/install/my_robot_bringup/share/my_robot_bringup//models/Schleich_Therizinosaurus_ln9cruulPqc/meshes/model.obj
[0.238s] -- Up-to-date: /home/jo-jo/ros2_ws/install/my_robot_bringup/share/my_robot_bringup//models/Schleich_Therizinosaurus_ln9cruulPqc/model.sdf
[0.238s] -- Up-to-date: /home/jo-jo/ros2_ws/install/my_robot_bringup/share/my_robot_bringup//models/Schleich_Therizinosaurus_ln9cruulPqc/thumbnails
[0.238s] -- Up-to-date: /home/jo-jo/ros2_ws/install/my_robot_bringup/share/my_robot_bringup//models/Schleich_Therizinosaurus_ln9cruulPqc/thumbnails/4.jpg
[0.238s] -- Up-to-date: /home/jo-jo/ros2_ws/install/my_robot_bringup/share/my_robot_bringup//models/Schleich_Therizinosaurus_ln9cruulPqc/thumbnails/0.jpg
[0.238s] -- Up-to-date: /home/jo-jo/ros2_ws/install/my_robot_bringup/share/my_robot_bringup//models/Schleich_Therizinosaurus_ln9cruulPqc/thumbnails/2.jpg
[0.238s] -- Up-to-date: /home/jo-jo/ros2_ws/install/my_robot_bringup/share/my_robot_bringup//models/Schleich_Therizinosaurus_ln9cruulPqc/thumbnails/1.jpg
[0.238s] -- Up-to-date: /home/jo-jo/ros2_ws/install/my_robot_bringup/share/my_robot_bringup//models/Schleich_Therizinosaurus_ln9cruulPqc/thumbnails/3.jpg
[0.239s] -- Up-to-date: /home/jo-jo/ros2_ws/install/my_robot_bringup/share/my_robot_bringup//models/Schleich_Therizinosaurus_ln9cruulPqc/metadata.pbtxt
[0.239s] -- Up-to-date: /home/jo-jo/ros2_ws/install/my_robot_bringup/share/my_robot_bringup//models/Schleich_Therizinosaurus_ln9cruulPqc/materials
[0.239s] -- Up-to-date: /home/jo-jo/ros2_ws/install/my_robot_bringup/share/my_robot_bringup//models/Schleich_Therizinosaurus_ln9cruulPqc/materials/textures
[0.239s] -- Up-to-date: /home/jo-jo/ros2_ws/install/my_robot_bringup/share/my_robot_bringup//models/Schleich_Therizinosaurus_ln9cruulPqc/materials/textures/dino_texture.png
[0.239s] -- Up-to-date: /home/jo-jo/ros2_ws/install/my_robot_bringup/share/my_robot_bringup//models/Schleich_Therizinosaurus_ln9cruulPqc/model.config
[0.239s] -- Up-to-date: /home/jo-jo/ros2_ws/install/my_robot_bringup/share/my_robot_bringup//models/Guardians_of_the_Galaxy_Galactic_Battlers_Rocket_Raccoon_Figure
[0.239s] -- Up-to-date: /home/jo-jo/ros2_ws/install/my_robot_bringup/share/my_robot_bringup//models/Guardians_of_the_Galaxy_Galactic_Battlers_Rocket_Raccoon_Figure/meshes
[0.239s] -- Up-to-date: /home/jo-jo/ros2_ws/install/my_robot_bringup/share/my_robot_bringup//models/Guardians_of_the_Galaxy_Galactic_Battlers_Rocket_Raccoon_Figure/meshes/model.mtl
[0.239s] -- Up-to-date: /home/jo-jo/ros2_ws/install/my_robot_bringup/share/my_robot_bringup//models/Guardians_of_the_Galaxy_Galactic_Battlers_Rocket_Raccoon_Figure/meshes/model.obj
[0.239s] -- Up-to-date: /home/jo-jo/ros2_ws/install/my_robot_bringup/share/my_robot_bringup//models/Guardians_of_the_Galaxy_Galactic_Battlers_Rocket_Raccoon_Figure/model.sdf
[0.239s] -- Up-to-date: /home/jo-jo/ros2_ws/install/my_robot_bringup/share/my_robot_bringup//models/Guardians_of_the_Galaxy_Galactic_Battlers_Rocket_Raccoon_Figure/thumbnails
[0.239s] -- Up-to-date: /home/jo-jo/ros2_ws/install/my_robot_bringup/share/my_robot_bringup//models/Guardians_of_the_Galaxy_Galactic_Battlers_Rocket_Raccoon_Figure/thumbnails/4.jpg
[0.239s] -- Up-to-date: /home/jo-jo/ros2_ws/install/my_robot_bringup/share/my_robot_bringup//models/Guardians_of_the_Galaxy_Galactic_Battlers_Rocket_Raccoon_Figure/thumbnails/0.jpg
[0.239s] -- Up-to-date: /home/jo-jo/ros2_ws/install/my_robot_bringup/share/my_robot_bringup//models/Guardians_of_the_Galaxy_Galactic_Battlers_Rocket_Raccoon_Figure/thumbnails/2.jpg
[0.240s] -- Up-to-date: /home/jo-jo/ros2_ws/install/my_robot_bringup/share/my_robot_bringup//models/Guardians_of_the_Galaxy_Galactic_Battlers_Rocket_Raccoon_Figure/thumbnails/1.jpg
[0.240s] -- Up-to-date: /home/jo-jo/ros2_ws/install/my_robot_bringup/share/my_robot_bringup//models/Guardians_of_the_Galaxy_Galactic_Battlers_Rocket_Raccoon_Figure/thumbnails/3.jpg
[0.240s] -- Up-to-date: /home/jo-jo/ros2_ws/install/my_robot_bringup/share/my_robot_bringup//models/Guardians_of_the_Galaxy_Galactic_Battlers_Rocket_Raccoon_Figure/metadata.pbtxt
[0.240s] -- Up-to-date: /home/jo-jo/ros2_ws/install/my_robot_bringup/share/my_robot_bringup//models/Guardians_of_the_Galaxy_Galactic_Battlers_Rocket_Raccoon_Figure/materials
[0.240s] -- Up-to-date: /home/jo-jo/ros2_ws/install/my_robot_bringup/share/my_robot_bringup//models/Guardians_of_the_Galaxy_Galactic_Battlers_Rocket_Raccoon_Figure/materials/textures
[0.240s] -- Up-to-date: /home/jo-jo/ros2_ws/install/my_robot_bringup/share/my_robot_bringup//models/Guardians_of_the_Galaxy_Galactic_Battlers_Rocket_Raccoon_Figure/materials/textures/texture.png
[0.240s] -- Up-to-date: /home/jo-jo/ros2_ws/install/my_robot_bringup/share/my_robot_bringup//models/Guardians_of_the_Galaxy_Galactic_Battlers_Rocket_Raccoon_Figure/model.config
[0.240s] -- Up-to-date: /home/jo-jo/ros2_ws/install/my_robot_bringup/share/my_robot_bringup//models/water
[0.240s] -- Up-to-date: /home/jo-jo/ros2_ws/install/my_robot_bringup/share/my_robot_bringup//models/water/enclosure.sdf
[0.240s] -- Up-to-date: /home/jo-jo/ros2_ws/install/my_robot_bringup/share/my_robot_bringup//models/water/model.config
[0.240s] -- Up-to-date: /home/jo-jo/ros2_ws/install/my_robot_bringup/share/my_robot_bringup//models/wooden_gazebo
[0.240s] -- Up-to-date: /home/jo-jo/ros2_ws/install/my_robot_bringup/share/my_robot_bringup//models/wooden_gazebo/meshes
[0.241s] -- Up-to-date: /home/jo-jo/ros2_ws/install/my_robot_bringup/share/my_robot_bringup//models/wooden_gazebo/meshes/gazebo.dae
[0.241s] -- Up-to-date: /home/jo-jo/ros2_ws/install/my_robot_bringup/share/my_robot_bringup//models/wooden_gazebo/model.sdf
[0.241s] -- Up-to-date: /home/jo-jo/ros2_ws/install/my_robot_bringup/share/my_robot_bringup//models/wooden_gazebo/thumbnails
[0.241s] -- Up-to-date: /home/jo-jo/ros2_ws/install/my_robot_bringup/share/my_robot_bringup//models/wooden_gazebo/thumbnails/2.png
[0.241s] -- Up-to-date: /home/jo-jo/ros2_ws/install/my_robot_bringup/share/my_robot_bringup//models/wooden_gazebo/thumbnails/3.png
[0.241s] -- Up-to-date: /home/jo-jo/ros2_ws/install/my_robot_bringup/share/my_robot_bringup//models/wooden_gazebo/thumbnails/4.png
[0.241s] -- Up-to-date: /home/jo-jo/ros2_ws/install/my_robot_bringup/share/my_robot_bringup//models/wooden_gazebo/thumbnails/5.png
[0.241s] -- Up-to-date: /home/jo-jo/ros2_ws/install/my_robot_bringup/share/my_robot_bringup//models/wooden_gazebo/thumbnails/1.png
[0.241s] -- Up-to-date: /home/jo-jo/ros2_ws/install/my_robot_bringup/share/my_robot_bringup//models/wooden_gazebo/materials
[0.241s] -- Up-to-date: /home/jo-jo/ros2_ws/install/my_robot_bringup/share/my_robot_bringup//models/wooden_gazebo/materials/textures
[0.241s] -- Up-to-date: /home/jo-jo/ros2_ws/install/my_robot_bringup/share/my_robot_bringup//models/wooden_gazebo/materials/textures/gazebo_diffuse.jpg
[0.241s] -- Up-to-date: /home/jo-jo/ros2_ws/install/my_robot_bringup/share/my_robot_bringup//models/wooden_gazebo/materials/textures/gazebo_spec.jpg
[0.241s] -- Up-to-date: /home/jo-jo/ros2_ws/install/my_robot_bringup/share/my_robot_bringup//models/wooden_gazebo/model.config
[0.241s] -- Up-to-date: /home/jo-jo/ros2_ws/install/my_robot_bringup/share/my_robot_bringup//models/parking_garage
[0.242s] -- Up-to-date: /home/jo-jo/ros2_ws/install/my_robot_bringup/share/my_robot_bringup//models/parking_garage/meshes
[0.242s] -- Up-to-date: /home/jo-jo/ros2_ws/install/my_robot_bringup/share/my_robot_bringup//models/parking_garage/meshes/parking_garage.dae
[0.242s] -- Up-to-date: /home/jo-jo/ros2_ws/install/my_robot_bringup/share/my_robot_bringup//models/parking_garage/model.sdf
[0.242s] -- Up-to-date: /home/jo-jo/ros2_ws/install/my_robot_bringup/share/my_robot_bringup//models/parking_garage/thumbnails
[0.242s] -- Up-to-date: /home/jo-jo/ros2_ws/install/my_robot_bringup/share/my_robot_bringup//models/parking_garage/thumbnails/2.png
[0.242s] -- Up-to-date: /home/jo-jo/ros2_ws/install/my_robot_bringup/share/my_robot_bringup//models/parking_garage/thumbnails/3.png
[0.242s] -- Up-to-date: /home/jo-jo/ros2_ws/install/my_robot_bringup/share/my_robot_bringup//models/parking_garage/thumbnails/4.png
[0.242s] -- Up-to-date: /home/jo-jo/ros2_ws/install/my_robot_bringup/share/my_robot_bringup//models/parking_garage/thumbnails/5.png
[0.242s] -- Up-to-date: /home/jo-jo/ros2_ws/install/my_robot_bringup/share/my_robot_bringup//models/parking_garage/thumbnails/1.png
[0.242s] -- Up-to-date: /home/jo-jo/ros2_ws/install/my_robot_bringup/share/my_robot_bringup//models/parking_garage/materials
[0.242s] -- Up-to-date: /home/jo-jo/ros2_ws/install/my_robot_bringup/share/my_robot_bringup//models/parking_garage/materials/textures
[0.242s] -- Up-to-date: /home/jo-jo/ros2_ws/install/my_robot_bringup/share/my_robot_bringup//models/parking_garage/materials/textures/parking_garage_diffuse.jpg
[0.242s] -- Up-to-date: /home/jo-jo/ros2_ws/install/my_robot_bringup/share/my_robot_bringup//models/parking_garage/materials/textures/parking_garage_spec.jpg
[0.243s] -- Up-to-date: /home/jo-jo/ros2_ws/install/my_robot_bringup/share/my_robot_bringup//models/parking_garage/model.config
[0.243s] -- Up-to-date: /home/jo-jo/ros2_ws/install/my_robot_bringup/share/my_robot_bringup//models/branch_leaves
[0.243s] -- Up-to-date: /home/jo-jo/ros2_ws/install/my_robot_bringup/share/my_robot_bringup//models/branch_leaves/textures
[0.243s] -- Up-to-date: /home/jo-jo/ros2_ws/install/my_robot_bringup/share/my_robot_bringup//models/branch_leaves/textures/bright_green_leaves_small.jpg
[0.243s] -- Up-to-date: /home/jo-jo/ros2_ws/install/my_robot_bringup/share/my_robot_bringup//models/branch_leaves/model.sdf
[0.243s] -- Up-to-date: /home/jo-jo/ros2_ws/install/my_robot_bringup/share/my_robot_bringup//models/piano
[0.243s] -- Up-to-date: /home/jo-jo/ros2_ws/install/my_robot_bringup/share/my_robot_bringup//models/piano/meshes
[0.243s] -- Up-to-date: /home/jo-jo/ros2_ws/install/my_robot_bringup/share/my_robot_bringup//models/piano/meshes/piano.dae
[0.243s] -- Up-to-date: /home/jo-jo/ros2_ws/install/my_robot_bringup/share/my_robot_bringup//models/piano/model.sdf
[0.243s] -- Up-to-date: /home/jo-jo/ros2_ws/install/my_robot_bringup/share/my_robot_bringup//models/piano/thumbnails
[0.243s] -- Up-to-date: /home/jo-jo/ros2_ws/install/my_robot_bringup/share/my_robot_bringup//models/piano/thumbnails/Piano.png
[0.243s] -- Up-to-date: /home/jo-jo/ros2_ws/install/my_robot_bringup/share/my_robot_bringup//models/piano/model.config
[0.243s] -- Up-to-date: /home/jo-jo/ros2_ws/install/my_robot_bringup/share/my_robot_bringup//models/collapsed_industrial_building
[0.244s] -- Up-to-date: /home/jo-jo/ros2_ws/install/my_robot_bringup/share/my_robot_bringup//models/collapsed_industrial_building/meshes
[0.244s] -- Up-to-date: /home/jo-jo/ros2_ws/install/my_robot_bringup/share/my_robot_bringup//models/collapsed_industrial_building/meshes/collapsed_industrial.dae
[0.244s] -- Up-to-date: /home/jo-jo/ros2_ws/install/my_robot_bringup/share/my_robot_bringup//models/collapsed_industrial_building/model.sdf
[0.244s] -- Up-to-date: /home/jo-jo/ros2_ws/install/my_robot_bringup/share/my_robot_bringup//models/collapsed_industrial_building/thumbnails
[0.244s] -- Up-to-date: /home/jo-jo/ros2_ws/install/my_robot_bringup/share/my_robot_bringup//models/collapsed_industrial_building/thumbnails/2.png
[0.244s] -- Up-to-date: /home/jo-jo/ros2_ws/install/my_robot_bringup/share/my_robot_bringup//models/collapsed_industrial_building/thumbnails/3.png
[0.244s] -- Up-to-date: /home/jo-jo/ros2_ws/install/my_robot_bringup/share/my_robot_bringup//models/collapsed_industrial_building/thumbnails/4.png
[0.244s] -- Up-to-date: /home/jo-jo/ros2_ws/install/my_robot_bringup/share/my_robot_bringup//models/collapsed_industrial_building/thumbnails/5.png
[0.244s] -- Up-to-date: /home/jo-jo/ros2_ws/install/my_robot_bringup/share/my_robot_bringup//models/collapsed_industrial_building/thumbnails/1.png
[0.244s] -- Up-to-date: /home/jo-jo/ros2_ws/install/my_robot_bringup/share/my_robot_bringup//models/collapsed_industrial_building/materials
[0.244s] -- Up-to-date: /home/jo-jo/ros2_ws/install/my_robot_bringup/share/my_robot_bringup//models/collapsed_industrial_building/materials/textures
[0.244s] -- Up-to-date: /home/jo-jo/ros2_ws/install/my_robot_bringup/share/my_robot_bringup//models/collapsed_industrial_building/materials/textures/rubble_diffuse.jpg
[0.244s] -- Up-to-date: /home/jo-jo/ros2_ws/install/my_robot_bringup/share/my_robot_bringup//models/collapsed_industrial_building/materials/textures/collapsed_industrial_spec.jpg
[0.245s] -- Up-to-date: /home/jo-jo/ros2_ws/install/my_robot_bringup/share/my_robot_bringup//models/collapsed_industrial_building/materials/textures/rough_concrete_diffuse.jpg
[0.245s] -- Up-to-date: /home/jo-jo/ros2_ws/install/my_robot_bringup/share/my_robot_bringup//models/collapsed_industrial_building/materials/textures/rubble_spec.jpg
[0.245s] -- Up-to-date: /home/jo-jo/ros2_ws/install/my_robot_bringup/share/my_robot_bringup//models/collapsed_industrial_building/materials/textures/rough_concrete_spec.jpg
[0.245s] -- Up-to-date: /home/jo-jo/ros2_ws/install/my_robot_bringup/share/my_robot_bringup//models/collapsed_industrial_building/materials/textures/collapsed_industrial_diffuse.jpg
[0.245s] -- Up-to-date: /home/jo-jo/ros2_ws/install/my_robot_bringup/share/my_robot_bringup//models/collapsed_industrial_building/model.config
[0.245s] -- Up-to-date: /home/jo-jo/ros2_ws/install/my_robot_bringup/share/my_robot_bringup//models/Vessel D
[0.245s] -- Up-to-date: /home/jo-jo/ros2_ws/install/my_robot_bringup/share/my_robot_bringup//models/Vessel D/meshes
[0.245s] -- Up-to-date: /home/jo-jo/ros2_ws/install/my_robot_bringup/share/my_robot_bringup//models/Vessel D/meshes/Boat04.dae
[0.245s] -- Up-to-date: /home/jo-jo/ros2_ws/install/my_robot_bringup/share/my_robot_bringup//models/Vessel D/model.sdf
[0.245s] -- Up-to-date: /home/jo-jo/ros2_ws/install/my_robot_bringup/share/my_robot_bringup//models/Vessel D/thumbnails
[0.245s] -- Up-to-date: /home/jo-jo/ros2_ws/install/my_robot_bringup/share/my_robot_bringup//models/Vessel D/thumbnails/1.png
[0.245s] -- Up-to-date: /home/jo-jo/ros2_ws/install/my_robot_bringup/share/my_robot_bringup//models/Vessel D/materials
[0.245s] -- Up-to-date: /home/jo-jo/ros2_ws/install/my_robot_bringup/share/my_robot_bringup//models/Vessel D/materials/textures
[0.245s] -- Up-to-date: /home/jo-jo/ros2_ws/install/my_robot_bringup/share/my_robot_bringup//models/Vessel D/materials/textures/Boat04_Normal.jpg
[0.246s] -- Up-to-date: /home/jo-jo/ros2_ws/install/my_robot_bringup/share/my_robot_bringup//models/Vessel D/materials/textures/Boat04_Metalness.jpg
[0.246s] -- Up-to-date: /home/jo-jo/ros2_ws/install/my_robot_bringup/share/my_robot_bringup//models/Vessel D/materials/textures/Boat04_Roughness.jpg
[0.246s] -- Up-to-date: /home/jo-jo/ros2_ws/install/my_robot_bringup/share/my_robot_bringup//models/Vessel D/materials/textures/Boat04_Albedo.jpg
[0.246s] -- Up-to-date: /home/jo-jo/ros2_ws/install/my_robot_bringup/share/my_robot_bringup//models/Vessel D/model.config
[0.246s] -- Up-to-date: /home/jo-jo/ros2_ws/install/my_robot_bringup/share/ament_index/resource_index/package_run_dependencies/my_robot_bringup
[0.246s] -- Up-to-date: /home/jo-jo/ros2_ws/install/my_robot_bringup/share/ament_index/resource_index/parent_prefix_path/my_robot_bringup
[0.246s] -- Up-to-date: /home/jo-jo/ros2_ws/install/my_robot_bringup/share/my_robot_bringup/environment/ament_prefix_path.sh
[0.246s] -- Up-to-date: /home/jo-jo/ros2_ws/install/my_robot_bringup/share/my_robot_bringup/environment/ament_prefix_path.dsv
[0.246s] -- Up-to-date: /home/jo-jo/ros2_ws/install/my_robot_bringup/share/my_robot_bringup/environment/path.sh
[0.246s] -- Up-to-date: /home/jo-jo/ros2_ws/install/my_robot_bringup/share/my_robot_bringup/environment/path.dsv
[0.246s] -- Up-to-date: /home/jo-jo/ros2_ws/install/my_robot_bringup/share/my_robot_bringup/local_setup.bash
[0.246s] -- Up-to-date: /home/jo-jo/ros2_ws/install/my_robot_bringup/share/my_robot_bringup/local_setup.sh
[0.246s] -- Up-to-date: /home/jo-jo/ros2_ws/install/my_robot_bringup/share/my_robot_bringup/local_setup.zsh
[0.247s] -- Up-to-date: /home/jo-jo/ros2_ws/install/my_robot_bringup/share/my_robot_bringup/local_setup.dsv
[0.247s] -- Installing: /home/jo-jo/ros2_ws/install/my_robot_bringup/share/my_robot_bringup/package.dsv
[0.247s] -- Up-to-date: /home/jo-jo/ros2_ws/install/my_robot_bringup/share/ament_index/resource_index/packages/my_robot_bringup
[0.247s] -- Up-to-date: /home/jo-jo/ros2_ws/install/my_robot_bringup/share/my_robot_bringup/cmake/my_robot_bringupConfig.cmake
[0.247s] -- Up-to-date: /home/jo-jo/ros2_ws/install/my_robot_bringup/share/my_robot_bringup/cmake/my_robot_bringupConfig-version.cmake
[0.247s] -- Up-to-date: /home/jo-jo/ros2_ws/install/my_robot_bringup/share/my_robot_bringup/package.xml
[0.259s] Invoked command in '/home/jo-jo/ros2_ws/build/my_robot_bringup' returned '0': CMAKE_PREFIX_PATH=${CMAKE_PREFIX_PATH}:/home/jo-jo/ros2_ws/install/robot_legion_teleop_python:/opt/ros/jazzy DEBUGINFOD_URLS=https://debuginfod.ubuntu.com /usr/bin/cmake --install /home/jo-jo/ros2_ws/build/my_robot_bringup
