[0.131s] DEBUG:colcon:Command line arguments: ['/usr/bin/colcon', 'build']
[0.131s] DEBUG:colcon:Parsed command line arguments: Namespace(log_base=None, log_level=None, verb_name='build', build_base='build', install_base='install', merge_install=False, symlink_install=False, test_result_base=None, continue_on_error=False, executor='parallel', parallel_workers=16, event_handlers=None, ignore_user_meta=False, metas=['./colcon.meta'], base_paths=['.'], packages_ignore=None, packages_ignore_regex=None, paths=None, packages_up_to=None, packages_up_to_regex=None, packages_above=None, packages_above_and_dependencies=None, packages_above_depth=None, packages_select_by_dep=None, packages_skip_by_dep=None, packages_skip_up_to=None, packages_select_build_failed=False, packages_skip_build_finished=False, packages_select_test_failures=False, packages_skip_test_passed=False, packages_select=None, packages_skip=None, packages_select_regex=None, packages_skip_regex=None, packages_start=None, packages_end=None, allow_overriding=[], cmake_args=None, cmake_target=None, cmake_target_skip_unavailable=False, cmake_clean_cache=False, cmake_clean_first=False, cmake_force_configure=False, ament_cmake_args=None, catkin_cmake_args=None, catkin_skip_building_tests=False, mixin_files=None, mixin=None, verb_parser=<colcon_mixin.mixin.mixin_argument.MixinArgumentDecorator object at 0x7fc190f68740>, verb_extension=<colcon_core.verb.build.BuildVerb object at 0x7fc1910c4b60>, main=<bound method BuildVerb.main of <colcon_core.verb.build.BuildVerb object at 0x7fc1910c4b60>>, mixin_verb=('build',))
[0.178s] Level 1:colcon.colcon_core.package_discovery:discover_packages(colcon_meta) check parameters
[0.178s] Level 1:colcon.colcon_core.package_discovery:discover_packages(recursive) check parameters
[0.178s] Level 1:colcon.colcon_core.package_discovery:discover_packages(ignore) check parameters
[0.178s] Level 1:colcon.colcon_core.package_discovery:discover_packages(path) check parameters
[0.178s] Level 1:colcon.colcon_core.package_discovery:discover_packages(colcon_meta) discover
[0.178s] Level 1:colcon.colcon_core.package_discovery:discover_packages(recursive) discover
[0.178s] INFO:colcon.colcon_core.package_discovery:Crawling recursively for packages in '/home/jo-jo/ros2_ws'
[0.178s] Level 1:colcon.colcon_core.package_identification:_identify(.) by extensions ['ignore', 'ignore_ament_install']
[0.178s] Level 1:colcon.colcon_core.package_identification:_identify(.) by extension 'ignore'
[0.178s] Level 1:colcon.colcon_core.package_identification:_identify(.) by extension 'ignore_ament_install'
[0.178s] Level 1:colcon.colcon_core.package_identification:_identify(.) by extensions ['colcon_pkg']
[0.178s] Level 1:colcon.colcon_core.package_identification:_identify(.) by extension 'colcon_pkg'
[0.178s] Level 1:colcon.colcon_core.package_identification:_identify(.) by extensions ['colcon_meta']
[0.178s] Level 1:colcon.colcon_core.package_identification:_identify(.) by extension 'colcon_meta'
[0.178s] Level 1:colcon.colcon_core.package_identification:_identify(.) by extensions ['ros']
[0.178s] Level 1:colcon.colcon_core.package_identification:_identify(.) by extension 'ros'
[0.200s] Level 1:colcon.colcon_core.package_identification:_identify(.) by extensions ['cmake', 'python']
[0.200s] Level 1:colcon.colcon_core.package_identification:_identify(.) by extension 'cmake'
[0.200s] Level 1:colcon.colcon_core.package_identification:_identify(.) by extension 'python'
[0.200s] Level 1:colcon.colcon_core.package_identification:_identify(.) by extensions ['python_setup_py']
[0.200s] Level 1:colcon.colcon_core.package_identification:_identify(.) by extension 'python_setup_py'
[0.200s] Level 1:colcon.colcon_core.package_identification:_identify(build) by extensions ['ignore', 'ignore_ament_install']
[0.200s] Level 1:colcon.colcon_core.package_identification:_identify(build) by extension 'ignore'
[0.200s] Level 1:colcon.colcon_core.package_identification:_identify(build) ignored
[0.200s] Level 1:colcon.colcon_core.package_identification:_identify(install) by extensions ['ignore', 'ignore_ament_install']
[0.200s] Level 1:colcon.colcon_core.package_identification:_identify(install) by extension 'ignore'
[0.200s] Level 1:colcon.colcon_core.package_identification:_identify(install) ignored
[0.200s] Level 1:colcon.colcon_core.package_identification:_identify(log) by extensions ['ignore', 'ignore_ament_install']
[0.200s] Level 1:colcon.colcon_core.package_identification:_identify(log) by extension 'ignore'
[0.200s] Level 1:colcon.colcon_core.package_identification:_identify(log) ignored
[0.201s] Level 1:colcon.colcon_core.package_identification:_identify(media) by extensions ['ignore', 'ignore_ament_install']
[0.201s] Level 1:colcon.colcon_core.package_identification:_identify(media) by extension 'ignore'
[0.201s] Level 1:colcon.colcon_core.package_identification:_identify(media) by extension 'ignore_ament_install'
[0.201s] Level 1:colcon.colcon_core.package_identification:_identify(media) by extensions ['colcon_pkg']
[0.201s] Level 1:colcon.colcon_core.package_identification:_identify(media) by extension 'colcon_pkg'
[0.201s] Level 1:colcon.colcon_core.package_identification:_identify(media) by extensions ['colcon_meta']
[0.201s] Level 1:colcon.colcon_core.package_identification:_identify(media) by extension 'colcon_meta'
[0.201s] Level 1:colcon.colcon_core.package_identification:_identify(media) by extensions ['ros']
[0.201s] Level 1:colcon.colcon_core.package_identification:_identify(media) by extension 'ros'
[0.201s] Level 1:colcon.colcon_core.package_identification:_identify(media) by extensions ['cmake', 'python']
[0.201s] Level 1:colcon.colcon_core.package_identification:_identify(media) by extension 'cmake'
[0.201s] Level 1:colcon.colcon_core.package_identification:_identify(media) by extension 'python'
[0.201s] Level 1:colcon.colcon_core.package_identification:_identify(media) by extensions ['python_setup_py']
[0.201s] Level 1:colcon.colcon_core.package_identification:_identify(media) by extension 'python_setup_py'
[0.201s] Level 1:colcon.colcon_core.package_identification:_identify(src) by extensions ['ignore', 'ignore_ament_install']
[0.201s] Level 1:colcon.colcon_core.package_identification:_identify(src) by extension 'ignore'
[0.201s] Level 1:colcon.colcon_core.package_identification:_identify(src) by extension 'ignore_ament_install'
[0.201s] Level 1:colcon.colcon_core.package_identification:_identify(src) by extensions ['colcon_pkg']
[0.201s] Level 1:colcon.colcon_core.package_identification:_identify(src) by extension 'colcon_pkg'
[0.201s] Level 1:colcon.colcon_core.package_identification:_identify(src) by extensions ['colcon_meta']
[0.201s] Level 1:colcon.colcon_core.package_identification:_identify(src) by extension 'colcon_meta'
[0.201s] Level 1:colcon.colcon_core.package_identification:_identify(src) by extensions ['ros']
[0.201s] Level 1:colcon.colcon_core.package_identification:_identify(src) by extension 'ros'
[0.202s] Level 1:colcon.colcon_core.package_identification:_identify(src) by extensions ['cmake', 'python']
[0.202s] Level 1:colcon.colcon_core.package_identification:_identify(src) by extension 'cmake'
[0.202s] Level 1:colcon.colcon_core.package_identification:_identify(src) by extension 'python'
[0.202s] Level 1:colcon.colcon_core.package_identification:_identify(src) by extensions ['python_setup_py']
[0.202s] Level 1:colcon.colcon_core.package_identification:_identify(src) by extension 'python_setup_py'
[0.202s] Level 1:colcon.colcon_core.package_identification:_identify(src/my_robot_bringup) by extensions ['ignore', 'ignore_ament_install']
[0.202s] Level 1:colcon.colcon_core.package_identification:_identify(src/my_robot_bringup) by extension 'ignore'
[0.202s] Level 1:colcon.colcon_core.package_identification:_identify(src/my_robot_bringup) by extension 'ignore_ament_install'
[0.202s] Level 1:colcon.colcon_core.package_identification:_identify(src/my_robot_bringup) by extensions ['colcon_pkg']
[0.202s] Level 1:colcon.colcon_core.package_identification:_identify(src/my_robot_bringup) by extension 'colcon_pkg'
[0.202s] Level 1:colcon.colcon_core.package_identification:_identify(src/my_robot_bringup) by extensions ['colcon_meta']
[0.202s] Level 1:colcon.colcon_core.package_identification:_identify(src/my_robot_bringup) by extension 'colcon_meta'
[0.202s] Level 1:colcon.colcon_core.package_identification:_identify(src/my_robot_bringup) by extensions ['ros']
[0.202s] Level 1:colcon.colcon_core.package_identification:_identify(src/my_robot_bringup) by extension 'ros'
[0.205s] DEBUG:colcon.colcon_core.package_identification:Package 'src/my_robot_bringup' with type 'ros.ament_cmake' and name 'my_robot_bringup'
[0.205s] Level 1:colcon.colcon_core.package_identification:_identify(src/my_robot_description) by extensions ['ignore', 'ignore_ament_install']
[0.205s] Level 1:colcon.colcon_core.package_identification:_identify(src/my_robot_description) by extension 'ignore'
[0.205s] Level 1:colcon.colcon_core.package_identification:_identify(src/my_robot_description) by extension 'ignore_ament_install'
[0.205s] Level 1:colcon.colcon_core.package_identification:_identify(src/my_robot_description) by extensions ['colcon_pkg']
[0.205s] Level 1:colcon.colcon_core.package_identification:_identify(src/my_robot_description) by extension 'colcon_pkg'
[0.205s] Level 1:colcon.colcon_core.package_identification:_identify(src/my_robot_description) by extensions ['colcon_meta']
[0.205s] Level 1:colcon.colcon_core.package_identification:_identify(src/my_robot_description) by extension 'colcon_meta'
[0.205s] Level 1:colcon.colcon_core.package_identification:_identify(src/my_robot_description) by extensions ['ros']
[0.205s] Level 1:colcon.colcon_core.package_identification:_identify(src/my_robot_description) by extension 'ros'
[0.205s] DEBUG:colcon.colcon_core.package_identification:Package 'src/my_robot_description' with type 'ros.ament_cmake' and name 'my_robot_description'
[0.206s] Level 1:colcon.colcon_core.package_identification:_identify(src/robot_legion_teleop_python) by extensions ['ignore', 'ignore_ament_install']
[0.206s] Level 1:colcon.colcon_core.package_identification:_identify(src/robot_legion_teleop_python) by extension 'ignore'
[0.206s] Level 1:colcon.colcon_core.package_identification:_identify(src/robot_legion_teleop_python) by extension 'ignore_ament_install'
[0.206s] Level 1:colcon.colcon_core.package_identification:_identify(src/robot_legion_teleop_python) by extensions ['colcon_pkg']
[0.206s] Level 1:colcon.colcon_core.package_identification:_identify(src/robot_legion_teleop_python) by extension 'colcon_pkg'
[0.206s] Level 1:colcon.colcon_core.package_identification:_identify(src/robot_legion_teleop_python) by extensions ['colcon_meta']
[0.206s] Level 1:colcon.colcon_core.package_identification:_identify(src/robot_legion_teleop_python) by extension 'colcon_meta'
[0.206s] Level 1:colcon.colcon_core.package_identification:_identify(src/robot_legion_teleop_python) by extensions ['ros']
[0.206s] Level 1:colcon.colcon_core.package_identification:_identify(src/robot_legion_teleop_python) by extension 'ros'
[0.206s] DEBUG:colcon.colcon_core.package_identification:Package 'src/robot_legion_teleop_python' with type 'ros.ament_python' and name 'robot_legion_teleop_python'
[0.206s] Level 1:colcon.colcon_core.package_discovery:discover_packages(recursive) using defaults
[0.206s] Level 1:colcon.colcon_core.package_discovery:discover_packages(ignore) discover
[0.207s] Level 1:colcon.colcon_core.package_discovery:discover_packages(ignore) using defaults
[0.207s] Level 1:colcon.colcon_core.package_discovery:discover_packages(path) discover
[0.207s] Level 1:colcon.colcon_core.package_discovery:discover_packages(path) using defaults
[0.223s] Level 1:colcon.colcon_core.package_discovery:discover_packages(prefix_path) check parameters
[0.223s] Level 1:colcon.colcon_core.package_discovery:discover_packages(prefix_path) discover
[0.226s] DEBUG:colcon.colcon_installed_package_information.package_discovery:Found 3 installed packages in /home/jo-jo/ros2_ws/install
[0.227s] DEBUG:colcon.colcon_installed_package_information.package_discovery:Found 315 installed packages in /opt/ros/jazzy
[0.228s] Level 1:colcon.colcon_core.package_discovery:discover_packages(prefix_path) using defaults
[0.264s] Level 5:colcon.colcon_core.verb:set package 'my_robot_bringup' build argument 'cmake_args' from command line to 'None'
[0.264s] Level 5:colcon.colcon_core.verb:set package 'my_robot_bringup' build argument 'cmake_target' from command line to 'None'
[0.264s] Level 5:colcon.colcon_core.verb:set package 'my_robot_bringup' build argument 'cmake_target_skip_unavailable' from command line to 'False'
[0.264s] Level 5:colcon.colcon_core.verb:set package 'my_robot_bringup' build argument 'cmake_clean_cache' from command line to 'False'
[0.264s] Level 5:colcon.colcon_core.verb:set package 'my_robot_bringup' build argument 'cmake_clean_first' from command line to 'False'
[0.264s] Level 5:colcon.colcon_core.verb:set package 'my_robot_bringup' build argument 'cmake_force_configure' from command line to 'False'
[0.264s] Level 5:colcon.colcon_core.verb:set package 'my_robot_bringup' build argument 'ament_cmake_args' from command line to 'None'
[0.264s] Level 5:colcon.colcon_core.verb:set package 'my_robot_bringup' build argument 'catkin_cmake_args' from command line to 'None'
[0.264s] Level 5:colcon.colcon_core.verb:set package 'my_robot_bringup' build argument 'catkin_skip_building_tests' from command line to 'False'
[0.264s] DEBUG:colcon.colcon_core.verb:Building package 'my_robot_bringup' with the following arguments: {'ament_cmake_args': None, 'build_base': '/home/jo-jo/ros2_ws/build/my_robot_bringup', 'catkin_cmake_args': None, 'catkin_skip_building_tests': False, 'cmake_args': None, 'cmake_clean_cache': False, 'cmake_clean_first': False, 'cmake_force_configure': False, 'cmake_target': None, 'cmake_target_skip_unavailable': False, 'install_base': '/home/jo-jo/ros2_ws/install/my_robot_bringup', 'merge_install': False, 'path': '/home/jo-jo/ros2_ws/src/my_robot_bringup', 'symlink_install': False, 'test_result_base': None}
[0.265s] Level 5:colcon.colcon_core.verb:set package 'my_robot_description' build argument 'cmake_args' from command line to 'None'
[0.265s] Level 5:colcon.colcon_core.verb:set package 'my_robot_description' build argument 'cmake_target' from command line to 'None'
[0.265s] Level 5:colcon.colcon_core.verb:set package 'my_robot_description' build argument 'cmake_target_skip_unavailable' from command line to 'False'
[0.265s] Level 5:colcon.colcon_core.verb:set package 'my_robot_description' build argument 'cmake_clean_cache' from command line to 'False'
[0.265s] Level 5:colcon.colcon_core.verb:set package 'my_robot_description' build argument 'cmake_clean_first' from command line to 'False'
[0.265s] Level 5:colcon.colcon_core.verb:set package 'my_robot_description' build argument 'cmake_force_configure' from command line to 'False'
[0.265s] Level 5:colcon.colcon_core.verb:set package 'my_robot_description' build argument 'ament_cmake_args' from command line to 'None'
[0.265s] Level 5:colcon.colcon_core.verb:set package 'my_robot_description' build argument 'catkin_cmake_args' from command line to 'None'
[0.265s] Level 5:colcon.colcon_core.verb:set package 'my_robot_description' build argument 'catkin_skip_building_tests' from command line to 'False'
[0.265s] DEBUG:colcon.colcon_core.verb:Building package 'my_robot_description' with the following arguments: {'ament_cmake_args': None, 'build_base': '/home/jo-jo/ros2_ws/build/my_robot_description', 'catkin_cmake_args': None, 'catkin_skip_building_tests': False, 'cmake_args': None, 'cmake_clean_cache': False, 'cmake_clean_first': False, 'cmake_force_configure': False, 'cmake_target': None, 'cmake_target_skip_unavailable': False, 'install_base': '/home/jo-jo/ros2_ws/install/my_robot_description', 'merge_install': False, 'path': '/home/jo-jo/ros2_ws/src/my_robot_description', 'symlink_install': False, 'test_result_base': None}
[0.265s] Level 5:colcon.colcon_core.verb:set package 'robot_legion_teleop_python' build argument 'cmake_args' from command line to 'None'
[0.265s] Level 5:colcon.colcon_core.verb:set package 'robot_legion_teleop_python' build argument 'cmake_target' from command line to 'None'
[0.265s] Level 5:colcon.colcon_core.verb:set package 'robot_legion_teleop_python' build argument 'cmake_target_skip_unavailable' from command line to 'False'
[0.265s] Level 5:colcon.colcon_core.verb:set package 'robot_legion_teleop_python' build argument 'cmake_clean_cache' from command line to 'False'
[0.265s] Level 5:colcon.colcon_core.verb:set package 'robot_legion_teleop_python' build argument 'cmake_clean_first' from command line to 'False'
[0.265s] Level 5:colcon.colcon_core.verb:set package 'robot_legion_teleop_python' build argument 'cmake_force_configure' from command line to 'False'
[0.265s] Level 5:colcon.colcon_core.verb:set package 'robot_legion_teleop_python' build argument 'ament_cmake_args' from command line to 'None'
[0.265s] Level 5:colcon.colcon_core.verb:set package 'robot_legion_teleop_python' build argument 'catkin_cmake_args' from command line to 'None'
[0.265s] Level 5:colcon.colcon_core.verb:set package 'robot_legion_teleop_python' build argument 'catkin_skip_building_tests' from command line to 'False'
[0.265s] DEBUG:colcon.colcon_core.verb:Building package 'robot_legion_teleop_python' with the following arguments: {'ament_cmake_args': None, 'build_base': '/home/jo-jo/ros2_ws/build/robot_legion_teleop_python', 'catkin_cmake_args': None, 'catkin_skip_building_tests': False, 'cmake_args': None, 'cmake_clean_cache': False, 'cmake_clean_first': False, 'cmake_force_configure': False, 'cmake_target': None, 'cmake_target_skip_unavailable': False, 'install_base': '/home/jo-jo/ros2_ws/install/robot_legion_teleop_python', 'merge_install': False, 'path': '/home/jo-jo/ros2_ws/src/robot_legion_teleop_python', 'symlink_install': False, 'test_result_base': None}
[0.265s] INFO:colcon.colcon_core.executor:Executing jobs using 'parallel' executor
[0.266s] DEBUG:colcon.colcon_parallel_executor.executor.parallel:run_until_complete
[0.266s] INFO:colcon.colcon_ros.task.ament_cmake.build:Building ROS package in '/home/jo-jo/ros2_ws/src/my_robot_bringup' with build type 'ament_cmake'
[0.266s] INFO:colcon.colcon_cmake.task.cmake.build:Building CMake package in '/home/jo-jo/ros2_ws/src/my_robot_bringup'
[0.270s] INFO:colcon.colcon_core.plugin_system:Skipping extension 'colcon_core.shell.bat': Not used on non-Windows systems
[0.270s] INFO:colcon.colcon_core.shell:Skip shell extension 'powershell' for command environment: Not usable outside of PowerShell
[0.270s] DEBUG:colcon.colcon_core.shell:Skip shell extension 'dsv' for command environment
[0.273s] INFO:colcon.colcon_ros.task.ament_cmake.build:Building ROS package in '/home/jo-jo/ros2_ws/src/my_robot_description' with build type 'ament_cmake'
[0.274s] INFO:colcon.colcon_cmake.task.cmake.build:Building CMake package in '/home/jo-jo/ros2_ws/src/my_robot_description'
[0.274s] INFO:colcon.colcon_core.shell:Skip shell extension 'powershell' for command environment: Not usable outside of PowerShell
[0.274s] DEBUG:colcon.colcon_core.shell:Skip shell extension 'dsv' for command environment
[0.277s] INFO:colcon.colcon_ros.task.ament_python.build:Building ROS package in '/home/jo-jo/ros2_ws/src/robot_legion_teleop_python' with build type 'ament_python'
[0.277s] Level 1:colcon.colcon_core.shell:create_environment_hook('robot_legion_teleop_python', 'ament_prefix_path')
[0.277s] INFO:colcon.colcon_core.shell:Creating environment hook '/home/jo-jo/ros2_ws/install/robot_legion_teleop_python/share/robot_legion_teleop_python/hook/ament_prefix_path.ps1'
[0.277s] INFO:colcon.colcon_core.shell:Creating environment descriptor '/home/jo-jo/ros2_ws/install/robot_legion_teleop_python/share/robot_legion_teleop_python/hook/ament_prefix_path.dsv'
[0.278s] INFO:colcon.colcon_core.shell:Creating environment hook '/home/jo-jo/ros2_ws/install/robot_legion_teleop_python/share/robot_legion_teleop_python/hook/ament_prefix_path.sh'
[0.279s] INFO:colcon.colcon_core.shell:Skip shell extension 'powershell' for command environment: Not usable outside of PowerShell
[0.279s] DEBUG:colcon.colcon_core.shell:Skip shell extension 'dsv' for command environment
[0.284s] DEBUG:colcon.colcon_core.event_handler.log_command:Invoking command in '/home/jo-jo/ros2_ws/build/my_robot_bringup': CMAKE_PREFIX_PATH=${CMAKE_PREFIX_PATH}:/home/jo-jo/ros2_ws/install/robot_legion_teleop_python:/opt/ros/jazzy DEBUGINFOD_URLS=https://debuginfod.ubuntu.com /usr/bin/cmake --build /home/jo-jo/ros2_ws/build/my_robot_bringup -- -j16 -l16
[0.288s] DEBUG:colcon.colcon_core.event_handler.log_command:Invoking command in '/home/jo-jo/ros2_ws/build/my_robot_description': CMAKE_PREFIX_PATH=${CMAKE_PREFIX_PATH}:/home/jo-jo/ros2_ws/install/robot_legion_teleop_python:/opt/ros/jazzy DEBUGINFOD_URLS=https://debuginfod.ubuntu.com /usr/bin/cmake --build /home/jo-jo/ros2_ws/build/my_robot_description -- -j16 -l16
[0.463s] INFO:colcon.colcon_core.task.python.build:Building Python package in '/home/jo-jo/ros2_ws/src/robot_legion_teleop_python'
[0.463s] INFO:colcon.colcon_core.shell:Skip shell extension 'powershell' for command environment: Not usable outside of PowerShell
[0.463s] DEBUG:colcon.colcon_core.shell:Skip shell extension 'dsv' for command environment
[0.468s] DEBUG:colcon.colcon_core.event_handler.log_command:Invoked command in '/home/jo-jo/ros2_ws/build/my_robot_description' returned '0': CMAKE_PREFIX_PATH=${CMAKE_PREFIX_PATH}:/home/jo-jo/ros2_ws/install/robot_legion_teleop_python:/opt/ros/jazzy DEBUGINFOD_URLS=https://debuginfod.ubuntu.com /usr/bin/cmake --build /home/jo-jo/ros2_ws/build/my_robot_description -- -j16 -l16
[0.479s] DEBUG:colcon.colcon_core.event_handler.log_command:Invoking command in '/home/jo-jo/ros2_ws/build/my_robot_description': CMAKE_PREFIX_PATH=${CMAKE_PREFIX_PATH}:/home/jo-jo/ros2_ws/install/robot_legion_teleop_python:/opt/ros/jazzy DEBUGINFOD_URLS=https://debuginfod.ubuntu.com /usr/bin/cmake --install /home/jo-jo/ros2_ws/build/my_robot_description
[0.479s] DEBUG:colcon.colcon_core.event_handler.log_command:Invoked command in '/home/jo-jo/ros2_ws/build/my_robot_bringup' returned '0': CMAKE_PREFIX_PATH=${CMAKE_PREFIX_PATH}:/home/jo-jo/ros2_ws/install/robot_legion_teleop_python:/opt/ros/jazzy DEBUGINFOD_URLS=https://debuginfod.ubuntu.com /usr/bin/cmake --build /home/jo-jo/ros2_ws/build/my_robot_bringup -- -j16 -l16
[0.481s] DEBUG:colcon.colcon_core.event_handler.log_command:Invoking command in '/home/jo-jo/ros2_ws/build/my_robot_bringup': CMAKE_PREFIX_PATH=${CMAKE_PREFIX_PATH}:/home/jo-jo/ros2_ws/install/robot_legion_teleop_python:/opt/ros/jazzy DEBUGINFOD_URLS=https://debuginfod.ubuntu.com /usr/bin/cmake --install /home/jo-jo/ros2_ws/build/my_robot_bringup
[0.498s] Level 1:colcon.colcon_core.environment:create_environment_scripts_only(my_robot_description)
[0.504s] DEBUG:colcon.colcon_core.event_handler.log_command:Invoked command in '/home/jo-jo/ros2_ws/build/my_robot_description' returned '0': CMAKE_PREFIX_PATH=${CMAKE_PREFIX_PATH}:/home/jo-jo/ros2_ws/install/robot_legion_teleop_python:/opt/ros/jazzy DEBUGINFOD_URLS=https://debuginfod.ubuntu.com /usr/bin/cmake --install /home/jo-jo/ros2_ws/build/my_robot_description
[0.527s] Level 1:colcon.colcon_core.environment:checking '/home/jo-jo/ros2_ws/install/my_robot_description' for CMake module files
[0.527s] Level 1:colcon.colcon_core.environment:checking '/home/jo-jo/ros2_ws/install/my_robot_description' for CMake config files
[0.527s] Level 1:colcon.colcon_core.shell:create_environment_hook('my_robot_description', 'cmake_prefix_path')
[0.528s] INFO:colcon.colcon_core.shell:Creating environment hook '/home/jo-jo/ros2_ws/install/my_robot_description/share/my_robot_description/hook/cmake_prefix_path.ps1'
[0.528s] INFO:colcon.colcon_core.shell:Creating environment descriptor '/home/jo-jo/ros2_ws/install/my_robot_description/share/my_robot_description/hook/cmake_prefix_path.dsv'
[0.528s] INFO:colcon.colcon_core.shell:Creating environment hook '/home/jo-jo/ros2_ws/install/my_robot_description/share/my_robot_description/hook/cmake_prefix_path.sh'
[0.529s] Level 1:colcon.colcon_core.environment:checking '/home/jo-jo/ros2_ws/install/my_robot_description/bin'
[0.529s] Level 1:colcon.colcon_core.environment:checking '/home/jo-jo/ros2_ws/install/my_robot_description/lib/pkgconfig/my_robot_description.pc'
[0.529s] Level 1:colcon.colcon_core.environment:checking '/home/jo-jo/ros2_ws/install/my_robot_description/lib/python3.12/site-packages'
[0.529s] Level 1:colcon.colcon_core.environment:checking '/home/jo-jo/ros2_ws/install/my_robot_description/bin'
[0.529s] INFO:colcon.colcon_core.shell:Creating package script '/home/jo-jo/ros2_ws/install/my_robot_description/share/my_robot_description/package.ps1'
[0.530s] INFO:colcon.colcon_core.shell:Creating package descriptor '/home/jo-jo/ros2_ws/install/my_robot_description/share/my_robot_description/package.dsv'
[0.531s] INFO:colcon.colcon_core.shell:Creating package script '/home/jo-jo/ros2_ws/install/my_robot_description/share/my_robot_description/package.sh'
[0.531s] INFO:colcon.colcon_core.shell:Creating package script '/home/jo-jo/ros2_ws/install/my_robot_description/share/my_robot_description/package.bash'
[0.532s] INFO:colcon.colcon_core.shell:Creating package script '/home/jo-jo/ros2_ws/install/my_robot_description/share/my_robot_description/package.zsh'
[0.532s] Level 1:colcon.colcon_core.environment:create_file_with_runtime_dependencies(/home/jo-jo/ros2_ws/install/my_robot_description/share/colcon-core/packages/my_robot_description)
[0.533s] Level 1:colcon.colcon_core.environment:create_environment_scripts_only(my_robot_description)
[0.533s] Level 1:colcon.colcon_core.environment:checking '/home/jo-jo/ros2_ws/install/my_robot_description' for CMake module files
[0.533s] Level 1:colcon.colcon_core.environment:checking '/home/jo-jo/ros2_ws/install/my_robot_description' for CMake config files
[0.533s] Level 1:colcon.colcon_core.shell:create_environment_hook('my_robot_description', 'cmake_prefix_path')
[0.534s] INFO:colcon.colcon_core.shell:Creating environment hook '/home/jo-jo/ros2_ws/install/my_robot_description/share/my_robot_description/hook/cmake_prefix_path.ps1'
[0.534s] INFO:colcon.colcon_core.shell:Creating environment descriptor '/home/jo-jo/ros2_ws/install/my_robot_description/share/my_robot_description/hook/cmake_prefix_path.dsv'
[0.534s] INFO:colcon.colcon_core.shell:Creating environment hook '/home/jo-jo/ros2_ws/install/my_robot_description/share/my_robot_description/hook/cmake_prefix_path.sh'
[0.535s] Level 1:colcon.colcon_core.environment:checking '/home/jo-jo/ros2_ws/install/my_robot_description/bin'
[0.535s] Level 1:colcon.colcon_core.environment:checking '/home/jo-jo/ros2_ws/install/my_robot_description/lib/pkgconfig/my_robot_description.pc'
[0.535s] Level 1:colcon.colcon_core.environment:checking '/home/jo-jo/ros2_ws/install/my_robot_description/lib/python3.12/site-packages'
[0.535s] Level 1:colcon.colcon_core.environment:checking '/home/jo-jo/ros2_ws/install/my_robot_description/bin'
[0.535s] INFO:colcon.colcon_core.shell:Creating package script '/home/jo-jo/ros2_ws/install/my_robot_description/share/my_robot_description/package.ps1'
[0.536s] INFO:colcon.colcon_core.shell:Creating package descriptor '/home/jo-jo/ros2_ws/install/my_robot_description/share/my_robot_description/package.dsv'
[0.536s] INFO:colcon.colcon_core.shell:Creating package script '/home/jo-jo/ros2_ws/install/my_robot_description/share/my_robot_description/package.sh'
[0.536s] INFO:colcon.colcon_core.shell:Creating package script '/home/jo-jo/ros2_ws/install/my_robot_description/share/my_robot_description/package.bash'
[0.537s] INFO:colcon.colcon_core.shell:Creating package script '/home/jo-jo/ros2_ws/install/my_robot_description/share/my_robot_description/package.zsh'
[0.537s] Level 1:colcon.colcon_core.environment:create_file_with_runtime_dependencies(/home/jo-jo/ros2_ws/install/my_robot_description/share/colcon-core/packages/my_robot_description)
[0.538s] Level 1:colcon.colcon_core.environment:create_environment_scripts_only(my_robot_bringup)
[0.538s] Level 1:colcon.colcon_core.environment:checking '/home/jo-jo/ros2_ws/install/my_robot_bringup' for CMake module files
[0.539s] DEBUG:colcon.colcon_core.event_handler.log_command:Invoked command in '/home/jo-jo/ros2_ws/build/my_robot_bringup' returned '0': CMAKE_PREFIX_PATH=${CMAKE_PREFIX_PATH}:/home/jo-jo/ros2_ws/install/robot_legion_teleop_python:/opt/ros/jazzy DEBUGINFOD_URLS=https://debuginfod.ubuntu.com /usr/bin/cmake --install /home/jo-jo/ros2_ws/build/my_robot_bringup
[0.539s] Level 1:colcon.colcon_core.environment:checking '/home/jo-jo/ros2_ws/install/my_robot_bringup' for CMake config files
[0.541s] Level 1:colcon.colcon_core.shell:create_environment_hook('my_robot_bringup', 'cmake_prefix_path')
[0.541s] INFO:colcon.colcon_core.shell:Creating environment hook '/home/jo-jo/ros2_ws/install/my_robot_bringup/share/my_robot_bringup/hook/cmake_prefix_path.ps1'
[0.541s] INFO:colcon.colcon_core.shell:Creating environment descriptor '/home/jo-jo/ros2_ws/install/my_robot_bringup/share/my_robot_bringup/hook/cmake_prefix_path.dsv'
[0.542s] INFO:colcon.colcon_core.shell:Creating environment hook '/home/jo-jo/ros2_ws/install/my_robot_bringup/share/my_robot_bringup/hook/cmake_prefix_path.sh'
[0.542s] Level 1:colcon.colcon_core.environment:checking '/home/jo-jo/ros2_ws/install/my_robot_bringup/bin'
[0.542s] Level 1:colcon.colcon_core.environment:checking '/home/jo-jo/ros2_ws/install/my_robot_bringup/lib/pkgconfig/my_robot_bringup.pc'
[0.542s] Level 1:colcon.colcon_core.environment:checking '/home/jo-jo/ros2_ws/install/my_robot_bringup/lib/python3.12/site-packages'
[0.543s] Level 1:colcon.colcon_core.environment:checking '/home/jo-jo/ros2_ws/install/my_robot_bringup/bin'
[0.543s] INFO:colcon.colcon_core.shell:Creating package script '/home/jo-jo/ros2_ws/install/my_robot_bringup/share/my_robot_bringup/package.ps1'
[0.543s] INFO:colcon.colcon_core.shell:Creating package descriptor '/home/jo-jo/ros2_ws/install/my_robot_bringup/share/my_robot_bringup/package.dsv'
[0.544s] INFO:colcon.colcon_core.shell:Creating package script '/home/jo-jo/ros2_ws/install/my_robot_bringup/share/my_robot_bringup/package.sh'
[0.544s] INFO:colcon.colcon_core.shell:Creating package script '/home/jo-jo/ros2_ws/install/my_robot_bringup/share/my_robot_bringup/package.bash'
[0.544s] INFO:colcon.colcon_core.shell:Creating package script '/home/jo-jo/ros2_ws/install/my_robot_bringup/share/my_robot_bringup/package.zsh'
[0.544s] Level 1:colcon.colcon_core.environment:create_file_with_runtime_dependencies(/home/jo-jo/ros2_ws/install/my_robot_bringup/share/colcon-core/packages/my_robot_bringup)
[0.545s] Level 1:colcon.colcon_core.environment:create_environment_scripts_only(my_robot_bringup)
[0.545s] Level 1:colcon.colcon_core.environment:checking '/home/jo-jo/ros2_ws/install/my_robot_bringup' for CMake module files
[0.545s] Level 1:colcon.colcon_core.environment:checking '/home/jo-jo/ros2_ws/install/my_robot_bringup' for CMake config files
[0.547s] Level 1:colcon.colcon_core.shell:create_environment_hook('my_robot_bringup', 'cmake_prefix_path')
[0.547s] INFO:colcon.colcon_core.shell:Creating environment hook '/home/jo-jo/ros2_ws/install/my_robot_bringup/share/my_robot_bringup/hook/cmake_prefix_path.ps1'
[0.547s] INFO:colcon.colcon_core.shell:Creating environment descriptor '/home/jo-jo/ros2_ws/install/my_robot_bringup/share/my_robot_bringup/hook/cmake_prefix_path.dsv'
[0.548s] INFO:colcon.colcon_core.shell:Creating environment hook '/home/jo-jo/ros2_ws/install/my_robot_bringup/share/my_robot_bringup/hook/cmake_prefix_path.sh'
[0.548s] Level 1:colcon.colcon_core.environment:checking '/home/jo-jo/ros2_ws/install/my_robot_bringup/bin'
[0.548s] Level 1:colcon.colcon_core.environment:checking '/home/jo-jo/ros2_ws/install/my_robot_bringup/lib/pkgconfig/my_robot_bringup.pc'
[0.548s] Level 1:colcon.colcon_core.environment:checking '/home/jo-jo/ros2_ws/install/my_robot_bringup/lib/python3.12/site-packages'
[0.548s] Level 1:colcon.colcon_core.environment:checking '/home/jo-jo/ros2_ws/install/my_robot_bringup/bin'
[0.548s] INFO:colcon.colcon_core.shell:Creating package script '/home/jo-jo/ros2_ws/install/my_robot_bringup/share/my_robot_bringup/package.ps1'
[0.549s] INFO:colcon.colcon_core.shell:Creating package descriptor '/home/jo-jo/ros2_ws/install/my_robot_bringup/share/my_robot_bringup/package.dsv'
[0.549s] INFO:colcon.colcon_core.shell:Creating package script '/home/jo-jo/ros2_ws/install/my_robot_bringup/share/my_robot_bringup/package.sh'
[0.550s] INFO:colcon.colcon_core.shell:Creating package script '/home/jo-jo/ros2_ws/install/my_robot_bringup/share/my_robot_bringup/package.bash'
[0.550s] INFO:colcon.colcon_core.shell:Creating package script '/home/jo-jo/ros2_ws/install/my_robot_bringup/share/my_robot_bringup/package.zsh'
[0.550s] Level 1:colcon.colcon_core.environment:create_file_with_runtime_dependencies(/home/jo-jo/ros2_ws/install/my_robot_bringup/share/colcon-core/packages/my_robot_bringup)
[1.113s] DEBUG:colcon.colcon_core.event_handler.log_command:Invoking command in '/home/jo-jo/ros2_ws/src/robot_legion_teleop_python': DEBUGINFOD_URLS=https://debuginfod.ubuntu.com PYTHONPATH=/home/jo-jo/ros2_ws/build/robot_legion_teleop_python/prefix_override:/usr/lib/python3/dist-packages/colcon_core/task/python/colcon_distutils_commands:/home/jo-jo/ros2_ws/install/robot_legion_teleop_python/lib/python3.12/site-packages:${PYTHONPATH} /usr/bin/python3 -W ignore:setup.py install is deprecated -W ignore:easy_install command is deprecated setup.py egg_info --egg-base ../../build/robot_legion_teleop_python build --build-base /home/jo-jo/ros2_ws/build/robot_legion_teleop_python/build install --record /home/jo-jo/ros2_ws/build/robot_legion_teleop_python/install.log --single-version-externally-managed install_data
[1.566s] Level 1:colcon.colcon_core.environment:checking '/home/jo-jo/ros2_ws/install/robot_legion_teleop_python' for CMake module files
[1.566s] DEBUG:colcon.colcon_core.event_handler.log_command:Invoked command in '/home/jo-jo/ros2_ws/src/robot_legion_teleop_python' returned '0': DEBUGINFOD_URLS=https://debuginfod.ubuntu.com PYTHONPATH=/home/jo-jo/ros2_ws/build/robot_legion_teleop_python/prefix_override:/usr/lib/python3/dist-packages/colcon_core/task/python/colcon_distutils_commands:/home/jo-jo/ros2_ws/install/robot_legion_teleop_python/lib/python3.12/site-packages:${PYTHONPATH} /usr/bin/python3 -W ignore:setup.py install is deprecated -W ignore:easy_install command is deprecated setup.py egg_info --egg-base ../../build/robot_legion_teleop_python build --build-base /home/jo-jo/ros2_ws/build/robot_legion_teleop_python/build install --record /home/jo-jo/ros2_ws/build/robot_legion_teleop_python/install.log --single-version-externally-managed install_data
[1.567s] Level 1:colcon.colcon_core.environment:checking '/home/jo-jo/ros2_ws/install/robot_legion_teleop_python' for CMake config files
[1.567s] Level 1:colcon.colcon_core.environment:checking '/home/jo-jo/ros2_ws/install/robot_legion_teleop_python/lib'
[1.567s] Level 1:colcon.colcon_core.environment:checking '/home/jo-jo/ros2_ws/install/robot_legion_teleop_python/bin'
[1.567s] Level 1:colcon.colcon_core.environment:checking '/home/jo-jo/ros2_ws/install/robot_legion_teleop_python/lib/pkgconfig/robot_legion_teleop_python.pc'
[1.567s] Level 1:colcon.colcon_core.environment:checking '/home/jo-jo/ros2_ws/install/robot_legion_teleop_python/lib/python3.12/site-packages'
[1.568s] Level 1:colcon.colcon_core.shell:create_environment_hook('robot_legion_teleop_python', 'pythonpath')
[1.568s] INFO:colcon.colcon_core.shell:Creating environment hook '/home/jo-jo/ros2_ws/install/robot_legion_teleop_python/share/robot_legion_teleop_python/hook/pythonpath.ps1'
[1.568s] INFO:colcon.colcon_core.shell:Creating environment descriptor '/home/jo-jo/ros2_ws/install/robot_legion_teleop_python/share/robot_legion_teleop_python/hook/pythonpath.dsv'
[1.569s] INFO:colcon.colcon_core.shell:Creating environment hook '/home/jo-jo/ros2_ws/install/robot_legion_teleop_python/share/robot_legion_teleop_python/hook/pythonpath.sh'
[1.569s] Level 1:colcon.colcon_core.environment:checking '/home/jo-jo/ros2_ws/install/robot_legion_teleop_python/bin'
[1.569s] Level 1:colcon.colcon_core.environment:create_environment_scripts_only(robot_legion_teleop_python)
[1.569s] INFO:colcon.colcon_core.shell:Creating package script '/home/jo-jo/ros2_ws/install/robot_legion_teleop_python/share/robot_legion_teleop_python/package.ps1'
[1.570s] INFO:colcon.colcon_core.shell:Creating package descriptor '/home/jo-jo/ros2_ws/install/robot_legion_teleop_python/share/robot_legion_teleop_python/package.dsv'
[1.570s] INFO:colcon.colcon_core.shell:Creating package script '/home/jo-jo/ros2_ws/install/robot_legion_teleop_python/share/robot_legion_teleop_python/package.sh'
[1.570s] INFO:colcon.colcon_core.shell:Creating package script '/home/jo-jo/ros2_ws/install/robot_legion_teleop_python/share/robot_legion_teleop_python/package.bash'
[1.571s] INFO:colcon.colcon_core.shell:Creating package script '/home/jo-jo/ros2_ws/install/robot_legion_teleop_python/share/robot_legion_teleop_python/package.zsh'
[1.571s] Level 1:colcon.colcon_core.environment:create_file_with_runtime_dependencies(/home/jo-jo/ros2_ws/install/robot_legion_teleop_python/share/colcon-core/packages/robot_legion_teleop_python)
[1.571s] DEBUG:colcon.colcon_parallel_executor.executor.parallel:closing loop
[1.572s] DEBUG:colcon.colcon_parallel_executor.executor.parallel:loop closed
[1.572s] DEBUG:colcon.colcon_parallel_executor.executor.parallel:run_until_complete finished with '0'
[1.572s] DEBUG:colcon.colcon_core.event_reactor:joining thread
[1.577s] INFO:colcon.colcon_core.plugin_system:Skipping extension 'colcon_notification.desktop_notification.terminal_notifier': Not used on non-Darwin systems
[1.577s] INFO:colcon.colcon_core.plugin_system:Skipping extension 'colcon_notification.desktop_notification.win32': Not used on non-Windows systems
[1.577s] INFO:colcon.colcon_notification.desktop_notification:Sending desktop notification using 'notify2'
[1.590s] DEBUG:colcon.colcon_core.event_reactor:joined thread
[1.591s] INFO:colcon.colcon_core.shell:Creating prefix script '/home/jo-jo/ros2_ws/install/local_setup.ps1'
[1.592s] INFO:colcon.colcon_core.shell:Creating prefix util module '/home/jo-jo/ros2_ws/install/_local_setup_util_ps1.py'
[1.592s] INFO:colcon.colcon_core.shell:Creating prefix chain script '/home/jo-jo/ros2_ws/install/setup.ps1'
[1.593s] INFO:colcon.colcon_core.shell:Creating prefix script '/home/jo-jo/ros2_ws/install/local_setup.sh'
[1.594s] INFO:colcon.colcon_core.shell:Creating prefix util module '/home/jo-jo/ros2_ws/install/_local_setup_util_sh.py'
[1.594s] INFO:colcon.colcon_core.shell:Creating prefix chain script '/home/jo-jo/ros2_ws/install/setup.sh'
[1.595s] INFO:colcon.colcon_core.shell:Creating prefix script '/home/jo-jo/ros2_ws/install/local_setup.bash'
[1.596s] INFO:colcon.colcon_core.shell:Creating prefix chain script '/home/jo-jo/ros2_ws/install/setup.bash'
[1.597s] INFO:colcon.colcon_core.shell:Creating prefix script '/home/jo-jo/ros2_ws/install/local_setup.zsh'
[1.597s] INFO:colcon.colcon_core.shell:Creating prefix chain script '/home/jo-jo/ros2_ws/install/setup.zsh'
