[0.027s] Invoking command in '/home/jo-jo/ros2_ws/build/my_robot_description': CMAKE_PREFIX_PATH=${CMAKE_PREFIX_PATH}:/opt/ros/jazzy DEBUGINFOD_URLS=https://debuginfod.ubuntu.com /usr/bin/cmake --build /home/jo-jo/ros2_ws/build/my_robot_description -- -j16 -l16
[0.085s] -- Found ament_cmake: 2.5.4 (/opt/ros/jazzy/share/ament_cmake/cmake)
[0.617s] -- Configuring done (0.5s)
[0.628s] -- Generating done (0.0s)
[0.631s] -- Build files have been written to: /home/jo-jo/ros2_ws/build/my_robot_description
[0.674s] Invoked command in '/home/jo-jo/ros2_ws/build/my_robot_description' returned '0': CMAKE_PREFIX_PATH=${CMAKE_PREFIX_PATH}:/opt/ros/jazzy DEBUGINFOD_URLS=https://debuginfod.ubuntu.com /usr/bin/cmake --build /home/jo-jo/ros2_ws/build/my_robot_description -- -j16 -l16
[0.694s] Invoking command in '/home/jo-jo/ros2_ws/build/my_robot_description': CMAKE_PREFIX_PATH=${CMAKE_PREFIX_PATH}:/opt/ros/jazzy DEBUGINFOD_URLS=https://debuginfod.ubuntu.com /usr/bin/cmake --install /home/jo-jo/ros2_ws/build/my_robot_description
[0.710s] -- Install configuration: ""
[0.710s] -- Up-to-date: /home/jo-jo/ros2_ws/install/my_robot_description/share/my_robot_description//urdf
[0.710s] -- Installing: /home/jo-jo/ros2_ws/install/my_robot_description/share/my_robot_description//urdf/mobile_base_potatobot_gazebo.xacro
[0.711s] -- Installing: /home/jo-jo/ros2_ws/install/my_robot_description/share/my_robot_description//urdf/emiliobot.urdf.xacro
[0.711s] -- Installing: /home/jo-jo/ros2_ws/install/my_robot_description/share/my_robot_description//urdf/common_properties.xacro
[0.711s] -- Installing: /home/jo-jo/ros2_ws/install/my_robot_description/share/my_robot_description//urdf/my_robot.urdf.xacro
[0.711s] -- Installing: /home/jo-jo/ros2_ws/install/my_robot_description/share/my_robot_description//urdf/mobile_base_gazebo.xacro
[0.712s] -- Installing: /home/jo-jo/ros2_ws/install/my_robot_description/share/my_robot_description//urdf/untested.urdf.xacro
[0.712s] -- Installing: /home/jo-jo/ros2_ws/install/my_robot_description/share/my_robot_description//urdf/pusharm.urdf.xacro
[0.712s] -- Installing: /home/jo-jo/ros2_ws/install/my_robot_description/share/my_robot_description//urdf/potatobot.urdf.xacro
[0.713s] -- Up-to-date: /home/jo-jo/ros2_ws/install/my_robot_description/share/my_robot_description//launch
[0.713s] -- Installing: /home/jo-jo/ros2_ws/install/my_robot_description/share/my_robot_description//launch/display.launch.xml
[0.713s] -- Up-to-date: /home/jo-jo/ros2_ws/install/my_robot_description/share/my_robot_description//rviz
[0.713s] -- Installing: /home/jo-jo/ros2_ws/install/my_robot_description/share/my_robot_description//rviz/urdf_config1.rviz
[0.713s] -- Installing: /home/jo-jo/ros2_ws/install/my_robot_description/share/my_robot_description//rviz/urdf_config.rviz
[0.714s] -- Installing: /home/jo-jo/ros2_ws/install/my_robot_description/share/ament_index/resource_index/package_run_dependencies/my_robot_description
[0.714s] -- Installing: /home/jo-jo/ros2_ws/install/my_robot_description/share/ament_index/resource_index/parent_prefix_path/my_robot_description
[0.714s] -- Installing: /home/jo-jo/ros2_ws/install/my_robot_description/share/my_robot_description/environment/ament_prefix_path.sh
[0.715s] -- Installing: /home/jo-jo/ros2_ws/install/my_robot_description/share/my_robot_description/environment/ament_prefix_path.dsv
[0.716s] -- Installing: /home/jo-jo/ros2_ws/install/my_robot_description/share/my_robot_description/environment/path.sh
[0.716s] -- Installing: /home/jo-jo/ros2_ws/install/my_robot_description/share/my_robot_description/environment/path.dsv
[0.717s] -- Installing: /home/jo-jo/ros2_ws/install/my_robot_description/share/my_robot_description/local_setup.bash
[0.717s] -- Installing: /home/jo-jo/ros2_ws/install/my_robot_description/share/my_robot_description/local_setup.sh
[0.717s] -- Installing: /home/jo-jo/ros2_ws/install/my_robot_description/share/my_robot_description/local_setup.zsh
[0.718s] -- Installing: /home/jo-jo/ros2_ws/install/my_robot_description/share/my_robot_description/local_setup.dsv
[0.718s] -- Installing: /home/jo-jo/ros2_ws/install/my_robot_description/share/my_robot_description/package.dsv
[0.719s] -- Installing: /home/jo-jo/ros2_ws/install/my_robot_description/share/ament_index/resource_index/packages/my_robot_description
[0.719s] -- Installing: /home/jo-jo/ros2_ws/install/my_robot_description/share/my_robot_description/cmake/my_robot_descriptionConfig.cmake
[0.719s] -- Installing: /home/jo-jo/ros2_ws/install/my_robot_description/share/my_robot_description/cmake/my_robot_descriptionConfig-version.cmake
[0.719s] -- Installing: /home/jo-jo/ros2_ws/install/my_robot_description/share/my_robot_description/package.xml
[0.724s] Invoked command in '/home/jo-jo/ros2_ws/build/my_robot_description' returned '0': CMAKE_PREFIX_PATH=${CMAKE_PREFIX_PATH}:/opt/ros/jazzy DEBUGINFOD_URLS=https://debuginfod.ubuntu.com /usr/bin/cmake --install /home/jo-jo/ros2_ws/build/my_robot_description
