[0.028s] Invoking command in '/home/jo-jo/ros2_ws/build/my_robot_bringup': CMAKE_PREFIX_PATH=${CMAKE_PREFIX_PATH}:/opt/ros/jazzy DEBUGINFOD_URLS=https://debuginfod.ubuntu.com /usr/bin/cmake --build /home/jo-jo/ros2_ws/build/my_robot_bringup -- -j16 -l16
[0.092s] -- Found ament_cmake: 2.5.4 (/opt/ros/jazzy/share/ament_cmake/cmake)
[0.625s] -- Configuring done (0.5s)
[0.636s] -- Generating done (0.0s)
[0.639s] -- Build files have been written to: /home/jo-jo/ros2_ws/build/my_robot_bringup
[0.705s] Invoked command in '/home/jo-jo/ros2_ws/build/my_robot_bringup' returned '0': CMAKE_PREFIX_PATH=${CMAKE_PREFIX_PATH}:/opt/ros/jazzy DEBUGINFOD_URLS=https://debuginfod.ubuntu.com /usr/bin/cmake --build /home/jo-jo/ros2_ws/build/my_robot_bringup -- -j16 -l16
[0.707s] Invoking command in '/home/jo-jo/ros2_ws/build/my_robot_bringup': CMAKE_PREFIX_PATH=${CMAKE_PREFIX_PATH}:/opt/ros/jazzy DEBUGINFOD_URLS=https://debuginfod.ubuntu.com /usr/bin/cmake --install /home/jo-jo/ros2_ws/build/my_robot_bringup
[0.723s] -- Install configuration: ""
[0.723s] -- Up-to-date: /home/jo-jo/ros2_ws/install/my_robot_bringup/share/my_robot_bringup//launch
[0.723s] -- Installing: /home/jo-jo/ros2_ws/install/my_robot_bringup/share/my_robot_bringup//launch/emiliobot_gazebo.launch.xml
[0.724s] -- Installing: /home/jo-jo/ros2_ws/install/my_robot_bringup/share/my_robot_bringup//launch/two_robots_waterworld_ns.launch.xml
[0.726s] -- Installing: /home/jo-jo/ros2_ws/install/my_robot_bringup/share/my_robot_bringup//launch/my_robot_gazebo.launch.xml
[0.726s] -- Installing: /home/jo-jo/ros2_ws/install/my_robot_bringup/share/my_robot_bringup//launch/two_robots_simple_test_ns.launch.xml
[0.728s] -- Installing: /home/jo-jo/ros2_ws/install/my_robot_bringup/share/my_robot_bringup//launch/potatobot_gazebo.launch.xml
[0.728s] -- Installing: /home/jo-jo/ros2_ws/install/my_robot_bringup/share/my_robot_bringup//launch/two_robots_simple_test_xacro.launch.py
[0.728s] -- Installing: /home/jo-jo/ros2_ws/install/my_robot_bringup/share/my_robot_bringup//launch/two_robots_waterworld_xacro.launch.py
[0.728s] -- Up-to-date: /home/jo-jo/ros2_ws/install/my_robot_bringup/share/my_robot_bringup//config
[0.728s] -- Installing: /home/jo-jo/ros2_ws/install/my_robot_bringup/share/my_robot_bringup//config/gazebo_bridge.yaml
[0.729s] -- Up-to-date: /home/jo-jo/ros2_ws/install/my_robot_bringup/share/my_robot_bringup//worlds
[0.729s] -- Installing: /home/jo-jo/ros2_ws/install/my_robot_bringup/share/my_robot_bringup//worlds/potatoland.sdf
[0.729s] -- Installing: /home/jo-jo/ros2_ws/install/my_robot_bringup/share/my_robot_bringup//worlds/eddie_world.sdf
[0.729s] -- Installing: /home/jo-jo/ros2_ws/install/my_robot_bringup/share/my_robot_bringup//worlds/waterworld.sdf
[0.730s] -- Installing: /home/jo-jo/ros2_ws/install/my_robot_bringup/share/my_robot_bringup//worlds/simple_test.sdf
[0.730s] -- Installing: /home/jo-jo/ros2_ws/install/my_robot_bringup/share/my_robot_bringup//worlds/waterworld_easy.sdf
[0.730s] -- Up-to-date: /home/jo-jo/ros2_ws/install/my_robot_bringup/share/my_robot_bringup//models
[0.730s] -- Up-to-date: /home/jo-jo/ros2_ws/install/my_robot_bringup/share/my_robot_bringup//models/castle
[0.731s] -- Up-to-date: /home/jo-jo/ros2_ws/install/my_robot_bringup/share/my_robot_bringup//models/castle/textures
[0.731s] -- Up-to-date: /home/jo-jo/ros2_ws/install/my_robot_bringup/share/my_robot_bringup//models/castle/textures/grass_textures
[0.731s] -- Installing: /home/jo-jo/ros2_ws/install/my_robot_bringup/share/my_robot_bringup//models/castle/textures/grass_textures/green_grass_circular.png
[0.739s] -- Installing: /home/jo-jo/ros2_ws/install/my_robot_bringup/share/my_robot_bringup//models/castle/textures/grass_textures/green_grass_seamless.jpg
[0.747s] -- Up-to-date: /home/jo-jo/ros2_ws/install/my_robot_bringup/share/my_robot_bringup//models/castle/textures/wood_textures
[0.748s] -- Installing: /home/jo-jo/ros2_ws/install/my_robot_bringup/share/my_robot_bringup//models/castle/textures/wood_textures/wood_texture_seamless_1x5.jpg
[0.764s] -- Installing: /home/jo-jo/ros2_ws/install/my_robot_bringup/share/my_robot_bringup//models/castle/textures/wood_textures/wood_texture_seamless_1x3.jpg
[0.775s] -- Installing: /home/jo-jo/ros2_ws/install/my_robot_bringup/share/my_robot_bringup//models/castle/textures/wood_textures/wood_texture_seamless_1x10.jpg
[0.805s] -- Installing: /home/jo-jo/ros2_ws/install/my_robot_bringup/share/my_robot_bringup//models/castle/textures/wood_textures/wood_texture_seamless_1x2.jpg
[0.813s] -- Installing: /home/jo-jo/ros2_ws/install/my_robot_bringup/share/my_robot_bringup//models/castle/textures/wood_textures/wood_texture_seamless_1x1.jpg
[0.824s] -- Up-to-date: /home/jo-jo/ros2_ws/install/my_robot_bringup/share/my_robot_bringup//models/castle/textures/stone_textures
[0.824s] -- Installing: /home/jo-jo/ros2_ws/install/my_robot_bringup/share/my_robot_bringup//models/castle/textures/stone_textures/stone_wall_seamless_4x1.jpg
[0.844s] -- Installing: /home/jo-jo/ros2_ws/install/my_robot_bringup/share/my_robot_bringup//models/castle/textures/stone_textures/stone_wall_seamless_2x1.jpg
[0.855s] -- Installing: /home/jo-jo/ros2_ws/install/my_robot_bringup/share/my_robot_bringup//models/castle/textures/stone_textures/stone_wall_seamless_1x2.jpg
[0.866s] -- Installing: /home/jo-jo/ros2_ws/install/my_robot_bringup/share/my_robot_bringup//models/castle/textures/stone_textures/stone_wall_seamless_1x1.jpg
[0.887s] -- Installing: /home/jo-jo/ros2_ws/install/my_robot_bringup/share/my_robot_bringup//models/castle/textures/stone_textures/stone_wall_seamless_1x3.jpg
[0.903s] -- Up-to-date: /home/jo-jo/ros2_ws/install/my_robot_bringup/share/my_robot_bringup//models/castle/textures/misc_textures
[0.904s] -- Installing: /home/jo-jo/ros2_ws/install/my_robot_bringup/share/my_robot_bringup//models/castle/textures/misc_textures/lava_2.jpeg
[0.904s] -- Installing: /home/jo-jo/ros2_ws/install/my_robot_bringup/share/my_robot_bringup//models/castle/textures/misc_textures/lava_5.jpeg
[0.905s] -- Installing: /home/jo-jo/ros2_ws/install/my_robot_bringup/share/my_robot_bringup//models/castle/textures/misc_textures/lava_4.jpeg
[0.906s] -- Installing: /home/jo-jo/ros2_ws/install/my_robot_bringup/share/my_robot_bringup//models/castle/textures/misc_textures/lava_3.jpeg
[0.907s] -- Installing: /home/jo-jo/ros2_ws/install/my_robot_bringup/share/my_robot_bringup//models/castle/textures/misc_textures/lava.jpeg
[0.907s] -- Up-to-date: /home/jo-jo/ros2_ws/install/my_robot_bringup/share/my_robot_bringup//models/castle/textures/soil_textures
[0.907s] -- Installing: /home/jo-jo/ros2_ws/install/my_robot_bringup/share/my_robot_bringup//models/castle/textures/soil_textures/soil_seamless_1.jpg
[0.939s] -- Installing: /home/jo-jo/ros2_ws/install/my_robot_bringup/share/my_robot_bringup//models/castle/textures/soil_textures/dirt.jpeg
[0.940s] -- Installing: /home/jo-jo/ros2_ws/install/my_robot_bringup/share/my_robot_bringup//models/castle/model.sdf
[0.940s] -- Up-to-date: /home/jo-jo/ros2_ws/install/my_robot_bringup/share/my_robot_bringup//models/collapsed_house
[0.940s] -- Up-to-date: /home/jo-jo/ros2_ws/install/my_robot_bringup/share/my_robot_bringup//models/collapsed_house/meshes
[0.941s] -- Installing: /home/jo-jo/ros2_ws/install/my_robot_bringup/share/my_robot_bringup//models/collapsed_house/meshes/collapsed_house.dae
[0.941s] -- Installing: /home/jo-jo/ros2_ws/install/my_robot_bringup/share/my_robot_bringup//models/collapsed_house/model.sdf
[0.942s] -- Up-to-date: /home/jo-jo/ros2_ws/install/my_robot_bringup/share/my_robot_bringup//models/collapsed_house/thumbnails
[0.942s] -- Installing: /home/jo-jo/ros2_ws/install/my_robot_bringup/share/my_robot_bringup//models/collapsed_house/thumbnails/2.png
[0.942s] -- Installing: /home/jo-jo/ros2_ws/install/my_robot_bringup/share/my_robot_bringup//models/collapsed_house/thumbnails/3.png
[0.943s] -- Installing: /home/jo-jo/ros2_ws/install/my_robot_bringup/share/my_robot_bringup//models/collapsed_house/thumbnails/4.png
[0.943s] -- Installing: /home/jo-jo/ros2_ws/install/my_robot_bringup/share/my_robot_bringup//models/collapsed_house/thumbnails/5.png
[0.943s] -- Installing: /home/jo-jo/ros2_ws/install/my_robot_bringup/share/my_robot_bringup//models/collapsed_house/thumbnails/1.png
[0.944s] -- Installing: /home/jo-jo/ros2_ws/install/my_robot_bringup/share/my_robot_bringup//models/collapsed_house/metadata.pbtxt
[0.944s] -- Up-to-date: /home/jo-jo/ros2_ws/install/my_robot_bringup/share/my_robot_bringup//models/collapsed_house/materials
[0.944s] -- Up-to-date: /home/jo-jo/ros2_ws/install/my_robot_bringup/share/my_robot_bringup//models/collapsed_house/materials/textures
[0.945s] -- Installing: /home/jo-jo/ros2_ws/install/my_robot_bringup/share/my_robot_bringup//models/collapsed_house/materials/textures/collapsed_house_diffuse.jpg
[0.945s] -- Installing: /home/jo-jo/ros2_ws/install/my_robot_bringup/share/my_robot_bringup//models/collapsed_house/materials/textures/collapsed_house_spec.jpg
[0.946s] -- Installing: /home/jo-jo/ros2_ws/install/my_robot_bringup/share/my_robot_bringup//models/collapsed_house/model.config
[0.947s] -- Up-to-date: /home/jo-jo/ros2_ws/install/my_robot_bringup/share/my_robot_bringup//models/collapsed_police_station
[0.947s] -- Up-to-date: /home/jo-jo/ros2_ws/install/my_robot_bringup/share/my_robot_bringup//models/collapsed_police_station/meshes
[0.947s] -- Installing: /home/jo-jo/ros2_ws/install/my_robot_bringup/share/my_robot_bringup//models/collapsed_police_station/meshes/collapsed_police_station.dae
[0.948s] -- Installing: /home/jo-jo/ros2_ws/install/my_robot_bringup/share/my_robot_bringup//models/collapsed_police_station/model.sdf
[0.948s] -- Up-to-date: /home/jo-jo/ros2_ws/install/my_robot_bringup/share/my_robot_bringup//models/collapsed_police_station/thumbnails
[0.948s] -- Installing: /home/jo-jo/ros2_ws/install/my_robot_bringup/share/my_robot_bringup//models/collapsed_police_station/thumbnails/2.png
[0.949s] -- Installing: /home/jo-jo/ros2_ws/install/my_robot_bringup/share/my_robot_bringup//models/collapsed_police_station/thumbnails/3.png
[0.949s] -- Installing: /home/jo-jo/ros2_ws/install/my_robot_bringup/share/my_robot_bringup//models/collapsed_police_station/thumbnails/4.png
[0.950s] -- Installing: /home/jo-jo/ros2_ws/install/my_robot_bringup/share/my_robot_bringup//models/collapsed_police_station/thumbnails/5.png
[0.950s] -- Installing: /home/jo-jo/ros2_ws/install/my_robot_bringup/share/my_robot_bringup//models/collapsed_police_station/thumbnails/1.png
[0.951s] -- Up-to-date: /home/jo-jo/ros2_ws/install/my_robot_bringup/share/my_robot_bringup//models/collapsed_police_station/materials
[0.951s] -- Up-to-date: /home/jo-jo/ros2_ws/install/my_robot_bringup/share/my_robot_bringup//models/collapsed_police_station/materials/textures
[0.951s] -- Installing: /home/jo-jo/ros2_ws/install/my_robot_bringup/share/my_robot_bringup//models/collapsed_police_station/materials/textures/collapsed_police_station_spec.jpg
[0.952s] -- Installing: /home/jo-jo/ros2_ws/install/my_robot_bringup/share/my_robot_bringup//models/collapsed_police_station/materials/textures/rubble_diffuse.jpg
[0.952s] -- Installing: /home/jo-jo/ros2_ws/install/my_robot_bringup/share/my_robot_bringup//models/collapsed_police_station/materials/textures/rough_concrete_diffuse.jpg
[0.952s] -- Installing: /home/jo-jo/ros2_ws/install/my_robot_bringup/share/my_robot_bringup//models/collapsed_police_station/materials/textures/rubble_spec.jpg
[0.953s] -- Installing: /home/jo-jo/ros2_ws/install/my_robot_bringup/share/my_robot_bringup//models/collapsed_police_station/materials/textures/collapsed_police_station_diffuse.jpg
[0.954s] -- Installing: /home/jo-jo/ros2_ws/install/my_robot_bringup/share/my_robot_bringup//models/collapsed_police_station/materials/textures/rough_concrete_spec.jpg
[0.954s] -- Installing: /home/jo-jo/ros2_ws/install/my_robot_bringup/share/my_robot_bringup//models/collapsed_police_station/model.config
[0.955s] -- Up-to-date: /home/jo-jo/ros2_ws/install/my_robot_bringup/share/my_robot_bringup//models/textures
[0.955s] -- Up-to-date: /home/jo-jo/ros2_ws/install/my_robot_bringup/share/my_robot_bringup//models/textures/grass_textures
[0.955s] -- Installing: /home/jo-jo/ros2_ws/install/my_robot_bringup/share/my_robot_bringup//models/textures/grass_textures/green_grass_circular.png
[0.960s] -- Installing: /home/jo-jo/ros2_ws/install/my_robot_bringup/share/my_robot_bringup//models/textures/grass_textures/green_grass_seamless.jpg
[0.966s] -- Installing: /home/jo-jo/ros2_ws/install/my_robot_bringup/share/my_robot_bringup//models/textures/grass_textures/green_grass_seamless_8x9.png
[0.970s] -- Up-to-date: /home/jo-jo/ros2_ws/install/my_robot_bringup/share/my_robot_bringup//models/textures/wood_textures
[0.970s] -- Installing: /home/jo-jo/ros2_ws/install/my_robot_bringup/share/my_robot_bringup//models/textures/wood_textures/wood_texture_seamless_1x5.jpg
[0.981s] -- Installing: /home/jo-jo/ros2_ws/install/my_robot_bringup/share/my_robot_bringup//models/textures/wood_textures/bark.jpeg
[0.982s] -- Installing: /home/jo-jo/ros2_ws/install/my_robot_bringup/share/my_robot_bringup//models/textures/wood_textures/wood_texture_seamless_1x3.jpg
[0.989s] -- Installing: /home/jo-jo/ros2_ws/install/my_robot_bringup/share/my_robot_bringup//models/textures/wood_textures/wood_texture_seamless_1x10.jpg
[1.009s] -- Installing: /home/jo-jo/ros2_ws/install/my_robot_bringup/share/my_robot_bringup//models/textures/wood_textures/custom_wood_texture.png
[1.014s] -- Installing: /home/jo-jo/ros2_ws/install/my_robot_bringup/share/my_robot_bringup//models/textures/wood_textures/wood_texture_seamless_1x2.jpg
[1.019s] -- Installing: /home/jo-jo/ros2_ws/install/my_robot_bringup/share/my_robot_bringup//models/textures/wood_textures/custom_wood_texture.jpg
[1.020s] -- Installing: /home/jo-jo/ros2_ws/install/my_robot_bringup/share/my_robot_bringup//models/textures/wood_textures/wood_texture_seamless_1x1.jpg
[1.027s] -- Up-to-date: /home/jo-jo/ros2_ws/install/my_robot_bringup/share/my_robot_bringup//models/textures/stone_textures
[1.027s] -- Installing: /home/jo-jo/ros2_ws/install/my_robot_bringup/share/my_robot_bringup//models/textures/stone_textures/stone_wall_seamless_4x1.jpg
[1.040s] -- Installing: /home/jo-jo/ros2_ws/install/my_robot_bringup/share/my_robot_bringup//models/textures/stone_textures/stone_wall_seamless_2x1.jpg
[1.047s] -- Installing: /home/jo-jo/ros2_ws/install/my_robot_bringup/share/my_robot_bringup//models/textures/stone_textures/stone_wall_seamless_1x2.jpg
[1.054s] -- Installing: /home/jo-jo/ros2_ws/install/my_robot_bringup/share/my_robot_bringup//models/textures/stone_textures/stone_wall_seamless_1x1.jpg
[1.067s] -- Installing: /home/jo-jo/ros2_ws/install/my_robot_bringup/share/my_robot_bringup//models/textures/stone_textures/stone_wall_seamless_1x3.jpg
[1.077s] -- Up-to-date: /home/jo-jo/ros2_ws/install/my_robot_bringup/share/my_robot_bringup//models/textures/misc_textures
[1.078s] -- Installing: /home/jo-jo/ros2_ws/install/my_robot_bringup/share/my_robot_bringup//models/textures/misc_textures/bright_green_leaves_small.jpg
[1.078s] -- Installing: /home/jo-jo/ros2_ws/install/my_robot_bringup/share/my_robot_bringup//models/textures/misc_textures/lava_2.jpeg
[1.079s] -- Installing: /home/jo-jo/ros2_ws/install/my_robot_bringup/share/my_robot_bringup//models/textures/misc_textures/lava_5.jpeg
[1.079s] -- Installing: /home/jo-jo/ros2_ws/install/my_robot_bringup/share/my_robot_bringup//models/textures/misc_textures/lava_4.jpeg
[1.079s] -- Installing: /home/jo-jo/ros2_ws/install/my_robot_bringup/share/my_robot_bringup//models/textures/misc_textures/lava_3.jpeg
[1.080s] -- Installing: /home/jo-jo/ros2_ws/install/my_robot_bringup/share/my_robot_bringup//models/textures/misc_textures/lava.jpeg
[1.080s] -- Up-to-date: /home/jo-jo/ros2_ws/install/my_robot_bringup/share/my_robot_bringup//models/textures/soil_textures
[1.080s] -- Installing: /home/jo-jo/ros2_ws/install/my_robot_bringup/share/my_robot_bringup//models/textures/soil_textures/soil_seamless_1.jpg
[1.100s] -- Installing: /home/jo-jo/ros2_ws/install/my_robot_bringup/share/my_robot_bringup//models/textures/soil_textures/dirt.jpeg
[1.100s] -- Up-to-date: /home/jo-jo/ros2_ws/install/my_robot_bringup/share/my_robot_bringup//models/Vessel_E
[1.101s] -- Up-to-date: /home/jo-jo/ros2_ws/install/my_robot_bringup/share/my_robot_bringup//models/Vessel_E/meshes
[1.101s] -- Installing: /home/jo-jo/ros2_ws/install/my_robot_bringup/share/my_robot_bringup//models/Vessel_E/meshes/Boat05.dae
[1.103s] -- Installing: /home/jo-jo/ros2_ws/install/my_robot_bringup/share/my_robot_bringup//models/Vessel_E/model.sdf
[1.103s] -- Up-to-date: /home/jo-jo/ros2_ws/install/my_robot_bringup/share/my_robot_bringup//models/Vessel_E/thumbnails
[1.104s] -- Installing: /home/jo-jo/ros2_ws/install/my_robot_bringup/share/my_robot_bringup//models/Vessel_E/thumbnails/1.png
[1.105s] -- Up-to-date: /home/jo-jo/ros2_ws/install/my_robot_bringup/share/my_robot_bringup//models/Vessel_E/materials
[1.105s] -- Up-to-date: /home/jo-jo/ros2_ws/install/my_robot_bringup/share/my_robot_bringup//models/Vessel_E/materials/textures
[1.105s] -- Installing: /home/jo-jo/ros2_ws/install/my_robot_bringup/share/my_robot_bringup//models/Vessel_E/materials/textures/Boat05_Normal.png
[1.107s] -- Installing: /home/jo-jo/ros2_ws/install/my_robot_bringup/share/my_robot_bringup//models/Vessel_E/materials/textures/Boat05_Albedo.jpg
[1.112s] -- Installing: /home/jo-jo/ros2_ws/install/my_robot_bringup/share/my_robot_bringup//models/Vessel_E/materials/textures/Boat05_Metalness.png
[1.112s] -- Installing: /home/jo-jo/ros2_ws/install/my_robot_bringup/share/my_robot_bringup//models/Vessel_E/materials/textures/Boat05_Roughness.jpg
[1.115s] -- Installing: /home/jo-jo/ros2_ws/install/my_robot_bringup/share/my_robot_bringup//models/Vessel_E/model.config
[1.116s] -- Up-to-date: /home/jo-jo/ros2_ws/install/my_robot_bringup/share/my_robot_bringup//models/Animal_Planet_Foam_2Headed_Dragon
[1.116s] -- Up-to-date: /home/jo-jo/ros2_ws/install/my_robot_bringup/share/my_robot_bringup//models/Animal_Planet_Foam_2Headed_Dragon/meshes
[1.117s] -- Installing: /home/jo-jo/ros2_ws/install/my_robot_bringup/share/my_robot_bringup//models/Animal_Planet_Foam_2Headed_Dragon/meshes/model.mtl
[1.117s] -- Installing: /home/jo-jo/ros2_ws/install/my_robot_bringup/share/my_robot_bringup//models/Animal_Planet_Foam_2Headed_Dragon/meshes/model.obj
[1.123s] -- Installing: /home/jo-jo/ros2_ws/install/my_robot_bringup/share/my_robot_bringup//models/Animal_Planet_Foam_2Headed_Dragon/model.sdf
[1.123s] -- Up-to-date: /home/jo-jo/ros2_ws/install/my_robot_bringup/share/my_robot_bringup//models/Animal_Planet_Foam_2Headed_Dragon/thumbnails
[1.124s] -- Installing: /home/jo-jo/ros2_ws/install/my_robot_bringup/share/my_robot_bringup//models/Animal_Planet_Foam_2Headed_Dragon/thumbnails/4.jpg
[1.124s] -- Installing: /home/jo-jo/ros2_ws/install/my_robot_bringup/share/my_robot_bringup//models/Animal_Planet_Foam_2Headed_Dragon/thumbnails/0.jpg
[1.125s] -- Installing: /home/jo-jo/ros2_ws/install/my_robot_bringup/share/my_robot_bringup//models/Animal_Planet_Foam_2Headed_Dragon/thumbnails/2.jpg
[1.126s] -- Installing: /home/jo-jo/ros2_ws/install/my_robot_bringup/share/my_robot_bringup//models/Animal_Planet_Foam_2Headed_Dragon/thumbnails/1.jpg
[1.126s] -- Installing: /home/jo-jo/ros2_ws/install/my_robot_bringup/share/my_robot_bringup//models/Animal_Planet_Foam_2Headed_Dragon/thumbnails/3.jpg
[1.127s] -- Installing: /home/jo-jo/ros2_ws/install/my_robot_bringup/share/my_robot_bringup//models/Animal_Planet_Foam_2Headed_Dragon/metadata.pbtxt
[1.128s] -- Up-to-date: /home/jo-jo/ros2_ws/install/my_robot_bringup/share/my_robot_bringup//models/Animal_Planet_Foam_2Headed_Dragon/materials
[1.128s] -- Up-to-date: /home/jo-jo/ros2_ws/install/my_robot_bringup/share/my_robot_bringup//models/Animal_Planet_Foam_2Headed_Dragon/materials/textures
[1.128s] -- Installing: /home/jo-jo/ros2_ws/install/my_robot_bringup/share/my_robot_bringup//models/Animal_Planet_Foam_2Headed_Dragon/materials/textures/dragon_texture.png
[1.171s] -- Installing: /home/jo-jo/ros2_ws/install/my_robot_bringup/share/my_robot_bringup//models/Animal_Planet_Foam_2Headed_Dragon/model.config
[1.172s] -- Up-to-date: /home/jo-jo/ros2_ws/install/my_robot_bringup/share/my_robot_bringup//models/Weisshai_Great_White_Shark
[1.172s] -- Up-to-date: /home/jo-jo/ros2_ws/install/my_robot_bringup/share/my_robot_bringup//models/Weisshai_Great_White_Shark/meshes
[1.172s] -- Installing: /home/jo-jo/ros2_ws/install/my_robot_bringup/share/my_robot_bringup//models/Weisshai_Great_White_Shark/meshes/model.mtl
[1.173s] -- Installing: /home/jo-jo/ros2_ws/install/my_robot_bringup/share/my_robot_bringup//models/Weisshai_Great_White_Shark/meshes/model.obj
[1.175s] -- Installing: /home/jo-jo/ros2_ws/install/my_robot_bringup/share/my_robot_bringup//models/Weisshai_Great_White_Shark/model.sdf
[1.175s] -- Up-to-date: /home/jo-jo/ros2_ws/install/my_robot_bringup/share/my_robot_bringup//models/Weisshai_Great_White_Shark/thumbnails
[1.175s] -- Installing: /home/jo-jo/ros2_ws/install/my_robot_bringup/share/my_robot_bringup//models/Weisshai_Great_White_Shark/thumbnails/4.jpg
[1.176s] -- Installing: /home/jo-jo/ros2_ws/install/my_robot_bringup/share/my_robot_bringup//models/Weisshai_Great_White_Shark/thumbnails/0.jpg
[1.176s] -- Installing: /home/jo-jo/ros2_ws/install/my_robot_bringup/share/my_robot_bringup//models/Weisshai_Great_White_Shark/thumbnails/2.jpg
[1.177s] -- Installing: /home/jo-jo/ros2_ws/install/my_robot_bringup/share/my_robot_bringup//models/Weisshai_Great_White_Shark/thumbnails/1.jpg
[1.178s] -- Installing: /home/jo-jo/ros2_ws/install/my_robot_bringup/share/my_robot_bringup//models/Weisshai_Great_White_Shark/thumbnails/3.jpg
[1.178s] -- Installing: /home/jo-jo/ros2_ws/install/my_robot_bringup/share/my_robot_bringup//models/Weisshai_Great_White_Shark/metadata.pbtxt
[1.179s] -- Up-to-date: /home/jo-jo/ros2_ws/install/my_robot_bringup/share/my_robot_bringup//models/Weisshai_Great_White_Shark/materials
[1.179s] -- Up-to-date: /home/jo-jo/ros2_ws/install/my_robot_bringup/share/my_robot_bringup//models/Weisshai_Great_White_Shark/materials/textures
[1.179s] -- Installing: /home/jo-jo/ros2_ws/install/my_robot_bringup/share/my_robot_bringup//models/Weisshai_Great_White_Shark/materials/textures/shark_texture.png
[1.203s] -- Installing: /home/jo-jo/ros2_ws/install/my_robot_bringup/share/my_robot_bringup//models/Weisshai_Great_White_Shark/model.config
[1.204s] -- Up-to-date: /home/jo-jo/ros2_ws/install/my_robot_bringup/share/my_robot_bringup//models/Transformers_Age_of_Extinction_Stomp_and_Chomp_Grimlock_Figure
[1.204s] -- Up-to-date: /home/jo-jo/ros2_ws/install/my_robot_bringup/share/my_robot_bringup//models/Transformers_Age_of_Extinction_Stomp_and_Chomp_Grimlock_Figure/meshes
[1.205s] -- Installing: /home/jo-jo/ros2_ws/install/my_robot_bringup/share/my_robot_bringup//models/Transformers_Age_of_Extinction_Stomp_and_Chomp_Grimlock_Figure/meshes/model.mtl
[1.205s] -- Installing: /home/jo-jo/ros2_ws/install/my_robot_bringup/share/my_robot_bringup//models/Transformers_Age_of_Extinction_Stomp_and_Chomp_Grimlock_Figure/meshes/model.obj
[1.228s] -- Installing: /home/jo-jo/ros2_ws/install/my_robot_bringup/share/my_robot_bringup//models/Transformers_Age_of_Extinction_Stomp_and_Chomp_Grimlock_Figure/model.sdf
[1.229s] -- Up-to-date: /home/jo-jo/ros2_ws/install/my_robot_bringup/share/my_robot_bringup//models/Transformers_Age_of_Extinction_Stomp_and_Chomp_Grimlock_Figure/thumbnails
[1.229s] -- Installing: /home/jo-jo/ros2_ws/install/my_robot_bringup/share/my_robot_bringup//models/Transformers_Age_of_Extinction_Stomp_and_Chomp_Grimlock_Figure/thumbnails/4.jpg
[1.230s] -- Installing: /home/jo-jo/ros2_ws/install/my_robot_bringup/share/my_robot_bringup//models/Transformers_Age_of_Extinction_Stomp_and_Chomp_Grimlock_Figure/thumbnails/0.jpg
[1.231s] -- Installing: /home/jo-jo/ros2_ws/install/my_robot_bringup/share/my_robot_bringup//models/Transformers_Age_of_Extinction_Stomp_and_Chomp_Grimlock_Figure/thumbnails/2.jpg
[1.231s] -- Installing: /home/jo-jo/ros2_ws/install/my_robot_bringup/share/my_robot_bringup//models/Transformers_Age_of_Extinction_Stomp_and_Chomp_Grimlock_Figure/thumbnails/1.jpg
[1.232s] -- Installing: /home/jo-jo/ros2_ws/install/my_robot_bringup/share/my_robot_bringup//models/Transformers_Age_of_Extinction_Stomp_and_Chomp_Grimlock_Figure/thumbnails/3.jpg
[1.233s] -- Installing: /home/jo-jo/ros2_ws/install/my_robot_bringup/share/my_robot_bringup//models/Transformers_Age_of_Extinction_Stomp_and_Chomp_Grimlock_Figure/metadata.pbtxt
[1.233s] -- Up-to-date: /home/jo-jo/ros2_ws/install/my_robot_bringup/share/my_robot_bringup//models/Transformers_Age_of_Extinction_Stomp_and_Chomp_Grimlock_Figure/materials
[1.233s] -- Up-to-date: /home/jo-jo/ros2_ws/install/my_robot_bringup/share/my_robot_bringup//models/Transformers_Age_of_Extinction_Stomp_and_Chomp_Grimlock_Figure/materials/textures
[1.234s] -- Installing: /home/jo-jo/ros2_ws/install/my_robot_bringup/share/my_robot_bringup//models/Transformers_Age_of_Extinction_Stomp_and_Chomp_Grimlock_Figure/materials/textures/dinobot_texture.png
[1.267s] -- Installing: /home/jo-jo/ros2_ws/install/my_robot_bringup/share/my_robot_bringup//models/Transformers_Age_of_Extinction_Stomp_and_Chomp_Grimlock_Figure/model.config
[1.268s] -- Up-to-date: /home/jo-jo/ros2_ws/install/my_robot_bringup/share/my_robot_bringup//models/water_tower
[1.268s] -- Up-to-date: /home/jo-jo/ros2_ws/install/my_robot_bringup/share/my_robot_bringup//models/water_tower/meshes
[1.268s] -- Installing: /home/jo-jo/ros2_ws/install/my_robot_bringup/share/my_robot_bringup//models/water_tower/meshes/water_tower.dae
[1.268s] -- Installing: /home/jo-jo/ros2_ws/install/my_robot_bringup/share/my_robot_bringup//models/water_tower/model.sdf
[1.269s] -- Up-to-date: /home/jo-jo/ros2_ws/install/my_robot_bringup/share/my_robot_bringup//models/water_tower/thumbnails
[1.269s] -- Installing: /home/jo-jo/ros2_ws/install/my_robot_bringup/share/my_robot_bringup//models/water_tower/thumbnails/2.png
[1.269s] -- Installing: /home/jo-jo/ros2_ws/install/my_robot_bringup/share/my_robot_bringup//models/water_tower/thumbnails/3.png
[1.269s] -- Installing: /home/jo-jo/ros2_ws/install/my_robot_bringup/share/my_robot_bringup//models/water_tower/thumbnails/4.png
[1.270s] -- Installing: /home/jo-jo/ros2_ws/install/my_robot_bringup/share/my_robot_bringup//models/water_tower/thumbnails/5.png
[1.270s] -- Installing: /home/jo-jo/ros2_ws/install/my_robot_bringup/share/my_robot_bringup//models/water_tower/thumbnails/1.png
[1.271s] -- Up-to-date: /home/jo-jo/ros2_ws/install/my_robot_bringup/share/my_robot_bringup//models/water_tower/materials
[1.271s] -- Up-to-date: /home/jo-jo/ros2_ws/install/my_robot_bringup/share/my_robot_bringup//models/water_tower/materials/textures
[1.271s] -- Installing: /home/jo-jo/ros2_ws/install/my_robot_bringup/share/my_robot_bringup//models/water_tower/materials/textures/water_tower_spec.jpg
[1.272s] -- Installing: /home/jo-jo/ros2_ws/install/my_robot_bringup/share/my_robot_bringup//models/water_tower/materials/textures/water_tower_diffuse.jpg
[1.273s] -- Installing: /home/jo-jo/ros2_ws/install/my_robot_bringup/share/my_robot_bringup//models/water_tower/model.config
[1.273s] -- Up-to-date: /home/jo-jo/ros2_ws/install/my_robot_bringup/share/my_robot_bringup//models/Schleich_Bald_Eagle
[1.273s] -- Up-to-date: /home/jo-jo/ros2_ws/install/my_robot_bringup/share/my_robot_bringup//models/Schleich_Bald_Eagle/meshes
[1.273s] -- Installing: /home/jo-jo/ros2_ws/install/my_robot_bringup/share/my_robot_bringup//models/Schleich_Bald_Eagle/meshes/model.mtl
[1.274s] -- Installing: /home/jo-jo/ros2_ws/install/my_robot_bringup/share/my_robot_bringup//models/Schleich_Bald_Eagle/meshes/model.obj
[1.279s] -- Installing: /home/jo-jo/ros2_ws/install/my_robot_bringup/share/my_robot_bringup//models/Schleich_Bald_Eagle/model.sdf
[1.279s] -- Up-to-date: /home/jo-jo/ros2_ws/install/my_robot_bringup/share/my_robot_bringup//models/Schleich_Bald_Eagle/thumbnails
[1.279s] -- Installing: /home/jo-jo/ros2_ws/install/my_robot_bringup/share/my_robot_bringup//models/Schleich_Bald_Eagle/thumbnails/4.jpg
[1.280s] -- Installing: /home/jo-jo/ros2_ws/install/my_robot_bringup/share/my_robot_bringup//models/Schleich_Bald_Eagle/thumbnails/0.jpg
[1.281s] -- Installing: /home/jo-jo/ros2_ws/install/my_robot_bringup/share/my_robot_bringup//models/Schleich_Bald_Eagle/thumbnails/2.jpg
[1.281s] -- Installing: /home/jo-jo/ros2_ws/install/my_robot_bringup/share/my_robot_bringup//models/Schleich_Bald_Eagle/thumbnails/1.jpg
[1.282s] -- Installing: /home/jo-jo/ros2_ws/install/my_robot_bringup/share/my_robot_bringup//models/Schleich_Bald_Eagle/thumbnails/3.jpg
[1.283s] -- Installing: /home/jo-jo/ros2_ws/install/my_robot_bringup/share/my_robot_bringup//models/Schleich_Bald_Eagle/metadata.pbtxt
[1.284s] -- Up-to-date: /home/jo-jo/ros2_ws/install/my_robot_bringup/share/my_robot_bringup//models/Schleich_Bald_Eagle/materials
[1.284s] -- Up-to-date: /home/jo-jo/ros2_ws/install/my_robot_bringup/share/my_robot_bringup//models/Schleich_Bald_Eagle/materials/textures
[1.284s] -- Installing: /home/jo-jo/ros2_ws/install/my_robot_bringup/share/my_robot_bringup//models/Schleich_Bald_Eagle/materials/textures/eagle_texture.png
[1.317s] -- Installing: /home/jo-jo/ros2_ws/install/my_robot_bringup/share/my_robot_bringup//models/Schleich_Bald_Eagle/model.config
[1.317s] -- Up-to-date: /home/jo-jo/ros2_ws/install/my_robot_bringup/share/my_robot_bringup//models/coast_waves_2
[1.317s] -- Up-to-date: /home/jo-jo/ros2_ws/install/my_robot_bringup/share/my_robot_bringup//models/coast_waves_2/meshes
[1.318s] -- Installing: /home/jo-jo/ros2_ws/install/my_robot_bringup/share/my_robot_bringup//models/coast_waves_2/meshes/waterlow.dae
[1.340s] -- Installing: /home/jo-jo/ros2_ws/install/my_robot_bringup/share/my_robot_bringup//models/coast_waves_2/model.sdf
[1.340s] -- Up-to-date: /home/jo-jo/ros2_ws/install/my_robot_bringup/share/my_robot_bringup//models/coast_waves_2/thumbnails
[1.340s] -- Installing: /home/jo-jo/ros2_ws/install/my_robot_bringup/share/my_robot_bringup//models/coast_waves_2/thumbnails/1.png
[1.341s] -- Up-to-date: /home/jo-jo/ros2_ws/install/my_robot_bringup/share/my_robot_bringup//models/coast_waves_2/materials
[1.341s] -- Up-to-date: /home/jo-jo/ros2_ws/install/my_robot_bringup/share/my_robot_bringup//models/coast_waves_2/materials/programs
[1.341s] -- Installing: /home/jo-jo/ros2_ws/install/my_robot_bringup/share/my_robot_bringup//models/coast_waves_2/materials/programs/GerstnerWaves_vs.metal
[1.342s] -- Installing: /home/jo-jo/ros2_ws/install/my_robot_bringup/share/my_robot_bringup//models/coast_waves_2/materials/programs/GerstnerWaves_fs.metal
[1.342s] -- Installing: /home/jo-jo/ros2_ws/install/my_robot_bringup/share/my_robot_bringup//models/coast_waves_2/materials/programs/GerstnerWaves_fs_330.glsl
[1.342s] -- Installing: /home/jo-jo/ros2_ws/install/my_robot_bringup/share/my_robot_bringup//models/coast_waves_2/materials/programs/GerstnerWaves_vs_330.glsl
[1.342s] -- Up-to-date: /home/jo-jo/ros2_ws/install/my_robot_bringup/share/my_robot_bringup//models/coast_waves_2/materials/textures
[1.342s] -- Installing: /home/jo-jo/ros2_ws/install/my_robot_bringup/share/my_robot_bringup//models/coast_waves_2/materials/textures/wave_normals.dds
[1.343s] -- Installing: /home/jo-jo/ros2_ws/install/my_robot_bringup/share/my_robot_bringup//models/coast_waves_2/materials/textures/skybox_lowres.dds
[1.344s] -- Installing: /home/jo-jo/ros2_ws/install/my_robot_bringup/share/my_robot_bringup//models/coast_waves_2/model.config
[1.345s] -- Up-to-date: /home/jo-jo/ros2_ws/install/my_robot_bringup/share/my_robot_bringup//models/casual_female
[1.345s] -- Up-to-date: /home/jo-jo/ros2_ws/install/my_robot_bringup/share/my_robot_bringup//models/casual_female/meshes
[1.345s] -- Installing: /home/jo-jo/ros2_ws/install/my_robot_bringup/share/my_robot_bringup//models/casual_female/meshes/casual_female.dae
[1.352s] -- Installing: /home/jo-jo/ros2_ws/install/my_robot_bringup/share/my_robot_bringup//models/casual_female/model.sdf
[1.352s] -- Up-to-date: /home/jo-jo/ros2_ws/install/my_robot_bringup/share/my_robot_bringup//models/casual_female/thumbnails
[1.352s] -- Installing: /home/jo-jo/ros2_ws/install/my_robot_bringup/share/my_robot_bringup//models/casual_female/thumbnails/2.png
[1.353s] -- Installing: /home/jo-jo/ros2_ws/install/my_robot_bringup/share/my_robot_bringup//models/casual_female/thumbnails/3.png
[1.353s] -- Installing: /home/jo-jo/ros2_ws/install/my_robot_bringup/share/my_robot_bringup//models/casual_female/thumbnails/4.png
[1.353s] -- Installing: /home/jo-jo/ros2_ws/install/my_robot_bringup/share/my_robot_bringup//models/casual_female/thumbnails/5.png
[1.353s] -- Installing: /home/jo-jo/ros2_ws/install/my_robot_bringup/share/my_robot_bringup//models/casual_female/thumbnails/1.png
[1.354s] -- Up-to-date: /home/jo-jo/ros2_ws/install/my_robot_bringup/share/my_robot_bringup//models/casual_female/materials
[1.354s] -- Up-to-date: /home/jo-jo/ros2_ws/install/my_robot_bringup/share/my_robot_bringup//models/casual_female/materials/textures
[1.354s] -- Installing: /home/jo-jo/ros2_ws/install/my_robot_bringup/share/my_robot_bringup//models/casual_female/materials/textures/young_lightskinned_female_diffuse.png
[1.361s] -- Installing: /home/jo-jo/ros2_ws/install/my_robot_bringup/share/my_robot_bringup//models/casual_female/materials/textures/ponytail01_diffuse.png
[1.368s] -- Installing: /home/jo-jo/ros2_ws/install/my_robot_bringup/share/my_robot_bringup//models/casual_female/materials/textures/eyelashes01.png
[1.370s] -- Installing: /home/jo-jo/ros2_ws/install/my_robot_bringup/share/my_robot_bringup//models/casual_female/materials/textures/female_casualsuit02_diffuse.png
[1.377s] -- Installing: /home/jo-jo/ros2_ws/install/my_robot_bringup/share/my_robot_bringup//models/casual_female/materials/textures/female_casualsuit01_normal.png
[1.387s] -- Installing: /home/jo-jo/ros2_ws/install/my_robot_bringup/share/my_robot_bringup//models/casual_female/materials/textures/female_casualsuit02_normal.png
[1.390s] -- Installing: /home/jo-jo/ros2_ws/install/my_robot_bringup/share/my_robot_bringup//models/casual_female/materials/textures/tongue01_diffuse.png
[1.392s] -- Installing: /home/jo-jo/ros2_ws/install/my_robot_bringup/share/my_robot_bringup//models/casual_female/materials/textures/eyebrow002.png
[1.393s] -- Installing: /home/jo-jo/ros2_ws/install/my_robot_bringup/share/my_robot_bringup//models/casual_female/materials/textures/female_casualsuit01_diffuse.png
[1.400s] -- Installing: /home/jo-jo/ros2_ws/install/my_robot_bringup/share/my_robot_bringup//models/casual_female/materials/textures/brown_eye.png
[1.403s] -- Installing: /home/jo-jo/ros2_ws/install/my_robot_bringup/share/my_robot_bringup//models/casual_female/materials/textures/casual_female.png
[1.404s] -- Installing: /home/jo-jo/ros2_ws/install/my_robot_bringup/share/my_robot_bringup//models/casual_female/materials/textures/shoes05_diffuse.png
[1.407s] -- Installing: /home/jo-jo/ros2_ws/install/my_robot_bringup/share/my_robot_bringup//models/casual_female/model.config
[1.407s] -- Up-to-date: /home/jo-jo/ros2_ws/install/my_robot_bringup/share/my_robot_bringup//models/collapsed_fire_station
[1.408s] -- Up-to-date: /home/jo-jo/ros2_ws/install/my_robot_bringup/share/my_robot_bringup//models/collapsed_fire_station/meshes
[1.408s] -- Installing: /home/jo-jo/ros2_ws/install/my_robot_bringup/share/my_robot_bringup//models/collapsed_fire_station/meshes/collapsed_fire_station.dae
[1.408s] -- Installing: /home/jo-jo/ros2_ws/install/my_robot_bringup/share/my_robot_bringup//models/collapsed_fire_station/model.sdf
[1.409s] -- Up-to-date: /home/jo-jo/ros2_ws/install/my_robot_bringup/share/my_robot_bringup//models/collapsed_fire_station/thumbnails
[1.409s] -- Installing: /home/jo-jo/ros2_ws/install/my_robot_bringup/share/my_robot_bringup//models/collapsed_fire_station/thumbnails/2.png
[1.409s] -- Installing: /home/jo-jo/ros2_ws/install/my_robot_bringup/share/my_robot_bringup//models/collapsed_fire_station/thumbnails/3.png
[1.410s] -- Installing: /home/jo-jo/ros2_ws/install/my_robot_bringup/share/my_robot_bringup//models/collapsed_fire_station/thumbnails/4.png
[1.410s] -- Installing: /home/jo-jo/ros2_ws/install/my_robot_bringup/share/my_robot_bringup//models/collapsed_fire_station/thumbnails/5.png
[1.410s] -- Installing: /home/jo-jo/ros2_ws/install/my_robot_bringup/share/my_robot_bringup//models/collapsed_fire_station/thumbnails/1.png
[1.411s] -- Up-to-date: /home/jo-jo/ros2_ws/install/my_robot_bringup/share/my_robot_bringup//models/collapsed_fire_station/materials
[1.411s] -- Up-to-date: /home/jo-jo/ros2_ws/install/my_robot_bringup/share/my_robot_bringup//models/collapsed_fire_station/materials/textures
[1.411s] -- Installing: /home/jo-jo/ros2_ws/install/my_robot_bringup/share/my_robot_bringup//models/collapsed_fire_station/materials/textures/collapsed_firestation_spec.jpg
[1.412s] -- Installing: /home/jo-jo/ros2_ws/install/my_robot_bringup/share/my_robot_bringup//models/collapsed_fire_station/materials/textures/collapsed_fire_station_diffuse.jpg
[1.413s] -- Installing: /home/jo-jo/ros2_ws/install/my_robot_bringup/share/my_robot_bringup//models/collapsed_fire_station/materials/textures/rubble_diffuse.jpg
[1.414s] -- Installing: /home/jo-jo/ros2_ws/install/my_robot_bringup/share/my_robot_bringup//models/collapsed_fire_station/materials/textures/rubble_spec.jpg
[1.414s] -- Installing: /home/jo-jo/ros2_ws/install/my_robot_bringup/share/my_robot_bringup//models/collapsed_fire_station/model.config
[1.414s] -- Up-to-date: /home/jo-jo/ros2_ws/install/my_robot_bringup/share/my_robot_bringup//models/Schleich_Therizinosaurus_ln9cruulPqc
[1.415s] -- Up-to-date: /home/jo-jo/ros2_ws/install/my_robot_bringup/share/my_robot_bringup//models/Schleich_Therizinosaurus_ln9cruulPqc/meshes
[1.415s] -- Installing: /home/jo-jo/ros2_ws/install/my_robot_bringup/share/my_robot_bringup//models/Schleich_Therizinosaurus_ln9cruulPqc/meshes/model.mtl
[1.415s] -- Installing: /home/jo-jo/ros2_ws/install/my_robot_bringup/share/my_robot_bringup//models/Schleich_Therizinosaurus_ln9cruulPqc/meshes/model.obj
[1.420s] -- Installing: /home/jo-jo/ros2_ws/install/my_robot_bringup/share/my_robot_bringup//models/Schleich_Therizinosaurus_ln9cruulPqc/model.sdf
[1.421s] -- Up-to-date: /home/jo-jo/ros2_ws/install/my_robot_bringup/share/my_robot_bringup//models/Schleich_Therizinosaurus_ln9cruulPqc/thumbnails
[1.421s] -- Installing: /home/jo-jo/ros2_ws/install/my_robot_bringup/share/my_robot_bringup//models/Schleich_Therizinosaurus_ln9cruulPqc/thumbnails/4.jpg
[1.422s] -- Installing: /home/jo-jo/ros2_ws/install/my_robot_bringup/share/my_robot_bringup//models/Schleich_Therizinosaurus_ln9cruulPqc/thumbnails/0.jpg
[1.422s] -- Installing: /home/jo-jo/ros2_ws/install/my_robot_bringup/share/my_robot_bringup//models/Schleich_Therizinosaurus_ln9cruulPqc/thumbnails/2.jpg
[1.423s] -- Installing: /home/jo-jo/ros2_ws/install/my_robot_bringup/share/my_robot_bringup//models/Schleich_Therizinosaurus_ln9cruulPqc/thumbnails/1.jpg
[1.423s] -- Installing: /home/jo-jo/ros2_ws/install/my_robot_bringup/share/my_robot_bringup//models/Schleich_Therizinosaurus_ln9cruulPqc/thumbnails/3.jpg
[1.424s] -- Installing: /home/jo-jo/ros2_ws/install/my_robot_bringup/share/my_robot_bringup//models/Schleich_Therizinosaurus_ln9cruulPqc/metadata.pbtxt
[1.424s] -- Up-to-date: /home/jo-jo/ros2_ws/install/my_robot_bringup/share/my_robot_bringup//models/Schleich_Therizinosaurus_ln9cruulPqc/materials
[1.425s] -- Up-to-date: /home/jo-jo/ros2_ws/install/my_robot_bringup/share/my_robot_bringup//models/Schleich_Therizinosaurus_ln9cruulPqc/materials/textures
[1.425s] -- Installing: /home/jo-jo/ros2_ws/install/my_robot_bringup/share/my_robot_bringup//models/Schleich_Therizinosaurus_ln9cruulPqc/materials/textures/dino_texture.png
[1.458s] -- Installing: /home/jo-jo/ros2_ws/install/my_robot_bringup/share/my_robot_bringup//models/Schleich_Therizinosaurus_ln9cruulPqc/model.config
[1.459s] -- Up-to-date: /home/jo-jo/ros2_ws/install/my_robot_bringup/share/my_robot_bringup//models/Guardians_of_the_Galaxy_Galactic_Battlers_Rocket_Raccoon_Figure
[1.459s] -- Up-to-date: /home/jo-jo/ros2_ws/install/my_robot_bringup/share/my_robot_bringup//models/Guardians_of_the_Galaxy_Galactic_Battlers_Rocket_Raccoon_Figure/meshes
[1.459s] -- Installing: /home/jo-jo/ros2_ws/install/my_robot_bringup/share/my_robot_bringup//models/Guardians_of_the_Galaxy_Galactic_Battlers_Rocket_Raccoon_Figure/meshes/model.mtl
[1.459s] -- Installing: /home/jo-jo/ros2_ws/install/my_robot_bringup/share/my_robot_bringup//models/Guardians_of_the_Galaxy_Galactic_Battlers_Rocket_Raccoon_Figure/meshes/model.obj
[1.465s] -- Installing: /home/jo-jo/ros2_ws/install/my_robot_bringup/share/my_robot_bringup//models/Guardians_of_the_Galaxy_Galactic_Battlers_Rocket_Raccoon_Figure/model.sdf
[1.466s] -- Up-to-date: /home/jo-jo/ros2_ws/install/my_robot_bringup/share/my_robot_bringup//models/Guardians_of_the_Galaxy_Galactic_Battlers_Rocket_Raccoon_Figure/thumbnails
[1.466s] -- Installing: /home/jo-jo/ros2_ws/install/my_robot_bringup/share/my_robot_bringup//models/Guardians_of_the_Galaxy_Galactic_Battlers_Rocket_Raccoon_Figure/thumbnails/4.jpg
[1.466s] -- Installing: /home/jo-jo/ros2_ws/install/my_robot_bringup/share/my_robot_bringup//models/Guardians_of_the_Galaxy_Galactic_Battlers_Rocket_Raccoon_Figure/thumbnails/0.jpg
[1.467s] -- Installing: /home/jo-jo/ros2_ws/install/my_robot_bringup/share/my_robot_bringup//models/Guardians_of_the_Galaxy_Galactic_Battlers_Rocket_Raccoon_Figure/thumbnails/2.jpg
[1.468s] -- Installing: /home/jo-jo/ros2_ws/install/my_robot_bringup/share/my_robot_bringup//models/Guardians_of_the_Galaxy_Galactic_Battlers_Rocket_Raccoon_Figure/thumbnails/1.jpg
[1.468s] -- Installing: /home/jo-jo/ros2_ws/install/my_robot_bringup/share/my_robot_bringup//models/Guardians_of_the_Galaxy_Galactic_Battlers_Rocket_Raccoon_Figure/thumbnails/3.jpg
[1.469s] -- Installing: /home/jo-jo/ros2_ws/install/my_robot_bringup/share/my_robot_bringup//models/Guardians_of_the_Galaxy_Galactic_Battlers_Rocket_Raccoon_Figure/metadata.pbtxt
[1.470s] -- Up-to-date: /home/jo-jo/ros2_ws/install/my_robot_bringup/share/my_robot_bringup//models/Guardians_of_the_Galaxy_Galactic_Battlers_Rocket_Raccoon_Figure/materials
[1.470s] -- Up-to-date: /home/jo-jo/ros2_ws/install/my_robot_bringup/share/my_robot_bringup//models/Guardians_of_the_Galaxy_Galactic_Battlers_Rocket_Raccoon_Figure/materials/textures
[1.470s] -- Installing: /home/jo-jo/ros2_ws/install/my_robot_bringup/share/my_robot_bringup//models/Guardians_of_the_Galaxy_Galactic_Battlers_Rocket_Raccoon_Figure/materials/textures/texture.png
[1.498s] -- Installing: /home/jo-jo/ros2_ws/install/my_robot_bringup/share/my_robot_bringup//models/Guardians_of_the_Galaxy_Galactic_Battlers_Rocket_Raccoon_Figure/model.config
[1.498s] -- Up-to-date: /home/jo-jo/ros2_ws/install/my_robot_bringup/share/my_robot_bringup//models/water
[1.498s] -- Installing: /home/jo-jo/ros2_ws/install/my_robot_bringup/share/my_robot_bringup//models/water/enclosure.sdf
[1.499s] -- Installing: /home/jo-jo/ros2_ws/install/my_robot_bringup/share/my_robot_bringup//models/water/model.config
[1.499s] -- Up-to-date: /home/jo-jo/ros2_ws/install/my_robot_bringup/share/my_robot_bringup//models/wooden_gazebo
[1.499s] -- Up-to-date: /home/jo-jo/ros2_ws/install/my_robot_bringup/share/my_robot_bringup//models/wooden_gazebo/meshes
[1.499s] -- Installing: /home/jo-jo/ros2_ws/install/my_robot_bringup/share/my_robot_bringup//models/wooden_gazebo/meshes/gazebo.dae
[1.500s] -- Installing: /home/jo-jo/ros2_ws/install/my_robot_bringup/share/my_robot_bringup//models/wooden_gazebo/model.sdf
[1.500s] -- Up-to-date: /home/jo-jo/ros2_ws/install/my_robot_bringup/share/my_robot_bringup//models/wooden_gazebo/thumbnails
[1.500s] -- Installing: /home/jo-jo/ros2_ws/install/my_robot_bringup/share/my_robot_bringup//models/wooden_gazebo/thumbnails/2.png
[1.500s] -- Installing: /home/jo-jo/ros2_ws/install/my_robot_bringup/share/my_robot_bringup//models/wooden_gazebo/thumbnails/3.png
[1.501s] -- Installing: /home/jo-jo/ros2_ws/install/my_robot_bringup/share/my_robot_bringup//models/wooden_gazebo/thumbnails/4.png
[1.501s] -- Installing: /home/jo-jo/ros2_ws/install/my_robot_bringup/share/my_robot_bringup//models/wooden_gazebo/thumbnails/5.png
[1.502s] -- Installing: /home/jo-jo/ros2_ws/install/my_robot_bringup/share/my_robot_bringup//models/wooden_gazebo/thumbnails/1.png
[1.502s] -- Up-to-date: /home/jo-jo/ros2_ws/install/my_robot_bringup/share/my_robot_bringup//models/wooden_gazebo/materials
[1.503s] -- Up-to-date: /home/jo-jo/ros2_ws/install/my_robot_bringup/share/my_robot_bringup//models/wooden_gazebo/materials/textures
[1.503s] -- Installing: /home/jo-jo/ros2_ws/install/my_robot_bringup/share/my_robot_bringup//models/wooden_gazebo/materials/textures/gazebo_diffuse.jpg
[1.504s] -- Installing: /home/jo-jo/ros2_ws/install/my_robot_bringup/share/my_robot_bringup//models/wooden_gazebo/materials/textures/gazebo_spec.jpg
[1.505s] -- Installing: /home/jo-jo/ros2_ws/install/my_robot_bringup/share/my_robot_bringup//models/wooden_gazebo/model.config
[1.505s] -- Up-to-date: /home/jo-jo/ros2_ws/install/my_robot_bringup/share/my_robot_bringup//models/parking_garage
[1.505s] -- Up-to-date: /home/jo-jo/ros2_ws/install/my_robot_bringup/share/my_robot_bringup//models/parking_garage/meshes
[1.506s] -- Installing: /home/jo-jo/ros2_ws/install/my_robot_bringup/share/my_robot_bringup//models/parking_garage/meshes/parking_garage.dae
[1.507s] -- Installing: /home/jo-jo/ros2_ws/install/my_robot_bringup/share/my_robot_bringup//models/parking_garage/model.sdf
[1.507s] -- Up-to-date: /home/jo-jo/ros2_ws/install/my_robot_bringup/share/my_robot_bringup//models/parking_garage/thumbnails
[1.508s] -- Installing: /home/jo-jo/ros2_ws/install/my_robot_bringup/share/my_robot_bringup//models/parking_garage/thumbnails/2.png
[1.508s] -- Installing: /home/jo-jo/ros2_ws/install/my_robot_bringup/share/my_robot_bringup//models/parking_garage/thumbnails/3.png
[1.508s] -- Installing: /home/jo-jo/ros2_ws/install/my_robot_bringup/share/my_robot_bringup//models/parking_garage/thumbnails/4.png
[1.509s] -- Installing: /home/jo-jo/ros2_ws/install/my_robot_bringup/share/my_robot_bringup//models/parking_garage/thumbnails/5.png
[1.509s] -- Installing: /home/jo-jo/ros2_ws/install/my_robot_bringup/share/my_robot_bringup//models/parking_garage/thumbnails/1.png
[1.510s] -- Up-to-date: /home/jo-jo/ros2_ws/install/my_robot_bringup/share/my_robot_bringup//models/parking_garage/materials
[1.510s] -- Up-to-date: /home/jo-jo/ros2_ws/install/my_robot_bringup/share/my_robot_bringup//models/parking_garage/materials/textures
[1.510s] -- Installing: /home/jo-jo/ros2_ws/install/my_robot_bringup/share/my_robot_bringup//models/parking_garage/materials/textures/parking_garage_diffuse.jpg
[1.511s] -- Installing: /home/jo-jo/ros2_ws/install/my_robot_bringup/share/my_robot_bringup//models/parking_garage/materials/textures/parking_garage_spec.jpg
[1.512s] -- Installing: /home/jo-jo/ros2_ws/install/my_robot_bringup/share/my_robot_bringup//models/parking_garage/model.config
[1.512s] -- Up-to-date: /home/jo-jo/ros2_ws/install/my_robot_bringup/share/my_robot_bringup//models/branch_leaves
[1.512s] -- Up-to-date: /home/jo-jo/ros2_ws/install/my_robot_bringup/share/my_robot_bringup//models/branch_leaves/textures
[1.512s] -- Installing: /home/jo-jo/ros2_ws/install/my_robot_bringup/share/my_robot_bringup//models/branch_leaves/textures/bright_green_leaves_small.jpg
[1.515s] -- Installing: /home/jo-jo/ros2_ws/install/my_robot_bringup/share/my_robot_bringup//models/branch_leaves/model.sdf
[1.516s] -- Up-to-date: /home/jo-jo/ros2_ws/install/my_robot_bringup/share/my_robot_bringup//models/piano
[1.516s] -- Up-to-date: /home/jo-jo/ros2_ws/install/my_robot_bringup/share/my_robot_bringup//models/piano/meshes
[1.516s] -- Installing: /home/jo-jo/ros2_ws/install/my_robot_bringup/share/my_robot_bringup//models/piano/meshes/piano.dae
[1.520s] -- Installing: /home/jo-jo/ros2_ws/install/my_robot_bringup/share/my_robot_bringup//models/piano/model.sdf
[1.520s] -- Up-to-date: /home/jo-jo/ros2_ws/install/my_robot_bringup/share/my_robot_bringup//models/piano/thumbnails
[1.520s] -- Installing: /home/jo-jo/ros2_ws/install/my_robot_bringup/share/my_robot_bringup//models/piano/thumbnails/Piano.png
[1.523s] -- Installing: /home/jo-jo/ros2_ws/install/my_robot_bringup/share/my_robot_bringup//models/piano/model.config
[1.524s] -- Up-to-date: /home/jo-jo/ros2_ws/install/my_robot_bringup/share/my_robot_bringup//models/collapsed_industrial_building
[1.524s] -- Up-to-date: /home/jo-jo/ros2_ws/install/my_robot_bringup/share/my_robot_bringup//models/collapsed_industrial_building/meshes
[1.524s] -- Installing: /home/jo-jo/ros2_ws/install/my_robot_bringup/share/my_robot_bringup//models/collapsed_industrial_building/meshes/collapsed_industrial.dae
[1.526s] -- Installing: /home/jo-jo/ros2_ws/install/my_robot_bringup/share/my_robot_bringup//models/collapsed_industrial_building/model.sdf
[1.526s] -- Up-to-date: /home/jo-jo/ros2_ws/install/my_robot_bringup/share/my_robot_bringup//models/collapsed_industrial_building/thumbnails
[1.526s] -- Installing: /home/jo-jo/ros2_ws/install/my_robot_bringup/share/my_robot_bringup//models/collapsed_industrial_building/thumbnails/2.png
[1.527s] -- Installing: /home/jo-jo/ros2_ws/install/my_robot_bringup/share/my_robot_bringup//models/collapsed_industrial_building/thumbnails/3.png
[1.527s] -- Installing: /home/jo-jo/ros2_ws/install/my_robot_bringup/share/my_robot_bringup//models/collapsed_industrial_building/thumbnails/4.png
[1.528s] -- Installing: /home/jo-jo/ros2_ws/install/my_robot_bringup/share/my_robot_bringup//models/collapsed_industrial_building/thumbnails/5.png
[1.528s] -- Installing: /home/jo-jo/ros2_ws/install/my_robot_bringup/share/my_robot_bringup//models/collapsed_industrial_building/thumbnails/1.png
[1.529s] -- Up-to-date: /home/jo-jo/ros2_ws/install/my_robot_bringup/share/my_robot_bringup//models/collapsed_industrial_building/materials
[1.529s] -- Up-to-date: /home/jo-jo/ros2_ws/install/my_robot_bringup/share/my_robot_bringup//models/collapsed_industrial_building/materials/textures
[1.529s] -- Installing: /home/jo-jo/ros2_ws/install/my_robot_bringup/share/my_robot_bringup//models/collapsed_industrial_building/materials/textures/rubble_diffuse.jpg
[1.529s] -- Installing: /home/jo-jo/ros2_ws/install/my_robot_bringup/share/my_robot_bringup//models/collapsed_industrial_building/materials/textures/collapsed_industrial_spec.jpg
[1.530s] -- Installing: /home/jo-jo/ros2_ws/install/my_robot_bringup/share/my_robot_bringup//models/collapsed_industrial_building/materials/textures/rough_concrete_diffuse.jpg
[1.530s] -- Installing: /home/jo-jo/ros2_ws/install/my_robot_bringup/share/my_robot_bringup//models/collapsed_industrial_building/materials/textures/rubble_spec.jpg
[1.531s] -- Installing: /home/jo-jo/ros2_ws/install/my_robot_bringup/share/my_robot_bringup//models/collapsed_industrial_building/materials/textures/rough_concrete_spec.jpg
[1.531s] -- Installing: /home/jo-jo/ros2_ws/install/my_robot_bringup/share/my_robot_bringup//models/collapsed_industrial_building/materials/textures/collapsed_industrial_diffuse.jpg
[1.532s] -- Installing: /home/jo-jo/ros2_ws/install/my_robot_bringup/share/my_robot_bringup//models/collapsed_industrial_building/model.config
[1.532s] -- Up-to-date: /home/jo-jo/ros2_ws/install/my_robot_bringup/share/my_robot_bringup//models/Vessel D
[1.533s] -- Up-to-date: /home/jo-jo/ros2_ws/install/my_robot_bringup/share/my_robot_bringup//models/Vessel D/meshes
[1.533s] -- Installing: /home/jo-jo/ros2_ws/install/my_robot_bringup/share/my_robot_bringup//models/Vessel D/meshes/Boat04.dae
[1.535s] -- Installing: /home/jo-jo/ros2_ws/install/my_robot_bringup/share/my_robot_bringup//models/Vessel D/model.sdf
[1.536s] -- Up-to-date: /home/jo-jo/ros2_ws/install/my_robot_bringup/share/my_robot_bringup//models/Vessel D/thumbnails
[1.536s] -- Installing: /home/jo-jo/ros2_ws/install/my_robot_bringup/share/my_robot_bringup//models/Vessel D/thumbnails/1.png
[1.537s] -- Up-to-date: /home/jo-jo/ros2_ws/install/my_robot_bringup/share/my_robot_bringup//models/Vessel D/materials
[1.537s] -- Up-to-date: /home/jo-jo/ros2_ws/install/my_robot_bringup/share/my_robot_bringup//models/Vessel D/materials/textures
[1.537s] -- Installing: /home/jo-jo/ros2_ws/install/my_robot_bringup/share/my_robot_bringup//models/Vessel D/materials/textures/Boat04_Normal.jpg
[1.546s] -- Installing: /home/jo-jo/ros2_ws/install/my_robot_bringup/share/my_robot_bringup//models/Vessel D/materials/textures/Boat04_Metalness.jpg
[1.547s] -- Installing: /home/jo-jo/ros2_ws/install/my_robot_bringup/share/my_robot_bringup//models/Vessel D/materials/textures/Boat04_Roughness.jpg
[1.553s] -- Installing: /home/jo-jo/ros2_ws/install/my_robot_bringup/share/my_robot_bringup//models/Vessel D/materials/textures/Boat04_Albedo.jpg
[1.561s] -- Installing: /home/jo-jo/ros2_ws/install/my_robot_bringup/share/my_robot_bringup//models/Vessel D/model.config
[1.562s] -- Up-to-date: /home/jo-jo/ros2_ws/install/my_robot_bringup/share/ament_index/resource_index/package_run_dependencies/my_robot_bringup
[1.562s] -- Up-to-date: /home/jo-jo/ros2_ws/install/my_robot_bringup/share/ament_index/resource_index/parent_prefix_path/my_robot_bringup
[1.563s] -- Installing: /home/jo-jo/ros2_ws/install/my_robot_bringup/share/my_robot_bringup/environment/ament_prefix_path.sh
[1.563s] -- Up-to-date: /home/jo-jo/ros2_ws/install/my_robot_bringup/share/my_robot_bringup/environment/ament_prefix_path.dsv
[1.563s] -- Installing: /home/jo-jo/ros2_ws/install/my_robot_bringup/share/my_robot_bringup/environment/path.sh
[1.564s] -- Up-to-date: /home/jo-jo/ros2_ws/install/my_robot_bringup/share/my_robot_bringup/environment/path.dsv
[1.564s] -- Up-to-date: /home/jo-jo/ros2_ws/install/my_robot_bringup/share/my_robot_bringup/local_setup.bash
[1.564s] -- Up-to-date: /home/jo-jo/ros2_ws/install/my_robot_bringup/share/my_robot_bringup/local_setup.sh
[1.564s] -- Up-to-date: /home/jo-jo/ros2_ws/install/my_robot_bringup/share/my_robot_bringup/local_setup.zsh
[1.564s] -- Up-to-date: /home/jo-jo/ros2_ws/install/my_robot_bringup/share/my_robot_bringup/local_setup.dsv
[1.564s] -- Installing: /home/jo-jo/ros2_ws/install/my_robot_bringup/share/my_robot_bringup/package.dsv
[1.565s] -- Up-to-date: /home/jo-jo/ros2_ws/install/my_robot_bringup/share/ament_index/resource_index/packages/my_robot_bringup
[1.565s] -- Up-to-date: /home/jo-jo/ros2_ws/install/my_robot_bringup/share/my_robot_bringup/cmake/my_robot_bringupConfig.cmake
[1.565s] -- Up-to-date: /home/jo-jo/ros2_ws/install/my_robot_bringup/share/my_robot_bringup/cmake/my_robot_bringupConfig-version.cmake
[1.565s] -- Installing: /home/jo-jo/ros2_ws/install/my_robot_bringup/share/my_robot_bringup/package.xml
[1.569s] Invoked command in '/home/jo-jo/ros2_ws/build/my_robot_bringup' returned '0': CMAKE_PREFIX_PATH=${CMAKE_PREFIX_PATH}:/opt/ros/jazzy DEBUGINFOD_URLS=https://debuginfod.ubuntu.com /usr/bin/cmake --install /home/jo-jo/ros2_ws/build/my_robot_bringup
