[0.776s] Invoking command in '/home/jo-jo/ros2_ws/src/robot_legion_teleop_python': DEBUGINFOD_URLS=https://debuginfod.ubuntu.com PYTHONPATH=/home/jo-jo/ros2_ws/build/robot_legion_teleop_python/prefix_override:/usr/lib/python3/dist-packages/colcon_core/task/python/colcon_distutils_commands:/home/jo-jo/ros2_ws/install/robot_legion_teleop_python/lib/python3.12/site-packages:${PYTHONPATH} /usr/bin/python3 -W ignore:setup.py install is deprecated -W ignore:easy_install command is deprecated setup.py egg_info --egg-base ../../build/robot_legion_teleop_python build --build-base /home/jo-jo/ros2_ws/build/robot_legion_teleop_python/build install --record /home/jo-jo/ros2_ws/build/robot_legion_teleop_python/install.log --single-version-externally-managed install_data
[1.028s] running egg_info
[1.046s] writing ../../build/robot_legion_teleop_python/robot_legion_teleop_python.egg-info/PKG-INFO
[1.046s] writing dependency_links to ../../build/robot_legion_teleop_python/robot_legion_teleop_python.egg-info/dependency_links.txt
[1.047s] writing entry points to ../../build/robot_legion_teleop_python/robot_legion_teleop_python.egg-info/entry_points.txt
[1.047s] writing requirements to ../../build/robot_legion_teleop_python/robot_legion_teleop_python.egg-info/requires.txt
[1.047s] writing top-level names to ../../build/robot_legion_teleop_python/robot_legion_teleop_python.egg-info/top_level.txt
[1.086s] reading manifest file '../../build/robot_legion_teleop_python/robot_legion_teleop_python.egg-info/SOURCES.txt'
[1.086s] writing manifest file '../../build/robot_legion_teleop_python/robot_legion_teleop_python.egg-info/SOURCES.txt'
[1.087s] running build
[1.087s] running build_py
[1.087s] running install
[1.092s] running install_lib
[1.112s] running install_data
[1.112s] running install_egg_info
[1.133s] removing '/home/jo-jo/ros2_ws/install/robot_legion_teleop_python/lib/python3.12/site-packages/robot_legion_teleop_python-0.0.1-py3.12.egg-info' (and everything under it)
[1.134s] Copying ../../build/robot_legion_teleop_python/robot_legion_teleop_python.egg-info to /home/jo-jo/ros2_ws/install/robot_legion_teleop_python/lib/python3.12/site-packages/robot_legion_teleop_python-0.0.1-py3.12.egg-info
[1.135s] running install_scripts
[1.269s] Installing fpv_camera_mux script to /home/jo-jo/ros2_ws/install/robot_legion_teleop_python/lib/robot_legion_teleop_python
[1.269s] Installing legion_teleop_key script to /home/jo-jo/ros2_ws/install/robot_legion_teleop_python/lib/robot_legion_teleop_python
[1.269s] Installing reset_gz script to /home/jo-jo/ros2_ws/install/robot_legion_teleop_python/lib/robot_legion_teleop_python
[1.269s] Installing robot_heartbeat script to /home/jo-jo/ros2_ws/install/robot_legion_teleop_python/lib/robot_legion_teleop_python
[1.270s] writing list of installed files to '/home/jo-jo/ros2_ws/build/robot_legion_teleop_python/install.log'
[1.291s] Invoked command in '/home/jo-jo/ros2_ws/src/robot_legion_teleop_python' returned '0': DEBUGINFOD_URLS=https://debuginfod.ubuntu.com PYTHONPATH=/home/jo-jo/ros2_ws/build/robot_legion_teleop_python/prefix_override:/usr/lib/python3/dist-packages/colcon_core/task/python/colcon_distutils_commands:/home/jo-jo/ros2_ws/install/robot_legion_teleop_python/lib/python3.12/site-packages:${PYTHONPATH} /usr/bin/python3 -W ignore:setup.py install is deprecated -W ignore:easy_install command is deprecated setup.py egg_info --egg-base ../../build/robot_legion_teleop_python build --build-base /home/jo-jo/ros2_ws/build/robot_legion_teleop_python/build install --record /home/jo-jo/ros2_ws/build/robot_legion_teleop_python/install.log --single-version-externally-managed install_data
