-- Install configuration: ""
-- Up-to-date: /home/jo-jo/ros2_ws/install/my_robot_bringup/share/my_robot_bringup//launch
-- Up-to-date: /home/jo-jo/ros2_ws/install/my_robot_bringup/share/my_robot_bringup//launch/emiliobot_gazebo.launch.xml
-- Up-to-date: /home/jo-jo/ros2_ws/install/my_robot_bringup/share/my_robot_bringup//launch/two_robots_waterworld_ns.launch.xml
-- Up-to-date: /home/jo-jo/ros2_ws/install/my_robot_bringup/share/my_robot_bringup//launch/my_robot_gazebo.launch.xml
-- Up-to-date: /home/jo-jo/ros2_ws/install/my_robot_bringup/share/my_robot_bringup//launch/two_robots_simple_test_ns.launch.xml
-- Up-to-date: /home/jo-jo/ros2_ws/install/my_robot_bringup/share/my_robot_bringup//launch/potatobot_gazebo.launch.xml
-- Up-to-date: /home/jo-jo/ros2_ws/install/my_robot_bringup/share/my_robot_bringup//launch/two_robots_simple_test_xacro.launch.py
-- Up-to-date: /home/jo-jo/ros2_ws/install/my_robot_bringup/share/my_robot_bringup//launch/two_robots_waterworld_xacro.launch.py
-- Up-to-date: /home/jo-jo/ros2_ws/install/my_robot_bringup/share/my_robot_bringup//config
-- Up-to-date: /home/jo-jo/ros2_ws/install/my_robot_bringup/share/my_robot_bringup//config/gazebo_bridge.yaml
-- Up-to-date: /home/jo-jo/ros2_ws/install/my_robot_bringup/share/my_robot_bringup//worlds
-- Up-to-date: /home/jo-jo/ros2_ws/install/my_robot_bringup/share/my_robot_bringup//worlds/potatoland.sdf
-- Up-to-date: /home/jo-jo/ros2_ws/install/my_robot_bringup/share/my_robot_bringup//worlds/eddie_world.sdf
-- Up-to-date: /home/jo-jo/ros2_ws/install/my_robot_bringup/share/my_robot_bringup//worlds/waterworld.sdf
-- Up-to-date: /home/jo-jo/ros2_ws/install/my_robot_bringup/share/my_robot_bringup//worlds/simple_test.sdf
-- Up-to-date: /home/jo-jo/ros2_ws/install/my_robot_bringup/share/my_robot_bringup//worlds/waterworld_easy.sdf
-- Up-to-date: /home/jo-jo/ros2_ws/install/my_robot_bringup/share/my_robot_bringup//models
-- Up-to-date: /home/jo-jo/ros2_ws/install/my_robot_bringup/share/my_robot_bringup//models/castle
-- Up-to-date: /home/jo-jo/ros2_ws/install/my_robot_bringup/share/my_robot_bringup//models/castle/textures
-- Up-to-date: /home/jo-jo/ros2_ws/install/my_robot_bringup/share/my_robot_bringup//models/castle/textures/grass_textures
-- Up-to-date: /home/jo-jo/ros2_ws/install/my_robot_bringup/share/my_robot_bringup//models/castle/textures/grass_textures/green_grass_circular.png
-- Up-to-date: /home/jo-jo/ros2_ws/install/my_robot_bringup/share/my_robot_bringup//models/castle/textures/grass_textures/green_grass_seamless.jpg
-- Up-to-date: /home/jo-jo/ros2_ws/install/my_robot_bringup/share/my_robot_bringup//models/castle/textures/wood_textures
-- Up-to-date: /home/jo-jo/ros2_ws/install/my_robot_bringup/share/my_robot_bringup//models/castle/textures/wood_textures/wood_texture_seamless_1x5.jpg
-- Up-to-date: /home/jo-jo/ros2_ws/install/my_robot_bringup/share/my_robot_bringup//models/castle/textures/wood_textures/wood_texture_seamless_1x3.jpg
-- Up-to-date: /home/jo-jo/ros2_ws/install/my_robot_bringup/share/my_robot_bringup//models/castle/textures/wood_textures/wood_texture_seamless_1x10.jpg
-- Up-to-date: /home/jo-jo/ros2_ws/install/my_robot_bringup/share/my_robot_bringup//models/castle/textures/wood_textures/wood_texture_seamless_1x2.jpg
-- Up-to-date: /home/jo-jo/ros2_ws/install/my_robot_bringup/share/my_robot_bringup//models/castle/textures/wood_textures/wood_texture_seamless_1x1.jpg
-- Up-to-date: /home/jo-jo/ros2_ws/install/my_robot_bringup/share/my_robot_bringup//models/castle/textures/stone_textures
-- Up-to-date: /home/jo-jo/ros2_ws/install/my_robot_bringup/share/my_robot_bringup//models/castle/textures/stone_textures/stone_wall_seamless_4x1.jpg
-- Up-to-date: /home/jo-jo/ros2_ws/install/my_robot_bringup/share/my_robot_bringup//models/castle/textures/stone_textures/stone_wall_seamless_2x1.jpg
-- Up-to-date: /home/jo-jo/ros2_ws/install/my_robot_bringup/share/my_robot_bringup//models/castle/textures/stone_textures/stone_wall_seamless_1x2.jpg
-- Up-to-date: /home/jo-jo/ros2_ws/install/my_robot_bringup/share/my_robot_bringup//models/castle/textures/stone_textures/stone_wall_seamless_1x1.jpg
-- Up-to-date: /home/jo-jo/ros2_ws/install/my_robot_bringup/share/my_robot_bringup//models/castle/textures/stone_textures/stone_wall_seamless_1x3.jpg
-- Up-to-date: /home/jo-jo/ros2_ws/install/my_robot_bringup/share/my_robot_bringup//models/castle/textures/misc_textures
-- Up-to-date: /home/jo-jo/ros2_ws/install/my_robot_bringup/share/my_robot_bringup//models/castle/textures/misc_textures/lava_2.jpeg
-- Up-to-date: /home/jo-jo/ros2_ws/install/my_robot_bringup/share/my_robot_bringup//models/castle/textures/misc_textures/lava_5.jpeg
-- Up-to-date: /home/jo-jo/ros2_ws/install/my_robot_bringup/share/my_robot_bringup//models/castle/textures/misc_textures/lava_4.jpeg
-- Up-to-date: /home/jo-jo/ros2_ws/install/my_robot_bringup/share/my_robot_bringup//models/castle/textures/misc_textures/lava_3.jpeg
-- Up-to-date: /home/jo-jo/ros2_ws/install/my_robot_bringup/share/my_robot_bringup//models/castle/textures/misc_textures/lava.jpeg
-- Up-to-date: /home/jo-jo/ros2_ws/install/my_robot_bringup/share/my_robot_bringup//models/castle/textures/soil_textures
-- Up-to-date: /home/jo-jo/ros2_ws/install/my_robot_bringup/share/my_robot_bringup//models/castle/textures/soil_textures/soil_seamless_1.jpg
-- Up-to-date: /home/jo-jo/ros2_ws/install/my_robot_bringup/share/my_robot_bringup//models/castle/textures/soil_textures/dirt.jpeg
-- Up-to-date: /home/jo-jo/ros2_ws/install/my_robot_bringup/share/my_robot_bringup//models/castle/model.sdf
-- Up-to-date: /home/jo-jo/ros2_ws/install/my_robot_bringup/share/my_robot_bringup//models/collapsed_house
-- Up-to-date: /home/jo-jo/ros2_ws/install/my_robot_bringup/share/my_robot_bringup//models/collapsed_house/meshes
-- Up-to-date: /home/jo-jo/ros2_ws/install/my_robot_bringup/share/my_robot_bringup//models/collapsed_house/meshes/collapsed_house.dae
-- Up-to-date: /home/jo-jo/ros2_ws/install/my_robot_bringup/share/my_robot_bringup//models/collapsed_house/model.sdf
-- Up-to-date: /home/jo-jo/ros2_ws/install/my_robot_bringup/share/my_robot_bringup//models/collapsed_house/thumbnails
-- Up-to-date: /home/jo-jo/ros2_ws/install/my_robot_bringup/share/my_robot_bringup//models/collapsed_house/thumbnails/2.png
-- Up-to-date: /home/jo-jo/ros2_ws/install/my_robot_bringup/share/my_robot_bringup//models/collapsed_house/thumbnails/3.png
-- Up-to-date: /home/jo-jo/ros2_ws/install/my_robot_bringup/share/my_robot_bringup//models/collapsed_house/thumbnails/4.png
-- Up-to-date: /home/jo-jo/ros2_ws/install/my_robot_bringup/share/my_robot_bringup//models/collapsed_house/thumbnails/5.png
-- Up-to-date: /home/jo-jo/ros2_ws/install/my_robot_bringup/share/my_robot_bringup//models/collapsed_house/thumbnails/1.png
-- Up-to-date: /home/jo-jo/ros2_ws/install/my_robot_bringup/share/my_robot_bringup//models/collapsed_house/metadata.pbtxt
-- Up-to-date: /home/jo-jo/ros2_ws/install/my_robot_bringup/share/my_robot_bringup//models/collapsed_house/materials
-- Up-to-date: /home/jo-jo/ros2_ws/install/my_robot_bringup/share/my_robot_bringup//models/collapsed_house/materials/textures
-- Up-to-date: /home/jo-jo/ros2_ws/install/my_robot_bringup/share/my_robot_bringup//models/collapsed_house/materials/textures/collapsed_house_diffuse.jpg
-- Up-to-date: /home/jo-jo/ros2_ws/install/my_robot_bringup/share/my_robot_bringup//models/collapsed_house/materials/textures/collapsed_house_spec.jpg
-- Up-to-date: /home/jo-jo/ros2_ws/install/my_robot_bringup/share/my_robot_bringup//models/collapsed_house/model.config
-- Up-to-date: /home/jo-jo/ros2_ws/install/my_robot_bringup/share/my_robot_bringup//models/collapsed_police_station
-- Up-to-date: /home/jo-jo/ros2_ws/install/my_robot_bringup/share/my_robot_bringup//models/collapsed_police_station/meshes
-- Up-to-date: /home/jo-jo/ros2_ws/install/my_robot_bringup/share/my_robot_bringup//models/collapsed_police_station/meshes/collapsed_police_station.dae
-- Up-to-date: /home/jo-jo/ros2_ws/install/my_robot_bringup/share/my_robot_bringup//models/collapsed_police_station/model.sdf
-- Up-to-date: /home/jo-jo/ros2_ws/install/my_robot_bringup/share/my_robot_bringup//models/collapsed_police_station/thumbnails
-- Up-to-date: /home/jo-jo/ros2_ws/install/my_robot_bringup/share/my_robot_bringup//models/collapsed_police_station/thumbnails/2.png
-- Up-to-date: /home/jo-jo/ros2_ws/install/my_robot_bringup/share/my_robot_bringup//models/collapsed_police_station/thumbnails/3.png
-- Up-to-date: /home/jo-jo/ros2_ws/install/my_robot_bringup/share/my_robot_bringup//models/collapsed_police_station/thumbnails/4.png
-- Up-to-date: /home/jo-jo/ros2_ws/install/my_robot_bringup/share/my_robot_bringup//models/collapsed_police_station/thumbnails/5.png
-- Up-to-date: /home/jo-jo/ros2_ws/install/my_robot_bringup/share/my_robot_bringup//models/collapsed_police_station/thumbnails/1.png
-- Up-to-date: /home/jo-jo/ros2_ws/install/my_robot_bringup/share/my_robot_bringup//models/collapsed_police_station/materials
-- Up-to-date: /home/jo-jo/ros2_ws/install/my_robot_bringup/share/my_robot_bringup//models/collapsed_police_station/materials/textures
-- Up-to-date: /home/jo-jo/ros2_ws/install/my_robot_bringup/share/my_robot_bringup//models/collapsed_police_station/materials/textures/collapsed_police_station_spec.jpg
-- Up-to-date: /home/jo-jo/ros2_ws/install/my_robot_bringup/share/my_robot_bringup//models/collapsed_police_station/materials/textures/rubble_diffuse.jpg
-- Up-to-date: /home/jo-jo/ros2_ws/install/my_robot_bringup/share/my_robot_bringup//models/collapsed_police_station/materials/textures/rough_concrete_diffuse.jpg
-- Up-to-date: /home/jo-jo/ros2_ws/install/my_robot_bringup/share/my_robot_bringup//models/collapsed_police_station/materials/textures/rubble_spec.jpg
-- Up-to-date: /home/jo-jo/ros2_ws/install/my_robot_bringup/share/my_robot_bringup//models/collapsed_police_station/materials/textures/collapsed_police_station_diffuse.jpg
-- Up-to-date: /home/jo-jo/ros2_ws/install/my_robot_bringup/share/my_robot_bringup//models/collapsed_police_station/materials/textures/rough_concrete_spec.jpg
-- Up-to-date: /home/jo-jo/ros2_ws/install/my_robot_bringup/share/my_robot_bringup//models/collapsed_police_station/model.config
-- Up-to-date: /home/jo-jo/ros2_ws/install/my_robot_bringup/share/my_robot_bringup//models/textures
-- Up-to-date: /home/jo-jo/ros2_ws/install/my_robot_bringup/share/my_robot_bringup//models/textures/grass_textures
-- Up-to-date: /home/jo-jo/ros2_ws/install/my_robot_bringup/share/my_robot_bringup//models/textures/grass_textures/green_grass_circular.png
-- Up-to-date: /home/jo-jo/ros2_ws/install/my_robot_bringup/share/my_robot_bringup//models/textures/grass_textures/green_grass_seamless.jpg
-- Up-to-date: /home/jo-jo/ros2_ws/install/my_robot_bringup/share/my_robot_bringup//models/textures/grass_textures/green_grass_seamless_8x9.png
-- Up-to-date: /home/jo-jo/ros2_ws/install/my_robot_bringup/share/my_robot_bringup//models/textures/wood_textures
-- Up-to-date: /home/jo-jo/ros2_ws/install/my_robot_bringup/share/my_robot_bringup//models/textures/wood_textures/wood_texture_seamless_1x5.jpg
-- Up-to-date: /home/jo-jo/ros2_ws/install/my_robot_bringup/share/my_robot_bringup//models/textures/wood_textures/bark.jpeg
-- Up-to-date: /home/jo-jo/ros2_ws/install/my_robot_bringup/share/my_robot_bringup//models/textures/wood_textures/wood_texture_seamless_1x3.jpg
-- Up-to-date: /home/jo-jo/ros2_ws/install/my_robot_bringup/share/my_robot_bringup//models/textures/wood_textures/wood_texture_seamless_1x10.jpg
-- Up-to-date: /home/jo-jo/ros2_ws/install/my_robot_bringup/share/my_robot_bringup//models/textures/wood_textures/custom_wood_texture.png
-- Up-to-date: /home/jo-jo/ros2_ws/install/my_robot_bringup/share/my_robot_bringup//models/textures/wood_textures/wood_texture_seamless_1x2.jpg
-- Up-to-date: /home/jo-jo/ros2_ws/install/my_robot_bringup/share/my_robot_bringup//models/textures/wood_textures/custom_wood_texture.jpg
-- Up-to-date: /home/jo-jo/ros2_ws/install/my_robot_bringup/share/my_robot_bringup//models/textures/wood_textures/wood_texture_seamless_1x1.jpg
-- Up-to-date: /home/jo-jo/ros2_ws/install/my_robot_bringup/share/my_robot_bringup//models/textures/stone_textures
-- Up-to-date: /home/jo-jo/ros2_ws/install/my_robot_bringup/share/my_robot_bringup//models/textures/stone_textures/stone_wall_seamless_4x1.jpg
-- Up-to-date: /home/jo-jo/ros2_ws/install/my_robot_bringup/share/my_robot_bringup//models/textures/stone_textures/stone_wall_seamless_2x1.jpg
-- Up-to-date: /home/jo-jo/ros2_ws/install/my_robot_bringup/share/my_robot_bringup//models/textures/stone_textures/stone_wall_seamless_1x2.jpg
-- Up-to-date: /home/jo-jo/ros2_ws/install/my_robot_bringup/share/my_robot_bringup//models/textures/stone_textures/stone_wall_seamless_1x1.jpg
-- Up-to-date: /home/jo-jo/ros2_ws/install/my_robot_bringup/share/my_robot_bringup//models/textures/stone_textures/stone_wall_seamless_1x3.jpg
-- Up-to-date: /home/jo-jo/ros2_ws/install/my_robot_bringup/share/my_robot_bringup//models/textures/misc_textures
-- Up-to-date: /home/jo-jo/ros2_ws/install/my_robot_bringup/share/my_robot_bringup//models/textures/misc_textures/bright_green_leaves_small.jpg
-- Up-to-date: /home/jo-jo/ros2_ws/install/my_robot_bringup/share/my_robot_bringup//models/textures/misc_textures/lava_2.jpeg
-- Up-to-date: /home/jo-jo/ros2_ws/install/my_robot_bringup/share/my_robot_bringup//models/textures/misc_textures/lava_5.jpeg
-- Up-to-date: /home/jo-jo/ros2_ws/install/my_robot_bringup/share/my_robot_bringup//models/textures/misc_textures/lava_4.jpeg
-- Up-to-date: /home/jo-jo/ros2_ws/install/my_robot_bringup/share/my_robot_bringup//models/textures/misc_textures/lava_3.jpeg
-- Up-to-date: /home/jo-jo/ros2_ws/install/my_robot_bringup/share/my_robot_bringup//models/textures/misc_textures/lava.jpeg
-- Up-to-date: /home/jo-jo/ros2_ws/install/my_robot_bringup/share/my_robot_bringup//models/textures/soil_textures
-- Up-to-date: /home/jo-jo/ros2_ws/install/my_robot_bringup/share/my_robot_bringup//models/textures/soil_textures/soil_seamless_1.jpg
-- Up-to-date: /home/jo-jo/ros2_ws/install/my_robot_bringup/share/my_robot_bringup//models/textures/soil_textures/dirt.jpeg
-- Up-to-date: /home/jo-jo/ros2_ws/install/my_robot_bringup/share/my_robot_bringup//models/Vessel_E
-- Up-to-date: /home/jo-jo/ros2_ws/install/my_robot_bringup/share/my_robot_bringup//models/Vessel_E/meshes
-- Up-to-date: /home/jo-jo/ros2_ws/install/my_robot_bringup/share/my_robot_bringup//models/Vessel_E/meshes/Boat05.dae
-- Up-to-date: /home/jo-jo/ros2_ws/install/my_robot_bringup/share/my_robot_bringup//models/Vessel_E/model.sdf
-- Up-to-date: /home/jo-jo/ros2_ws/install/my_robot_bringup/share/my_robot_bringup//models/Vessel_E/thumbnails
-- Up-to-date: /home/jo-jo/ros2_ws/install/my_robot_bringup/share/my_robot_bringup//models/Vessel_E/thumbnails/1.png
-- Up-to-date: /home/jo-jo/ros2_ws/install/my_robot_bringup/share/my_robot_bringup//models/Vessel_E/materials
-- Up-to-date: /home/jo-jo/ros2_ws/install/my_robot_bringup/share/my_robot_bringup//models/Vessel_E/materials/textures
-- Up-to-date: /home/jo-jo/ros2_ws/install/my_robot_bringup/share/my_robot_bringup//models/Vessel_E/materials/textures/Boat05_Normal.png
-- Up-to-date: /home/jo-jo/ros2_ws/install/my_robot_bringup/share/my_robot_bringup//models/Vessel_E/materials/textures/Boat05_Albedo.jpg
-- Up-to-date: /home/jo-jo/ros2_ws/install/my_robot_bringup/share/my_robot_bringup//models/Vessel_E/materials/textures/Boat05_Metalness.png
-- Up-to-date: /home/jo-jo/ros2_ws/install/my_robot_bringup/share/my_robot_bringup//models/Vessel_E/materials/textures/Boat05_Roughness.jpg
-- Up-to-date: /home/jo-jo/ros2_ws/install/my_robot_bringup/share/my_robot_bringup//models/Vessel_E/model.config
-- Up-to-date: /home/jo-jo/ros2_ws/install/my_robot_bringup/share/my_robot_bringup//models/Animal_Planet_Foam_2Headed_Dragon
-- Up-to-date: /home/jo-jo/ros2_ws/install/my_robot_bringup/share/my_robot_bringup//models/Animal_Planet_Foam_2Headed_Dragon/meshes
-- Up-to-date: /home/jo-jo/ros2_ws/install/my_robot_bringup/share/my_robot_bringup//models/Animal_Planet_Foam_2Headed_Dragon/meshes/model.mtl
-- Up-to-date: /home/jo-jo/ros2_ws/install/my_robot_bringup/share/my_robot_bringup//models/Animal_Planet_Foam_2Headed_Dragon/meshes/model.obj
-- Up-to-date: /home/jo-jo/ros2_ws/install/my_robot_bringup/share/my_robot_bringup//models/Animal_Planet_Foam_2Headed_Dragon/model.sdf
-- Up-to-date: /home/jo-jo/ros2_ws/install/my_robot_bringup/share/my_robot_bringup//models/Animal_Planet_Foam_2Headed_Dragon/thumbnails
-- Up-to-date: /home/jo-jo/ros2_ws/install/my_robot_bringup/share/my_robot_bringup//models/Animal_Planet_Foam_2Headed_Dragon/thumbnails/4.jpg
-- Up-to-date: /home/jo-jo/ros2_ws/install/my_robot_bringup/share/my_robot_bringup//models/Animal_Planet_Foam_2Headed_Dragon/thumbnails/0.jpg
-- Up-to-date: /home/jo-jo/ros2_ws/install/my_robot_bringup/share/my_robot_bringup//models/Animal_Planet_Foam_2Headed_Dragon/thumbnails/2.jpg
-- Up-to-date: /home/jo-jo/ros2_ws/install/my_robot_bringup/share/my_robot_bringup//models/Animal_Planet_Foam_2Headed_Dragon/thumbnails/1.jpg
-- Up-to-date: /home/jo-jo/ros2_ws/install/my_robot_bringup/share/my_robot_bringup//models/Animal_Planet_Foam_2Headed_Dragon/thumbnails/3.jpg
-- Up-to-date: /home/jo-jo/ros2_ws/install/my_robot_bringup/share/my_robot_bringup//models/Animal_Planet_Foam_2Headed_Dragon/metadata.pbtxt
-- Up-to-date: /home/jo-jo/ros2_ws/install/my_robot_bringup/share/my_robot_bringup//models/Animal_Planet_Foam_2Headed_Dragon/materials
-- Up-to-date: /home/jo-jo/ros2_ws/install/my_robot_bringup/share/my_robot_bringup//models/Animal_Planet_Foam_2Headed_Dragon/materials/textures
-- Up-to-date: /home/jo-jo/ros2_ws/install/my_robot_bringup/share/my_robot_bringup//models/Animal_Planet_Foam_2Headed_Dragon/materials/textures/dragon_texture.png
-- Up-to-date: /home/jo-jo/ros2_ws/install/my_robot_bringup/share/my_robot_bringup//models/Animal_Planet_Foam_2Headed_Dragon/model.config
-- Up-to-date: /home/jo-jo/ros2_ws/install/my_robot_bringup/share/my_robot_bringup//models/Weisshai_Great_White_Shark
-- Up-to-date: /home/jo-jo/ros2_ws/install/my_robot_bringup/share/my_robot_bringup//models/Weisshai_Great_White_Shark/meshes
-- Up-to-date: /home/jo-jo/ros2_ws/install/my_robot_bringup/share/my_robot_bringup//models/Weisshai_Great_White_Shark/meshes/model.mtl
-- Up-to-date: /home/jo-jo/ros2_ws/install/my_robot_bringup/share/my_robot_bringup//models/Weisshai_Great_White_Shark/meshes/model.obj
-- Up-to-date: /home/jo-jo/ros2_ws/install/my_robot_bringup/share/my_robot_bringup//models/Weisshai_Great_White_Shark/model.sdf
-- Up-to-date: /home/jo-jo/ros2_ws/install/my_robot_bringup/share/my_robot_bringup//models/Weisshai_Great_White_Shark/thumbnails
-- Up-to-date: /home/jo-jo/ros2_ws/install/my_robot_bringup/share/my_robot_bringup//models/Weisshai_Great_White_Shark/thumbnails/4.jpg
-- Up-to-date: /home/jo-jo/ros2_ws/install/my_robot_bringup/share/my_robot_bringup//models/Weisshai_Great_White_Shark/thumbnails/0.jpg
-- Up-to-date: /home/jo-jo/ros2_ws/install/my_robot_bringup/share/my_robot_bringup//models/Weisshai_Great_White_Shark/thumbnails/2.jpg
-- Up-to-date: /home/jo-jo/ros2_ws/install/my_robot_bringup/share/my_robot_bringup//models/Weisshai_Great_White_Shark/thumbnails/1.jpg
-- Up-to-date: /home/jo-jo/ros2_ws/install/my_robot_bringup/share/my_robot_bringup//models/Weisshai_Great_White_Shark/thumbnails/3.jpg
-- Up-to-date: /home/jo-jo/ros2_ws/install/my_robot_bringup/share/my_robot_bringup//models/Weisshai_Great_White_Shark/metadata.pbtxt
-- Up-to-date: /home/jo-jo/ros2_ws/install/my_robot_bringup/share/my_robot_bringup//models/Weisshai_Great_White_Shark/materials
-- Up-to-date: /home/jo-jo/ros2_ws/install/my_robot_bringup/share/my_robot_bringup//models/Weisshai_Great_White_Shark/materials/textures
-- Up-to-date: /home/jo-jo/ros2_ws/install/my_robot_bringup/share/my_robot_bringup//models/Weisshai_Great_White_Shark/materials/textures/shark_texture.png
-- Up-to-date: /home/jo-jo/ros2_ws/install/my_robot_bringup/share/my_robot_bringup//models/Weisshai_Great_White_Shark/model.config
-- Up-to-date: /home/jo-jo/ros2_ws/install/my_robot_bringup/share/my_robot_bringup//models/Transformers_Age_of_Extinction_Stomp_and_Chomp_Grimlock_Figure
-- Up-to-date: /home/jo-jo/ros2_ws/install/my_robot_bringup/share/my_robot_bringup//models/Transformers_Age_of_Extinction_Stomp_and_Chomp_Grimlock_Figure/meshes
-- Up-to-date: /home/jo-jo/ros2_ws/install/my_robot_bringup/share/my_robot_bringup//models/Transformers_Age_of_Extinction_Stomp_and_Chomp_Grimlock_Figure/meshes/model.mtl
-- Up-to-date: /home/jo-jo/ros2_ws/install/my_robot_bringup/share/my_robot_bringup//models/Transformers_Age_of_Extinction_Stomp_and_Chomp_Grimlock_Figure/meshes/model.obj
-- Up-to-date: /home/jo-jo/ros2_ws/install/my_robot_bringup/share/my_robot_bringup//models/Transformers_Age_of_Extinction_Stomp_and_Chomp_Grimlock_Figure/model.sdf
-- Up-to-date: /home/jo-jo/ros2_ws/install/my_robot_bringup/share/my_robot_bringup//models/Transformers_Age_of_Extinction_Stomp_and_Chomp_Grimlock_Figure/thumbnails
-- Up-to-date: /home/jo-jo/ros2_ws/install/my_robot_bringup/share/my_robot_bringup//models/Transformers_Age_of_Extinction_Stomp_and_Chomp_Grimlock_Figure/thumbnails/4.jpg
-- Up-to-date: /home/jo-jo/ros2_ws/install/my_robot_bringup/share/my_robot_bringup//models/Transformers_Age_of_Extinction_Stomp_and_Chomp_Grimlock_Figure/thumbnails/0.jpg
-- Up-to-date: /home/jo-jo/ros2_ws/install/my_robot_bringup/share/my_robot_bringup//models/Transformers_Age_of_Extinction_Stomp_and_Chomp_Grimlock_Figure/thumbnails/2.jpg
-- Up-to-date: /home/jo-jo/ros2_ws/install/my_robot_bringup/share/my_robot_bringup//models/Transformers_Age_of_Extinction_Stomp_and_Chomp_Grimlock_Figure/thumbnails/1.jpg
-- Up-to-date: /home/jo-jo/ros2_ws/install/my_robot_bringup/share/my_robot_bringup//models/Transformers_Age_of_Extinction_Stomp_and_Chomp_Grimlock_Figure/thumbnails/3.jpg
-- Up-to-date: /home/jo-jo/ros2_ws/install/my_robot_bringup/share/my_robot_bringup//models/Transformers_Age_of_Extinction_Stomp_and_Chomp_Grimlock_Figure/metadata.pbtxt
-- Up-to-date: /home/jo-jo/ros2_ws/install/my_robot_bringup/share/my_robot_bringup//models/Transformers_Age_of_Extinction_Stomp_and_Chomp_Grimlock_Figure/materials
-- Up-to-date: /home/jo-jo/ros2_ws/install/my_robot_bringup/share/my_robot_bringup//models/Transformers_Age_of_Extinction_Stomp_and_Chomp_Grimlock_Figure/materials/textures
-- Up-to-date: /home/jo-jo/ros2_ws/install/my_robot_bringup/share/my_robot_bringup//models/Transformers_Age_of_Extinction_Stomp_and_Chomp_Grimlock_Figure/materials/textures/dinobot_texture.png
-- Up-to-date: /home/jo-jo/ros2_ws/install/my_robot_bringup/share/my_robot_bringup//models/Transformers_Age_of_Extinction_Stomp_and_Chomp_Grimlock_Figure/model.config
-- Up-to-date: /home/jo-jo/ros2_ws/install/my_robot_bringup/share/my_robot_bringup//models/water_tower
-- Up-to-date: /home/jo-jo/ros2_ws/install/my_robot_bringup/share/my_robot_bringup//models/water_tower/meshes
-- Up-to-date: /home/jo-jo/ros2_ws/install/my_robot_bringup/share/my_robot_bringup//models/water_tower/meshes/water_tower.dae
-- Up-to-date: /home/jo-jo/ros2_ws/install/my_robot_bringup/share/my_robot_bringup//models/water_tower/model.sdf
-- Up-to-date: /home/jo-jo/ros2_ws/install/my_robot_bringup/share/my_robot_bringup//models/water_tower/thumbnails
-- Up-to-date: /home/jo-jo/ros2_ws/install/my_robot_bringup/share/my_robot_bringup//models/water_tower/thumbnails/2.png
-- Up-to-date: /home/jo-jo/ros2_ws/install/my_robot_bringup/share/my_robot_bringup//models/water_tower/thumbnails/3.png
-- Up-to-date: /home/jo-jo/ros2_ws/install/my_robot_bringup/share/my_robot_bringup//models/water_tower/thumbnails/4.png
-- Up-to-date: /home/jo-jo/ros2_ws/install/my_robot_bringup/share/my_robot_bringup//models/water_tower/thumbnails/5.png
-- Up-to-date: /home/jo-jo/ros2_ws/install/my_robot_bringup/share/my_robot_bringup//models/water_tower/thumbnails/1.png
-- Up-to-date: /home/jo-jo/ros2_ws/install/my_robot_bringup/share/my_robot_bringup//models/water_tower/materials
-- Up-to-date: /home/jo-jo/ros2_ws/install/my_robot_bringup/share/my_robot_bringup//models/water_tower/materials/textures
-- Up-to-date: /home/jo-jo/ros2_ws/install/my_robot_bringup/share/my_robot_bringup//models/water_tower/materials/textures/water_tower_spec.jpg
-- Up-to-date: /home/jo-jo/ros2_ws/install/my_robot_bringup/share/my_robot_bringup//models/water_tower/materials/textures/water_tower_diffuse.jpg
-- Up-to-date: /home/jo-jo/ros2_ws/install/my_robot_bringup/share/my_robot_bringup//models/water_tower/model.config
-- Up-to-date: /home/jo-jo/ros2_ws/install/my_robot_bringup/share/my_robot_bringup//models/Schleich_Bald_Eagle
-- Up-to-date: /home/jo-jo/ros2_ws/install/my_robot_bringup/share/my_robot_bringup//models/Schleich_Bald_Eagle/meshes
-- Up-to-date: /home/jo-jo/ros2_ws/install/my_robot_bringup/share/my_robot_bringup//models/Schleich_Bald_Eagle/meshes/model.mtl
-- Up-to-date: /home/jo-jo/ros2_ws/install/my_robot_bringup/share/my_robot_bringup//models/Schleich_Bald_Eagle/meshes/model.obj
-- Up-to-date: /home/jo-jo/ros2_ws/install/my_robot_bringup/share/my_robot_bringup//models/Schleich_Bald_Eagle/model.sdf
-- Up-to-date: /home/jo-jo/ros2_ws/install/my_robot_bringup/share/my_robot_bringup//models/Schleich_Bald_Eagle/thumbnails
-- Up-to-date: /home/jo-jo/ros2_ws/install/my_robot_bringup/share/my_robot_bringup//models/Schleich_Bald_Eagle/thumbnails/4.jpg
-- Up-to-date: /home/jo-jo/ros2_ws/install/my_robot_bringup/share/my_robot_bringup//models/Schleich_Bald_Eagle/thumbnails/0.jpg
-- Up-to-date: /home/jo-jo/ros2_ws/install/my_robot_bringup/share/my_robot_bringup//models/Schleich_Bald_Eagle/thumbnails/2.jpg
-- Up-to-date: /home/jo-jo/ros2_ws/install/my_robot_bringup/share/my_robot_bringup//models/Schleich_Bald_Eagle/thumbnails/1.jpg
-- Up-to-date: /home/jo-jo/ros2_ws/install/my_robot_bringup/share/my_robot_bringup//models/Schleich_Bald_Eagle/thumbnails/3.jpg
-- Up-to-date: /home/jo-jo/ros2_ws/install/my_robot_bringup/share/my_robot_bringup//models/Schleich_Bald_Eagle/metadata.pbtxt
-- Up-to-date: /home/jo-jo/ros2_ws/install/my_robot_bringup/share/my_robot_bringup//models/Schleich_Bald_Eagle/materials
-- Up-to-date: /home/jo-jo/ros2_ws/install/my_robot_bringup/share/my_robot_bringup//models/Schleich_Bald_Eagle/materials/textures
-- Up-to-date: /home/jo-jo/ros2_ws/install/my_robot_bringup/share/my_robot_bringup//models/Schleich_Bald_Eagle/materials/textures/eagle_texture.png
-- Up-to-date: /home/jo-jo/ros2_ws/install/my_robot_bringup/share/my_robot_bringup//models/Schleich_Bald_Eagle/model.config
-- Up-to-date: /home/jo-jo/ros2_ws/install/my_robot_bringup/share/my_robot_bringup//models/coast_waves_2
-- Up-to-date: /home/jo-jo/ros2_ws/install/my_robot_bringup/share/my_robot_bringup//models/coast_waves_2/meshes
-- Up-to-date: /home/jo-jo/ros2_ws/install/my_robot_bringup/share/my_robot_bringup//models/coast_waves_2/meshes/waterlow.dae
-- Up-to-date: /home/jo-jo/ros2_ws/install/my_robot_bringup/share/my_robot_bringup//models/coast_waves_2/model.sdf
-- Up-to-date: /home/jo-jo/ros2_ws/install/my_robot_bringup/share/my_robot_bringup//models/coast_waves_2/thumbnails
-- Up-to-date: /home/jo-jo/ros2_ws/install/my_robot_bringup/share/my_robot_bringup//models/coast_waves_2/thumbnails/1.png
-- Up-to-date: /home/jo-jo/ros2_ws/install/my_robot_bringup/share/my_robot_bringup//models/coast_waves_2/materials
-- Up-to-date: /home/jo-jo/ros2_ws/install/my_robot_bringup/share/my_robot_bringup//models/coast_waves_2/materials/programs
-- Up-to-date: /home/jo-jo/ros2_ws/install/my_robot_bringup/share/my_robot_bringup//models/coast_waves_2/materials/programs/GerstnerWaves_vs.metal
-- Up-to-date: /home/jo-jo/ros2_ws/install/my_robot_bringup/share/my_robot_bringup//models/coast_waves_2/materials/programs/GerstnerWaves_fs.metal
-- Up-to-date: /home/jo-jo/ros2_ws/install/my_robot_bringup/share/my_robot_bringup//models/coast_waves_2/materials/programs/GerstnerWaves_fs_330.glsl
-- Up-to-date: /home/jo-jo/ros2_ws/install/my_robot_bringup/share/my_robot_bringup//models/coast_waves_2/materials/programs/GerstnerWaves_vs_330.glsl
-- Up-to-date: /home/jo-jo/ros2_ws/install/my_robot_bringup/share/my_robot_bringup//models/coast_waves_2/materials/textures
-- Up-to-date: /home/jo-jo/ros2_ws/install/my_robot_bringup/share/my_robot_bringup//models/coast_waves_2/materials/textures/wave_normals.dds
-- Up-to-date: /home/jo-jo/ros2_ws/install/my_robot_bringup/share/my_robot_bringup//models/coast_waves_2/materials/textures/skybox_lowres.dds
-- Up-to-date: /home/jo-jo/ros2_ws/install/my_robot_bringup/share/my_robot_bringup//models/coast_waves_2/model.config
-- Up-to-date: /home/jo-jo/ros2_ws/install/my_robot_bringup/share/my_robot_bringup//models/casual_female
-- Up-to-date: /home/jo-jo/ros2_ws/install/my_robot_bringup/share/my_robot_bringup//models/casual_female/meshes
-- Up-to-date: /home/jo-jo/ros2_ws/install/my_robot_bringup/share/my_robot_bringup//models/casual_female/meshes/casual_female.dae
-- Up-to-date: /home/jo-jo/ros2_ws/install/my_robot_bringup/share/my_robot_bringup//models/casual_female/model.sdf
-- Up-to-date: /home/jo-jo/ros2_ws/install/my_robot_bringup/share/my_robot_bringup//models/casual_female/thumbnails
-- Up-to-date: /home/jo-jo/ros2_ws/install/my_robot_bringup/share/my_robot_bringup//models/casual_female/thumbnails/2.png
-- Up-to-date: /home/jo-jo/ros2_ws/install/my_robot_bringup/share/my_robot_bringup//models/casual_female/thumbnails/3.png
-- Up-to-date: /home/jo-jo/ros2_ws/install/my_robot_bringup/share/my_robot_bringup//models/casual_female/thumbnails/4.png
-- Up-to-date: /home/jo-jo/ros2_ws/install/my_robot_bringup/share/my_robot_bringup//models/casual_female/thumbnails/5.png
-- Up-to-date: /home/jo-jo/ros2_ws/install/my_robot_bringup/share/my_robot_bringup//models/casual_female/thumbnails/1.png
-- Up-to-date: /home/jo-jo/ros2_ws/install/my_robot_bringup/share/my_robot_bringup//models/casual_female/materials
-- Up-to-date: /home/jo-jo/ros2_ws/install/my_robot_bringup/share/my_robot_bringup//models/casual_female/materials/textures
-- Up-to-date: /home/jo-jo/ros2_ws/install/my_robot_bringup/share/my_robot_bringup//models/casual_female/materials/textures/young_lightskinned_female_diffuse.png
-- Up-to-date: /home/jo-jo/ros2_ws/install/my_robot_bringup/share/my_robot_bringup//models/casual_female/materials/textures/ponytail01_diffuse.png
-- Up-to-date: /home/jo-jo/ros2_ws/install/my_robot_bringup/share/my_robot_bringup//models/casual_female/materials/textures/eyelashes01.png
-- Up-to-date: /home/jo-jo/ros2_ws/install/my_robot_bringup/share/my_robot_bringup//models/casual_female/materials/textures/female_casualsuit02_diffuse.png
-- Up-to-date: /home/jo-jo/ros2_ws/install/my_robot_bringup/share/my_robot_bringup//models/casual_female/materials/textures/female_casualsuit01_normal.png
-- Up-to-date: /home/jo-jo/ros2_ws/install/my_robot_bringup/share/my_robot_bringup//models/casual_female/materials/textures/female_casualsuit02_normal.png
-- Up-to-date: /home/jo-jo/ros2_ws/install/my_robot_bringup/share/my_robot_bringup//models/casual_female/materials/textures/tongue01_diffuse.png
-- Up-to-date: /home/jo-jo/ros2_ws/install/my_robot_bringup/share/my_robot_bringup//models/casual_female/materials/textures/eyebrow002.png
-- Up-to-date: /home/jo-jo/ros2_ws/install/my_robot_bringup/share/my_robot_bringup//models/casual_female/materials/textures/female_casualsuit01_diffuse.png
-- Up-to-date: /home/jo-jo/ros2_ws/install/my_robot_bringup/share/my_robot_bringup//models/casual_female/materials/textures/brown_eye.png
-- Up-to-date: /home/jo-jo/ros2_ws/install/my_robot_bringup/share/my_robot_bringup//models/casual_female/materials/textures/casual_female.png
-- Up-to-date: /home/jo-jo/ros2_ws/install/my_robot_bringup/share/my_robot_bringup//models/casual_female/materials/textures/shoes05_diffuse.png
-- Up-to-date: /home/jo-jo/ros2_ws/install/my_robot_bringup/share/my_robot_bringup//models/casual_female/model.config
-- Up-to-date: /home/jo-jo/ros2_ws/install/my_robot_bringup/share/my_robot_bringup//models/collapsed_fire_station
-- Up-to-date: /home/jo-jo/ros2_ws/install/my_robot_bringup/share/my_robot_bringup//models/collapsed_fire_station/meshes
-- Up-to-date: /home/jo-jo/ros2_ws/install/my_robot_bringup/share/my_robot_bringup//models/collapsed_fire_station/meshes/collapsed_fire_station.dae
-- Up-to-date: /home/jo-jo/ros2_ws/install/my_robot_bringup/share/my_robot_bringup//models/collapsed_fire_station/model.sdf
-- Up-to-date: /home/jo-jo/ros2_ws/install/my_robot_bringup/share/my_robot_bringup//models/collapsed_fire_station/thumbnails
-- Up-to-date: /home/jo-jo/ros2_ws/install/my_robot_bringup/share/my_robot_bringup//models/collapsed_fire_station/thumbnails/2.png
-- Up-to-date: /home/jo-jo/ros2_ws/install/my_robot_bringup/share/my_robot_bringup//models/collapsed_fire_station/thumbnails/3.png
-- Up-to-date: /home/jo-jo/ros2_ws/install/my_robot_bringup/share/my_robot_bringup//models/collapsed_fire_station/thumbnails/4.png
-- Up-to-date: /home/jo-jo/ros2_ws/install/my_robot_bringup/share/my_robot_bringup//models/collapsed_fire_station/thumbnails/5.png
-- Up-to-date: /home/jo-jo/ros2_ws/install/my_robot_bringup/share/my_robot_bringup//models/collapsed_fire_station/thumbnails/1.png
-- Up-to-date: /home/jo-jo/ros2_ws/install/my_robot_bringup/share/my_robot_bringup//models/collapsed_fire_station/materials
-- Up-to-date: /home/jo-jo/ros2_ws/install/my_robot_bringup/share/my_robot_bringup//models/collapsed_fire_station/materials/textures
-- Up-to-date: /home/jo-jo/ros2_ws/install/my_robot_bringup/share/my_robot_bringup//models/collapsed_fire_station/materials/textures/collapsed_firestation_spec.jpg
-- Up-to-date: /home/jo-jo/ros2_ws/install/my_robot_bringup/share/my_robot_bringup//models/collapsed_fire_station/materials/textures/collapsed_fire_station_diffuse.jpg
-- Up-to-date: /home/jo-jo/ros2_ws/install/my_robot_bringup/share/my_robot_bringup//models/collapsed_fire_station/materials/textures/rubble_diffuse.jpg
-- Up-to-date: /home/jo-jo/ros2_ws/install/my_robot_bringup/share/my_robot_bringup//models/collapsed_fire_station/materials/textures/rubble_spec.jpg
-- Up-to-date: /home/jo-jo/ros2_ws/install/my_robot_bringup/share/my_robot_bringup//models/collapsed_fire_station/model.config
-- Up-to-date: /home/jo-jo/ros2_ws/install/my_robot_bringup/share/my_robot_bringup//models/Schleich_Therizinosaurus_ln9cruulPqc
-- Up-to-date: /home/jo-jo/ros2_ws/install/my_robot_bringup/share/my_robot_bringup//models/Schleich_Therizinosaurus_ln9cruulPqc/meshes
-- Up-to-date: /home/jo-jo/ros2_ws/install/my_robot_bringup/share/my_robot_bringup//models/Schleich_Therizinosaurus_ln9cruulPqc/meshes/model.mtl
-- Up-to-date: /home/jo-jo/ros2_ws/install/my_robot_bringup/share/my_robot_bringup//models/Schleich_Therizinosaurus_ln9cruulPqc/meshes/model.obj
-- Up-to-date: /home/jo-jo/ros2_ws/install/my_robot_bringup/share/my_robot_bringup//models/Schleich_Therizinosaurus_ln9cruulPqc/model.sdf
-- Up-to-date: /home/jo-jo/ros2_ws/install/my_robot_bringup/share/my_robot_bringup//models/Schleich_Therizinosaurus_ln9cruulPqc/thumbnails
-- Up-to-date: /home/jo-jo/ros2_ws/install/my_robot_bringup/share/my_robot_bringup//models/Schleich_Therizinosaurus_ln9cruulPqc/thumbnails/4.jpg
-- Up-to-date: /home/jo-jo/ros2_ws/install/my_robot_bringup/share/my_robot_bringup//models/Schleich_Therizinosaurus_ln9cruulPqc/thumbnails/0.jpg
-- Up-to-date: /home/jo-jo/ros2_ws/install/my_robot_bringup/share/my_robot_bringup//models/Schleich_Therizinosaurus_ln9cruulPqc/thumbnails/2.jpg
-- Up-to-date: /home/jo-jo/ros2_ws/install/my_robot_bringup/share/my_robot_bringup//models/Schleich_Therizinosaurus_ln9cruulPqc/thumbnails/1.jpg
-- Up-to-date: /home/jo-jo/ros2_ws/install/my_robot_bringup/share/my_robot_bringup//models/Schleich_Therizinosaurus_ln9cruulPqc/thumbnails/3.jpg
-- Up-to-date: /home/jo-jo/ros2_ws/install/my_robot_bringup/share/my_robot_bringup//models/Schleich_Therizinosaurus_ln9cruulPqc/metadata.pbtxt
-- Up-to-date: /home/jo-jo/ros2_ws/install/my_robot_bringup/share/my_robot_bringup//models/Schleich_Therizinosaurus_ln9cruulPqc/materials
-- Up-to-date: /home/jo-jo/ros2_ws/install/my_robot_bringup/share/my_robot_bringup//models/Schleich_Therizinosaurus_ln9cruulPqc/materials/textures
-- Up-to-date: /home/jo-jo/ros2_ws/install/my_robot_bringup/share/my_robot_bringup//models/Schleich_Therizinosaurus_ln9cruulPqc/materials/textures/dino_texture.png
-- Up-to-date: /home/jo-jo/ros2_ws/install/my_robot_bringup/share/my_robot_bringup//models/Schleich_Therizinosaurus_ln9cruulPqc/model.config
-- Up-to-date: /home/jo-jo/ros2_ws/install/my_robot_bringup/share/my_robot_bringup//models/Guardians_of_the_Galaxy_Galactic_Battlers_Rocket_Raccoon_Figure
-- Up-to-date: /home/jo-jo/ros2_ws/install/my_robot_bringup/share/my_robot_bringup//models/Guardians_of_the_Galaxy_Galactic_Battlers_Rocket_Raccoon_Figure/meshes
-- Up-to-date: /home/jo-jo/ros2_ws/install/my_robot_bringup/share/my_robot_bringup//models/Guardians_of_the_Galaxy_Galactic_Battlers_Rocket_Raccoon_Figure/meshes/model.mtl
-- Up-to-date: /home/jo-jo/ros2_ws/install/my_robot_bringup/share/my_robot_bringup//models/Guardians_of_the_Galaxy_Galactic_Battlers_Rocket_Raccoon_Figure/meshes/model.obj
-- Up-to-date: /home/jo-jo/ros2_ws/install/my_robot_bringup/share/my_robot_bringup//models/Guardians_of_the_Galaxy_Galactic_Battlers_Rocket_Raccoon_Figure/model.sdf
-- Up-to-date: /home/jo-jo/ros2_ws/install/my_robot_bringup/share/my_robot_bringup//models/Guardians_of_the_Galaxy_Galactic_Battlers_Rocket_Raccoon_Figure/thumbnails
-- Up-to-date: /home/jo-jo/ros2_ws/install/my_robot_bringup/share/my_robot_bringup//models/Guardians_of_the_Galaxy_Galactic_Battlers_Rocket_Raccoon_Figure/thumbnails/4.jpg
-- Up-to-date: /home/jo-jo/ros2_ws/install/my_robot_bringup/share/my_robot_bringup//models/Guardians_of_the_Galaxy_Galactic_Battlers_Rocket_Raccoon_Figure/thumbnails/0.jpg
-- Up-to-date: /home/jo-jo/ros2_ws/install/my_robot_bringup/share/my_robot_bringup//models/Guardians_of_the_Galaxy_Galactic_Battlers_Rocket_Raccoon_Figure/thumbnails/2.jpg
-- Up-to-date: /home/jo-jo/ros2_ws/install/my_robot_bringup/share/my_robot_bringup//models/Guardians_of_the_Galaxy_Galactic_Battlers_Rocket_Raccoon_Figure/thumbnails/1.jpg
-- Up-to-date: /home/jo-jo/ros2_ws/install/my_robot_bringup/share/my_robot_bringup//models/Guardians_of_the_Galaxy_Galactic_Battlers_Rocket_Raccoon_Figure/thumbnails/3.jpg
-- Up-to-date: /home/jo-jo/ros2_ws/install/my_robot_bringup/share/my_robot_bringup//models/Guardians_of_the_Galaxy_Galactic_Battlers_Rocket_Raccoon_Figure/metadata.pbtxt
-- Up-to-date: /home/jo-jo/ros2_ws/install/my_robot_bringup/share/my_robot_bringup//models/Guardians_of_the_Galaxy_Galactic_Battlers_Rocket_Raccoon_Figure/materials
-- Up-to-date: /home/jo-jo/ros2_ws/install/my_robot_bringup/share/my_robot_bringup//models/Guardians_of_the_Galaxy_Galactic_Battlers_Rocket_Raccoon_Figure/materials/textures
-- Up-to-date: /home/jo-jo/ros2_ws/install/my_robot_bringup/share/my_robot_bringup//models/Guardians_of_the_Galaxy_Galactic_Battlers_Rocket_Raccoon_Figure/materials/textures/texture.png
-- Up-to-date: /home/jo-jo/ros2_ws/install/my_robot_bringup/share/my_robot_bringup//models/Guardians_of_the_Galaxy_Galactic_Battlers_Rocket_Raccoon_Figure/model.config
-- Up-to-date: /home/jo-jo/ros2_ws/install/my_robot_bringup/share/my_robot_bringup//models/water
-- Up-to-date: /home/jo-jo/ros2_ws/install/my_robot_bringup/share/my_robot_bringup//models/water/enclosure.sdf
-- Up-to-date: /home/jo-jo/ros2_ws/install/my_robot_bringup/share/my_robot_bringup//models/water/model.config
-- Up-to-date: /home/jo-jo/ros2_ws/install/my_robot_bringup/share/my_robot_bringup//models/wooden_gazebo
-- Up-to-date: /home/jo-jo/ros2_ws/install/my_robot_bringup/share/my_robot_bringup//models/wooden_gazebo/meshes
-- Up-to-date: /home/jo-jo/ros2_ws/install/my_robot_bringup/share/my_robot_bringup//models/wooden_gazebo/meshes/gazebo.dae
-- Up-to-date: /home/jo-jo/ros2_ws/install/my_robot_bringup/share/my_robot_bringup//models/wooden_gazebo/model.sdf
-- Up-to-date: /home/jo-jo/ros2_ws/install/my_robot_bringup/share/my_robot_bringup//models/wooden_gazebo/thumbnails
-- Up-to-date: /home/jo-jo/ros2_ws/install/my_robot_bringup/share/my_robot_bringup//models/wooden_gazebo/thumbnails/2.png
-- Up-to-date: /home/jo-jo/ros2_ws/install/my_robot_bringup/share/my_robot_bringup//models/wooden_gazebo/thumbnails/3.png
-- Up-to-date: /home/jo-jo/ros2_ws/install/my_robot_bringup/share/my_robot_bringup//models/wooden_gazebo/thumbnails/4.png
-- Up-to-date: /home/jo-jo/ros2_ws/install/my_robot_bringup/share/my_robot_bringup//models/wooden_gazebo/thumbnails/5.png
-- Up-to-date: /home/jo-jo/ros2_ws/install/my_robot_bringup/share/my_robot_bringup//models/wooden_gazebo/thumbnails/1.png
-- Up-to-date: /home/jo-jo/ros2_ws/install/my_robot_bringup/share/my_robot_bringup//models/wooden_gazebo/materials
-- Up-to-date: /home/jo-jo/ros2_ws/install/my_robot_bringup/share/my_robot_bringup//models/wooden_gazebo/materials/textures
-- Up-to-date: /home/jo-jo/ros2_ws/install/my_robot_bringup/share/my_robot_bringup//models/wooden_gazebo/materials/textures/gazebo_diffuse.jpg
-- Up-to-date: /home/jo-jo/ros2_ws/install/my_robot_bringup/share/my_robot_bringup//models/wooden_gazebo/materials/textures/gazebo_spec.jpg
-- Up-to-date: /home/jo-jo/ros2_ws/install/my_robot_bringup/share/my_robot_bringup//models/wooden_gazebo/model.config
-- Up-to-date: /home/jo-jo/ros2_ws/install/my_robot_bringup/share/my_robot_bringup//models/parking_garage
-- Up-to-date: /home/jo-jo/ros2_ws/install/my_robot_bringup/share/my_robot_bringup//models/parking_garage/meshes
-- Up-to-date: /home/jo-jo/ros2_ws/install/my_robot_bringup/share/my_robot_bringup//models/parking_garage/meshes/parking_garage.dae
-- Up-to-date: /home/jo-jo/ros2_ws/install/my_robot_bringup/share/my_robot_bringup//models/parking_garage/model.sdf
-- Up-to-date: /home/jo-jo/ros2_ws/install/my_robot_bringup/share/my_robot_bringup//models/parking_garage/thumbnails
-- Up-to-date: /home/jo-jo/ros2_ws/install/my_robot_bringup/share/my_robot_bringup//models/parking_garage/thumbnails/2.png
-- Up-to-date: /home/jo-jo/ros2_ws/install/my_robot_bringup/share/my_robot_bringup//models/parking_garage/thumbnails/3.png
-- Up-to-date: /home/jo-jo/ros2_ws/install/my_robot_bringup/share/my_robot_bringup//models/parking_garage/thumbnails/4.png
-- Up-to-date: /home/jo-jo/ros2_ws/install/my_robot_bringup/share/my_robot_bringup//models/parking_garage/thumbnails/5.png
-- Up-to-date: /home/jo-jo/ros2_ws/install/my_robot_bringup/share/my_robot_bringup//models/parking_garage/thumbnails/1.png
-- Up-to-date: /home/jo-jo/ros2_ws/install/my_robot_bringup/share/my_robot_bringup//models/parking_garage/materials
-- Up-to-date: /home/jo-jo/ros2_ws/install/my_robot_bringup/share/my_robot_bringup//models/parking_garage/materials/textures
-- Up-to-date: /home/jo-jo/ros2_ws/install/my_robot_bringup/share/my_robot_bringup//models/parking_garage/materials/textures/parking_garage_diffuse.jpg
-- Up-to-date: /home/jo-jo/ros2_ws/install/my_robot_bringup/share/my_robot_bringup//models/parking_garage/materials/textures/parking_garage_spec.jpg
-- Up-to-date: /home/jo-jo/ros2_ws/install/my_robot_bringup/share/my_robot_bringup//models/parking_garage/model.config
-- Up-to-date: /home/jo-jo/ros2_ws/install/my_robot_bringup/share/my_robot_bringup//models/branch_leaves
-- Up-to-date: /home/jo-jo/ros2_ws/install/my_robot_bringup/share/my_robot_bringup//models/branch_leaves/textures
-- Up-to-date: /home/jo-jo/ros2_ws/install/my_robot_bringup/share/my_robot_bringup//models/branch_leaves/textures/bright_green_leaves_small.jpg
-- Up-to-date: /home/jo-jo/ros2_ws/install/my_robot_bringup/share/my_robot_bringup//models/branch_leaves/model.sdf
-- Up-to-date: /home/jo-jo/ros2_ws/install/my_robot_bringup/share/my_robot_bringup//models/piano
-- Up-to-date: /home/jo-jo/ros2_ws/install/my_robot_bringup/share/my_robot_bringup//models/piano/meshes
-- Up-to-date: /home/jo-jo/ros2_ws/install/my_robot_bringup/share/my_robot_bringup//models/piano/meshes/piano.dae
-- Up-to-date: /home/jo-jo/ros2_ws/install/my_robot_bringup/share/my_robot_bringup//models/piano/model.sdf
-- Up-to-date: /home/jo-jo/ros2_ws/install/my_robot_bringup/share/my_robot_bringup//models/piano/thumbnails
-- Up-to-date: /home/jo-jo/ros2_ws/install/my_robot_bringup/share/my_robot_bringup//models/piano/thumbnails/Piano.png
-- Up-to-date: /home/jo-jo/ros2_ws/install/my_robot_bringup/share/my_robot_bringup//models/piano/model.config
-- Up-to-date: /home/jo-jo/ros2_ws/install/my_robot_bringup/share/my_robot_bringup//models/collapsed_industrial_building
-- Up-to-date: /home/jo-jo/ros2_ws/install/my_robot_bringup/share/my_robot_bringup//models/collapsed_industrial_building/meshes
-- Up-to-date: /home/jo-jo/ros2_ws/install/my_robot_bringup/share/my_robot_bringup//models/collapsed_industrial_building/meshes/collapsed_industrial.dae
-- Up-to-date: /home/jo-jo/ros2_ws/install/my_robot_bringup/share/my_robot_bringup//models/collapsed_industrial_building/model.sdf
-- Up-to-date: /home/jo-jo/ros2_ws/install/my_robot_bringup/share/my_robot_bringup//models/collapsed_industrial_building/thumbnails
-- Up-to-date: /home/jo-jo/ros2_ws/install/my_robot_bringup/share/my_robot_bringup//models/collapsed_industrial_building/thumbnails/2.png
-- Up-to-date: /home/jo-jo/ros2_ws/install/my_robot_bringup/share/my_robot_bringup//models/collapsed_industrial_building/thumbnails/3.png
-- Up-to-date: /home/jo-jo/ros2_ws/install/my_robot_bringup/share/my_robot_bringup//models/collapsed_industrial_building/thumbnails/4.png
-- Up-to-date: /home/jo-jo/ros2_ws/install/my_robot_bringup/share/my_robot_bringup//models/collapsed_industrial_building/thumbnails/5.png
-- Up-to-date: /home/jo-jo/ros2_ws/install/my_robot_bringup/share/my_robot_bringup//models/collapsed_industrial_building/thumbnails/1.png
-- Up-to-date: /home/jo-jo/ros2_ws/install/my_robot_bringup/share/my_robot_bringup//models/collapsed_industrial_building/materials
-- Up-to-date: /home/jo-jo/ros2_ws/install/my_robot_bringup/share/my_robot_bringup//models/collapsed_industrial_building/materials/textures
-- Up-to-date: /home/jo-jo/ros2_ws/install/my_robot_bringup/share/my_robot_bringup//models/collapsed_industrial_building/materials/textures/rubble_diffuse.jpg
-- Up-to-date: /home/jo-jo/ros2_ws/install/my_robot_bringup/share/my_robot_bringup//models/collapsed_industrial_building/materials/textures/collapsed_industrial_spec.jpg
-- Up-to-date: /home/jo-jo/ros2_ws/install/my_robot_bringup/share/my_robot_bringup//models/collapsed_industrial_building/materials/textures/rough_concrete_diffuse.jpg
-- Up-to-date: /home/jo-jo/ros2_ws/install/my_robot_bringup/share/my_robot_bringup//models/collapsed_industrial_building/materials/textures/rubble_spec.jpg
-- Up-to-date: /home/jo-jo/ros2_ws/install/my_robot_bringup/share/my_robot_bringup//models/collapsed_industrial_building/materials/textures/rough_concrete_spec.jpg
-- Up-to-date: /home/jo-jo/ros2_ws/install/my_robot_bringup/share/my_robot_bringup//models/collapsed_industrial_building/materials/textures/collapsed_industrial_diffuse.jpg
-- Up-to-date: /home/jo-jo/ros2_ws/install/my_robot_bringup/share/my_robot_bringup//models/collapsed_industrial_building/model.config
-- Up-to-date: /home/jo-jo/ros2_ws/install/my_robot_bringup/share/my_robot_bringup//models/Vessel D
-- Up-to-date: /home/jo-jo/ros2_ws/install/my_robot_bringup/share/my_robot_bringup//models/Vessel D/meshes
-- Up-to-date: /home/jo-jo/ros2_ws/install/my_robot_bringup/share/my_robot_bringup//models/Vessel D/meshes/Boat04.dae
-- Up-to-date: /home/jo-jo/ros2_ws/install/my_robot_bringup/share/my_robot_bringup//models/Vessel D/model.sdf
-- Up-to-date: /home/jo-jo/ros2_ws/install/my_robot_bringup/share/my_robot_bringup//models/Vessel D/thumbnails
-- Up-to-date: /home/jo-jo/ros2_ws/install/my_robot_bringup/share/my_robot_bringup//models/Vessel D/thumbnails/1.png
-- Up-to-date: /home/jo-jo/ros2_ws/install/my_robot_bringup/share/my_robot_bringup//models/Vessel D/materials
-- Up-to-date: /home/jo-jo/ros2_ws/install/my_robot_bringup/share/my_robot_bringup//models/Vessel D/materials/textures
-- Up-to-date: /home/jo-jo/ros2_ws/install/my_robot_bringup/share/my_robot_bringup//models/Vessel D/materials/textures/Boat04_Normal.jpg
-- Up-to-date: /home/jo-jo/ros2_ws/install/my_robot_bringup/share/my_robot_bringup//models/Vessel D/materials/textures/Boat04_Metalness.jpg
-- Up-to-date: /home/jo-jo/ros2_ws/install/my_robot_bringup/share/my_robot_bringup//models/Vessel D/materials/textures/Boat04_Roughness.jpg
-- Up-to-date: /home/jo-jo/ros2_ws/install/my_robot_bringup/share/my_robot_bringup//models/Vessel D/materials/textures/Boat04_Albedo.jpg
-- Up-to-date: /home/jo-jo/ros2_ws/install/my_robot_bringup/share/my_robot_bringup//models/Vessel D/model.config
-- Up-to-date: /home/jo-jo/ros2_ws/install/my_robot_bringup/share/ament_index/resource_index/package_run_dependencies/my_robot_bringup
-- Up-to-date: /home/jo-jo/ros2_ws/install/my_robot_bringup/share/ament_index/resource_index/parent_prefix_path/my_robot_bringup
-- Up-to-date: /home/jo-jo/ros2_ws/install/my_robot_bringup/share/my_robot_bringup/environment/ament_prefix_path.sh
-- Up-to-date: /home/jo-jo/ros2_ws/install/my_robot_bringup/share/my_robot_bringup/environment/ament_prefix_path.dsv
-- Up-to-date: /home/jo-jo/ros2_ws/install/my_robot_bringup/share/my_robot_bringup/environment/path.sh
-- Up-to-date: /home/jo-jo/ros2_ws/install/my_robot_bringup/share/my_robot_bringup/environment/path.dsv
-- Up-to-date: /home/jo-jo/ros2_ws/install/my_robot_bringup/share/my_robot_bringup/local_setup.bash
-- Up-to-date: /home/jo-jo/ros2_ws/install/my_robot_bringup/share/my_robot_bringup/local_setup.sh
-- Up-to-date: /home/jo-jo/ros2_ws/install/my_robot_bringup/share/my_robot_bringup/local_setup.zsh
-- Up-to-date: /home/jo-jo/ros2_ws/install/my_robot_bringup/share/my_robot_bringup/local_setup.dsv
-- Installing: /home/jo-jo/ros2_ws/install/my_robot_bringup/share/my_robot_bringup/package.dsv
-- Up-to-date: /home/jo-jo/ros2_ws/install/my_robot_bringup/share/ament_index/resource_index/packages/my_robot_bringup
-- Up-to-date: /home/jo-jo/ros2_ws/install/my_robot_bringup/share/my_robot_bringup/cmake/my_robot_bringupConfig.cmake
-- Up-to-date: /home/jo-jo/ros2_ws/install/my_robot_bringup/share/my_robot_bringup/cmake/my_robot_bringupConfig-version.cmake
-- Up-to-date: /home/jo-jo/ros2_ws/install/my_robot_bringup/share/my_robot_bringup/package.xml
