[0.174s] DEBUG:colcon:Command line arguments: ['/usr/bin/colcon', 'build']
[0.174s] DEBUG:colcon:Parsed command line arguments: Namespace(log_base=None, log_level=None, verb_name='build', build_base='build', install_base='install', merge_install=False, symlink_install=False, test_result_base=None, continue_on_error=False, executor='parallel', parallel_workers=16, event_handlers=None, ignore_user_meta=False, metas=['./colcon.meta'], base_paths=['.'], packages_ignore=None, packages_ignore_regex=None, paths=None, packages_up_to=None, packages_up_to_regex=None, packages_above=None, packages_above_and_dependencies=None, packages_above_depth=None, packages_select_by_dep=None, packages_skip_by_dep=None, packages_skip_up_to=None, packages_select_build_failed=False, packages_skip_build_finished=False, packages_select_test_failures=False, packages_skip_test_passed=False, packages_select=None, packages_skip=None, packages_select_regex=None, packages_skip_regex=None, packages_start=None, packages_end=None, allow_overriding=[], cmake_args=None, cmake_target=None, cmake_target_skip_unavailable=False, cmake_clean_cache=False, cmake_clean_first=False, cmake_force_configure=False, ament_cmake_args=None, catkin_cmake_args=None, catkin_skip_building_tests=False, mixin_files=None, mixin=None, verb_parser=<colcon_mixin.mixin.mixin_argument.MixinArgumentDecorator object at 0x72812aa84230>, verb_extension=<colcon_core.verb.build.BuildVerb object at 0x72812abc8890>, main=<bound method BuildVerb.main of <colcon_core.verb.build.BuildVerb object at 0x72812abc8890>>, mixin_verb=('build',))
[0.239s] Level 1:colcon.colcon_core.package_discovery:discover_packages(colcon_meta) check parameters
[0.239s] Level 1:colcon.colcon_core.package_discovery:discover_packages(recursive) check parameters
[0.239s] Level 1:colcon.colcon_core.package_discovery:discover_packages(ignore) check parameters
[0.239s] Level 1:colcon.colcon_core.package_discovery:discover_packages(path) check parameters
[0.239s] Level 1:colcon.colcon_core.package_discovery:discover_packages(colcon_meta) discover
[0.239s] Level 1:colcon.colcon_core.package_discovery:discover_packages(recursive) discover
[0.239s] INFO:colcon.colcon_core.package_discovery:Crawling recursively for packages in '/home/jo-jo/ros2_ws'
[0.240s] Level 1:colcon.colcon_core.package_identification:_identify(.) by extensions ['ignore', 'ignore_ament_install']
[0.240s] Level 1:colcon.colcon_core.package_identification:_identify(.) by extension 'ignore'
[0.240s] Level 1:colcon.colcon_core.package_identification:_identify(.) by extension 'ignore_ament_install'
[0.240s] Level 1:colcon.colcon_core.package_identification:_identify(.) by extensions ['colcon_pkg']
[0.240s] Level 1:colcon.colcon_core.package_identification:_identify(.) by extension 'colcon_pkg'
[0.240s] Level 1:colcon.colcon_core.package_identification:_identify(.) by extensions ['colcon_meta']
[0.240s] Level 1:colcon.colcon_core.package_identification:_identify(.) by extension 'colcon_meta'
[0.240s] Level 1:colcon.colcon_core.package_identification:_identify(.) by extensions ['ros']
[0.240s] Level 1:colcon.colcon_core.package_identification:_identify(.) by extension 'ros'
[0.278s] Level 1:colcon.colcon_core.package_identification:_identify(.) by extensions ['cmake', 'python']
[0.278s] Level 1:colcon.colcon_core.package_identification:_identify(.) by extension 'cmake'
[0.279s] Level 1:colcon.colcon_core.package_identification:_identify(.) by extension 'python'
[0.279s] Level 1:colcon.colcon_core.package_identification:_identify(.) by extensions ['python_setup_py']
[0.279s] Level 1:colcon.colcon_core.package_identification:_identify(.) by extension 'python_setup_py'
[0.279s] Level 1:colcon.colcon_core.package_identification:_identify(build) by extensions ['ignore', 'ignore_ament_install']
[0.279s] Level 1:colcon.colcon_core.package_identification:_identify(build) by extension 'ignore'
[0.279s] Level 1:colcon.colcon_core.package_identification:_identify(build) ignored
[0.279s] Level 1:colcon.colcon_core.package_identification:_identify(install) by extensions ['ignore', 'ignore_ament_install']
[0.279s] Level 1:colcon.colcon_core.package_identification:_identify(install) by extension 'ignore'
[0.280s] Level 1:colcon.colcon_core.package_identification:_identify(install) ignored
[0.280s] Level 1:colcon.colcon_core.package_identification:_identify(log) by extensions ['ignore', 'ignore_ament_install']
[0.280s] Level 1:colcon.colcon_core.package_identification:_identify(log) by extension 'ignore'
[0.280s] Level 1:colcon.colcon_core.package_identification:_identify(log) ignored
[0.280s] Level 1:colcon.colcon_core.package_identification:_identify(media) by extensions ['ignore', 'ignore_ament_install']
[0.280s] Level 1:colcon.colcon_core.package_identification:_identify(media) by extension 'ignore'
[0.280s] Level 1:colcon.colcon_core.package_identification:_identify(media) by extension 'ignore_ament_install'
[0.280s] Level 1:colcon.colcon_core.package_identification:_identify(media) by extensions ['colcon_pkg']
[0.280s] Level 1:colcon.colcon_core.package_identification:_identify(media) by extension 'colcon_pkg'
[0.281s] Level 1:colcon.colcon_core.package_identification:_identify(media) by extensions ['colcon_meta']
[0.281s] Level 1:colcon.colcon_core.package_identification:_identify(media) by extension 'colcon_meta'
[0.281s] Level 1:colcon.colcon_core.package_identification:_identify(media) by extensions ['ros']
[0.281s] Level 1:colcon.colcon_core.package_identification:_identify(media) by extension 'ros'
[0.281s] Level 1:colcon.colcon_core.package_identification:_identify(media) by extensions ['cmake', 'python']
[0.281s] Level 1:colcon.colcon_core.package_identification:_identify(media) by extension 'cmake'
[0.281s] Level 1:colcon.colcon_core.package_identification:_identify(media) by extension 'python'
[0.281s] Level 1:colcon.colcon_core.package_identification:_identify(media) by extensions ['python_setup_py']
[0.281s] Level 1:colcon.colcon_core.package_identification:_identify(media) by extension 'python_setup_py'
[0.281s] Level 1:colcon.colcon_core.package_identification:_identify(src) by extensions ['ignore', 'ignore_ament_install']
[0.281s] Level 1:colcon.colcon_core.package_identification:_identify(src) by extension 'ignore'
[0.281s] Level 1:colcon.colcon_core.package_identification:_identify(src) by extension 'ignore_ament_install'
[0.282s] Level 1:colcon.colcon_core.package_identification:_identify(src) by extensions ['colcon_pkg']
[0.282s] Level 1:colcon.colcon_core.package_identification:_identify(src) by extension 'colcon_pkg'
[0.282s] Level 1:colcon.colcon_core.package_identification:_identify(src) by extensions ['colcon_meta']
[0.282s] Level 1:colcon.colcon_core.package_identification:_identify(src) by extension 'colcon_meta'
[0.282s] Level 1:colcon.colcon_core.package_identification:_identify(src) by extensions ['ros']
[0.282s] Level 1:colcon.colcon_core.package_identification:_identify(src) by extension 'ros'
[0.282s] Level 1:colcon.colcon_core.package_identification:_identify(src) by extensions ['cmake', 'python']
[0.282s] Level 1:colcon.colcon_core.package_identification:_identify(src) by extension 'cmake'
[0.282s] Level 1:colcon.colcon_core.package_identification:_identify(src) by extension 'python'
[0.282s] Level 1:colcon.colcon_core.package_identification:_identify(src) by extensions ['python_setup_py']
[0.282s] Level 1:colcon.colcon_core.package_identification:_identify(src) by extension 'python_setup_py'
[0.282s] Level 1:colcon.colcon_core.package_identification:_identify(src/my_robot_bringup) by extensions ['ignore', 'ignore_ament_install']
[0.282s] Level 1:colcon.colcon_core.package_identification:_identify(src/my_robot_bringup) by extension 'ignore'
[0.283s] Level 1:colcon.colcon_core.package_identification:_identify(src/my_robot_bringup) by extension 'ignore_ament_install'
[0.283s] Level 1:colcon.colcon_core.package_identification:_identify(src/my_robot_bringup) by extensions ['colcon_pkg']
[0.283s] Level 1:colcon.colcon_core.package_identification:_identify(src/my_robot_bringup) by extension 'colcon_pkg'
[0.283s] Level 1:colcon.colcon_core.package_identification:_identify(src/my_robot_bringup) by extensions ['colcon_meta']
[0.283s] Level 1:colcon.colcon_core.package_identification:_identify(src/my_robot_bringup) by extension 'colcon_meta'
[0.283s] Level 1:colcon.colcon_core.package_identification:_identify(src/my_robot_bringup) by extensions ['ros']
[0.283s] Level 1:colcon.colcon_core.package_identification:_identify(src/my_robot_bringup) by extension 'ros'
[0.286s] DEBUG:colcon.colcon_core.package_identification:Package 'src/my_robot_bringup' with type 'ros.ament_cmake' and name 'my_robot_bringup'
[0.286s] Level 1:colcon.colcon_core.package_identification:_identify(src/my_robot_description) by extensions ['ignore', 'ignore_ament_install']
[0.287s] Level 1:colcon.colcon_core.package_identification:_identify(src/my_robot_description) by extension 'ignore'
[0.287s] Level 1:colcon.colcon_core.package_identification:_identify(src/my_robot_description) by extension 'ignore_ament_install'
[0.287s] Level 1:colcon.colcon_core.package_identification:_identify(src/my_robot_description) by extensions ['colcon_pkg']
[0.287s] Level 1:colcon.colcon_core.package_identification:_identify(src/my_robot_description) by extension 'colcon_pkg'
[0.287s] Level 1:colcon.colcon_core.package_identification:_identify(src/my_robot_description) by extensions ['colcon_meta']
[0.287s] Level 1:colcon.colcon_core.package_identification:_identify(src/my_robot_description) by extension 'colcon_meta'
[0.287s] Level 1:colcon.colcon_core.package_identification:_identify(src/my_robot_description) by extensions ['ros']
[0.287s] Level 1:colcon.colcon_core.package_identification:_identify(src/my_robot_description) by extension 'ros'
[0.288s] DEBUG:colcon.colcon_core.package_identification:Package 'src/my_robot_description' with type 'ros.ament_cmake' and name 'my_robot_description'
[0.288s] Level 1:colcon.colcon_core.package_identification:_identify(src/robot_legion_teleop_python) by extensions ['ignore', 'ignore_ament_install']
[0.288s] Level 1:colcon.colcon_core.package_identification:_identify(src/robot_legion_teleop_python) by extension 'ignore'
[0.288s] Level 1:colcon.colcon_core.package_identification:_identify(src/robot_legion_teleop_python) by extension 'ignore_ament_install'
[0.288s] Level 1:colcon.colcon_core.package_identification:_identify(src/robot_legion_teleop_python) by extensions ['colcon_pkg']
[0.288s] Level 1:colcon.colcon_core.package_identification:_identify(src/robot_legion_teleop_python) by extension 'colcon_pkg'
[0.288s] Level 1:colcon.colcon_core.package_identification:_identify(src/robot_legion_teleop_python) by extensions ['colcon_meta']
[0.288s] Level 1:colcon.colcon_core.package_identification:_identify(src/robot_legion_teleop_python) by extension 'colcon_meta'
[0.289s] Level 1:colcon.colcon_core.package_identification:_identify(src/robot_legion_teleop_python) by extensions ['ros']
[0.289s] Level 1:colcon.colcon_core.package_identification:_identify(src/robot_legion_teleop_python) by extension 'ros'
[0.289s] DEBUG:colcon.colcon_core.package_identification:Package 'src/robot_legion_teleop_python' with type 'ros.ament_python' and name 'robot_legion_teleop_python'
[0.289s] Level 1:colcon.colcon_core.package_discovery:discover_packages(recursive) using defaults
[0.289s] Level 1:colcon.colcon_core.package_discovery:discover_packages(ignore) discover
[0.289s] Level 1:colcon.colcon_core.package_discovery:discover_packages(ignore) using defaults
[0.290s] Level 1:colcon.colcon_core.package_discovery:discover_packages(path) discover
[0.290s] Level 1:colcon.colcon_core.package_discovery:discover_packages(path) using defaults
[0.316s] Level 1:colcon.colcon_core.package_discovery:discover_packages(prefix_path) check parameters
[0.317s] Level 1:colcon.colcon_core.package_discovery:discover_packages(prefix_path) discover
[0.321s] DEBUG:colcon.colcon_installed_package_information.package_discovery:Found 315 installed packages in /opt/ros/jazzy
[0.323s] Level 1:colcon.colcon_core.package_discovery:discover_packages(prefix_path) using defaults
[0.394s] Level 5:colcon.colcon_core.verb:set package 'my_robot_bringup' build argument 'cmake_args' from command line to 'None'
[0.394s] Level 5:colcon.colcon_core.verb:set package 'my_robot_bringup' build argument 'cmake_target' from command line to 'None'
[0.394s] Level 5:colcon.colcon_core.verb:set package 'my_robot_bringup' build argument 'cmake_target_skip_unavailable' from command line to 'False'
[0.394s] Level 5:colcon.colcon_core.verb:set package 'my_robot_bringup' build argument 'cmake_clean_cache' from command line to 'False'
[0.394s] Level 5:colcon.colcon_core.verb:set package 'my_robot_bringup' build argument 'cmake_clean_first' from command line to 'False'
[0.394s] Level 5:colcon.colcon_core.verb:set package 'my_robot_bringup' build argument 'cmake_force_configure' from command line to 'False'
[0.394s] Level 5:colcon.colcon_core.verb:set package 'my_robot_bringup' build argument 'ament_cmake_args' from command line to 'None'
[0.394s] Level 5:colcon.colcon_core.verb:set package 'my_robot_bringup' build argument 'catkin_cmake_args' from command line to 'None'
[0.394s] Level 5:colcon.colcon_core.verb:set package 'my_robot_bringup' build argument 'catkin_skip_building_tests' from command line to 'False'
[0.395s] DEBUG:colcon.colcon_core.verb:Building package 'my_robot_bringup' with the following arguments: {'ament_cmake_args': None, 'build_base': '/home/jo-jo/ros2_ws/build/my_robot_bringup', 'catkin_cmake_args': None, 'catkin_skip_building_tests': False, 'cmake_args': None, 'cmake_clean_cache': False, 'cmake_clean_first': False, 'cmake_force_configure': False, 'cmake_target': None, 'cmake_target_skip_unavailable': False, 'install_base': '/home/jo-jo/ros2_ws/install/my_robot_bringup', 'merge_install': False, 'path': '/home/jo-jo/ros2_ws/src/my_robot_bringup', 'symlink_install': False, 'test_result_base': None}
[0.395s] Level 5:colcon.colcon_core.verb:set package 'my_robot_description' build argument 'cmake_args' from command line to 'None'
[0.395s] Level 5:colcon.colcon_core.verb:set package 'my_robot_description' build argument 'cmake_target' from command line to 'None'
[0.395s] Level 5:colcon.colcon_core.verb:set package 'my_robot_description' build argument 'cmake_target_skip_unavailable' from command line to 'False'
[0.395s] Level 5:colcon.colcon_core.verb:set package 'my_robot_description' build argument 'cmake_clean_cache' from command line to 'False'
[0.395s] Level 5:colcon.colcon_core.verb:set package 'my_robot_description' build argument 'cmake_clean_first' from command line to 'False'
[0.395s] Level 5:colcon.colcon_core.verb:set package 'my_robot_description' build argument 'cmake_force_configure' from command line to 'False'
[0.395s] Level 5:colcon.colcon_core.verb:set package 'my_robot_description' build argument 'ament_cmake_args' from command line to 'None'
[0.395s] Level 5:colcon.colcon_core.verb:set package 'my_robot_description' build argument 'catkin_cmake_args' from command line to 'None'
[0.395s] Level 5:colcon.colcon_core.verb:set package 'my_robot_description' build argument 'catkin_skip_building_tests' from command line to 'False'
[0.395s] DEBUG:colcon.colcon_core.verb:Building package 'my_robot_description' with the following arguments: {'ament_cmake_args': None, 'build_base': '/home/jo-jo/ros2_ws/build/my_robot_description', 'catkin_cmake_args': None, 'catkin_skip_building_tests': False, 'cmake_args': None, 'cmake_clean_cache': False, 'cmake_clean_first': False, 'cmake_force_configure': False, 'cmake_target': None, 'cmake_target_skip_unavailable': False, 'install_base': '/home/jo-jo/ros2_ws/install/my_robot_description', 'merge_install': False, 'path': '/home/jo-jo/ros2_ws/src/my_robot_description', 'symlink_install': False, 'test_result_base': None}
[0.396s] Level 5:colcon.colcon_core.verb:set package 'robot_legion_teleop_python' build argument 'cmake_args' from command line to 'None'
[0.396s] Level 5:colcon.colcon_core.verb:set package 'robot_legion_teleop_python' build argument 'cmake_target' from command line to 'None'
[0.396s] Level 5:colcon.colcon_core.verb:set package 'robot_legion_teleop_python' build argument 'cmake_target_skip_unavailable' from command line to 'False'
[0.396s] Level 5:colcon.colcon_core.verb:set package 'robot_legion_teleop_python' build argument 'cmake_clean_cache' from command line to 'False'
[0.396s] Level 5:colcon.colcon_core.verb:set package 'robot_legion_teleop_python' build argument 'cmake_clean_first' from command line to 'False'
[0.396s] Level 5:colcon.colcon_core.verb:set package 'robot_legion_teleop_python' build argument 'cmake_force_configure' from command line to 'False'
[0.396s] Level 5:colcon.colcon_core.verb:set package 'robot_legion_teleop_python' build argument 'ament_cmake_args' from command line to 'None'
[0.396s] Level 5:colcon.colcon_core.verb:set package 'robot_legion_teleop_python' build argument 'catkin_cmake_args' from command line to 'None'
[0.396s] Level 5:colcon.colcon_core.verb:set package 'robot_legion_teleop_python' build argument 'catkin_skip_building_tests' from command line to 'False'
[0.396s] DEBUG:colcon.colcon_core.verb:Building package 'robot_legion_teleop_python' with the following arguments: {'ament_cmake_args': None, 'build_base': '/home/jo-jo/ros2_ws/build/robot_legion_teleop_python', 'catkin_cmake_args': None, 'catkin_skip_building_tests': False, 'cmake_args': None, 'cmake_clean_cache': False, 'cmake_clean_first': False, 'cmake_force_configure': False, 'cmake_target': None, 'cmake_target_skip_unavailable': False, 'install_base': '/home/jo-jo/ros2_ws/install/robot_legion_teleop_python', 'merge_install': False, 'path': '/home/jo-jo/ros2_ws/src/robot_legion_teleop_python', 'symlink_install': False, 'test_result_base': None}
[0.396s] INFO:colcon.colcon_core.executor:Executing jobs using 'parallel' executor
[0.397s] DEBUG:colcon.colcon_parallel_executor.executor.parallel:run_until_complete
[0.398s] INFO:colcon.colcon_ros.task.ament_cmake.build:Building ROS package in '/home/jo-jo/ros2_ws/src/my_robot_bringup' with build type 'ament_cmake'
[0.398s] INFO:colcon.colcon_cmake.task.cmake.build:Building CMake package in '/home/jo-jo/ros2_ws/src/my_robot_bringup'
[0.402s] INFO:colcon.colcon_core.plugin_system:Skipping extension 'colcon_core.shell.bat': Not used on non-Windows systems
[0.402s] INFO:colcon.colcon_core.shell:Skip shell extension 'powershell' for command environment: Not usable outside of PowerShell
[0.402s] DEBUG:colcon.colcon_core.shell:Skip shell extension 'dsv' for command environment
[0.407s] INFO:colcon.colcon_ros.task.ament_cmake.build:Building ROS package in '/home/jo-jo/ros2_ws/src/my_robot_description' with build type 'ament_cmake'
[0.408s] INFO:colcon.colcon_cmake.task.cmake.build:Building CMake package in '/home/jo-jo/ros2_ws/src/my_robot_description'
[0.408s] INFO:colcon.colcon_core.shell:Skip shell extension 'powershell' for command environment: Not usable outside of PowerShell
[0.408s] DEBUG:colcon.colcon_core.shell:Skip shell extension 'dsv' for command environment
[0.412s] INFO:colcon.colcon_ros.task.ament_python.build:Building ROS package in '/home/jo-jo/ros2_ws/src/robot_legion_teleop_python' with build type 'ament_python'
[0.413s] Level 1:colcon.colcon_core.shell:create_environment_hook('robot_legion_teleop_python', 'ament_prefix_path')
[0.413s] INFO:colcon.colcon_core.shell:Creating environment hook '/home/jo-jo/ros2_ws/install/robot_legion_teleop_python/share/robot_legion_teleop_python/hook/ament_prefix_path.ps1'
[0.414s] INFO:colcon.colcon_core.shell:Creating environment descriptor '/home/jo-jo/ros2_ws/install/robot_legion_teleop_python/share/robot_legion_teleop_python/hook/ament_prefix_path.dsv'
[0.415s] INFO:colcon.colcon_core.shell:Creating environment hook '/home/jo-jo/ros2_ws/install/robot_legion_teleop_python/share/robot_legion_teleop_python/hook/ament_prefix_path.sh'
[0.416s] INFO:colcon.colcon_core.shell:Skip shell extension 'powershell' for command environment: Not usable outside of PowerShell
[0.416s] DEBUG:colcon.colcon_core.shell:Skip shell extension 'dsv' for command environment
[0.427s] DEBUG:colcon.colcon_core.event_handler.log_command:Invoking command in '/home/jo-jo/ros2_ws/build/my_robot_bringup': CMAKE_PREFIX_PATH=${CMAKE_PREFIX_PATH}:/opt/ros/jazzy DEBUGINFOD_URLS=https://debuginfod.ubuntu.com /usr/bin/cmake --build /home/jo-jo/ros2_ws/build/my_robot_bringup -- -j16 -l16
[0.435s] DEBUG:colcon.colcon_core.event_handler.log_command:Invoking command in '/home/jo-jo/ros2_ws/build/my_robot_description': CMAKE_PREFIX_PATH=${CMAKE_PREFIX_PATH}:/opt/ros/jazzy DEBUGINFOD_URLS=https://debuginfod.ubuntu.com /usr/bin/cmake --build /home/jo-jo/ros2_ws/build/my_robot_description -- -j16 -l16
[0.791s] INFO:colcon.colcon_core.task.python.build:Building Python package in '/home/jo-jo/ros2_ws/src/robot_legion_teleop_python'
[0.791s] INFO:colcon.colcon_core.shell:Skip shell extension 'powershell' for command environment: Not usable outside of PowerShell
[0.791s] DEBUG:colcon.colcon_core.shell:Skip shell extension 'dsv' for command environment
[1.082s] DEBUG:colcon.colcon_core.event_handler.log_command:Invoked command in '/home/jo-jo/ros2_ws/build/my_robot_description' returned '0': CMAKE_PREFIX_PATH=${CMAKE_PREFIX_PATH}:/opt/ros/jazzy DEBUGINFOD_URLS=https://debuginfod.ubuntu.com /usr/bin/cmake --build /home/jo-jo/ros2_ws/build/my_robot_description -- -j16 -l16
[1.101s] DEBUG:colcon.colcon_core.event_handler.log_command:Invoking command in '/home/jo-jo/ros2_ws/build/my_robot_description': CMAKE_PREFIX_PATH=${CMAKE_PREFIX_PATH}:/opt/ros/jazzy DEBUGINFOD_URLS=https://debuginfod.ubuntu.com /usr/bin/cmake --install /home/jo-jo/ros2_ws/build/my_robot_description
[1.104s] DEBUG:colcon.colcon_core.event_handler.log_command:Invoked command in '/home/jo-jo/ros2_ws/build/my_robot_bringup' returned '0': CMAKE_PREFIX_PATH=${CMAKE_PREFIX_PATH}:/opt/ros/jazzy DEBUGINFOD_URLS=https://debuginfod.ubuntu.com /usr/bin/cmake --build /home/jo-jo/ros2_ws/build/my_robot_bringup -- -j16 -l16
[1.107s] DEBUG:colcon.colcon_core.event_handler.log_command:Invoking command in '/home/jo-jo/ros2_ws/build/my_robot_bringup': CMAKE_PREFIX_PATH=${CMAKE_PREFIX_PATH}:/opt/ros/jazzy DEBUGINFOD_URLS=https://debuginfod.ubuntu.com /usr/bin/cmake --install /home/jo-jo/ros2_ws/build/my_robot_bringup
[1.131s] Level 1:colcon.colcon_core.environment:create_environment_scripts_only(my_robot_description)
[1.132s] DEBUG:colcon.colcon_core.event_handler.log_command:Invoked command in '/home/jo-jo/ros2_ws/build/my_robot_description' returned '0': CMAKE_PREFIX_PATH=${CMAKE_PREFIX_PATH}:/opt/ros/jazzy DEBUGINFOD_URLS=https://debuginfod.ubuntu.com /usr/bin/cmake --install /home/jo-jo/ros2_ws/build/my_robot_description
[1.135s] Level 1:colcon.colcon_core.environment:checking '/home/jo-jo/ros2_ws/install/my_robot_description' for CMake module files
[1.136s] Level 1:colcon.colcon_core.environment:checking '/home/jo-jo/ros2_ws/install/my_robot_description' for CMake config files
[1.136s] Level 1:colcon.colcon_core.shell:create_environment_hook('my_robot_description', 'cmake_prefix_path')
[1.137s] INFO:colcon.colcon_core.shell:Creating environment hook '/home/jo-jo/ros2_ws/install/my_robot_description/share/my_robot_description/hook/cmake_prefix_path.ps1'
[1.137s] INFO:colcon.colcon_core.shell:Creating environment descriptor '/home/jo-jo/ros2_ws/install/my_robot_description/share/my_robot_description/hook/cmake_prefix_path.dsv'
[1.138s] INFO:colcon.colcon_core.shell:Creating environment hook '/home/jo-jo/ros2_ws/install/my_robot_description/share/my_robot_description/hook/cmake_prefix_path.sh'
[1.139s] Level 1:colcon.colcon_core.environment:checking '/home/jo-jo/ros2_ws/install/my_robot_description/bin'
[1.140s] Level 1:colcon.colcon_core.environment:checking '/home/jo-jo/ros2_ws/install/my_robot_description/lib/pkgconfig/my_robot_description.pc'
[1.140s] Level 1:colcon.colcon_core.environment:checking '/home/jo-jo/ros2_ws/install/my_robot_description/lib/python3.12/site-packages'
[1.140s] Level 1:colcon.colcon_core.environment:checking '/home/jo-jo/ros2_ws/install/my_robot_description/bin'
[1.141s] INFO:colcon.colcon_core.shell:Creating package script '/home/jo-jo/ros2_ws/install/my_robot_description/share/my_robot_description/package.ps1'
[1.142s] INFO:colcon.colcon_core.shell:Creating package descriptor '/home/jo-jo/ros2_ws/install/my_robot_description/share/my_robot_description/package.dsv'
[1.142s] INFO:colcon.colcon_core.shell:Creating package script '/home/jo-jo/ros2_ws/install/my_robot_description/share/my_robot_description/package.sh'
[1.143s] INFO:colcon.colcon_core.shell:Creating package script '/home/jo-jo/ros2_ws/install/my_robot_description/share/my_robot_description/package.bash'
[1.144s] INFO:colcon.colcon_core.shell:Creating package script '/home/jo-jo/ros2_ws/install/my_robot_description/share/my_robot_description/package.zsh'
[1.145s] Level 1:colcon.colcon_core.environment:create_file_with_runtime_dependencies(/home/jo-jo/ros2_ws/install/my_robot_description/share/colcon-core/packages/my_robot_description)
[1.146s] Level 1:colcon.colcon_core.environment:create_environment_scripts_only(my_robot_description)
[1.146s] Level 1:colcon.colcon_core.environment:checking '/home/jo-jo/ros2_ws/install/my_robot_description' for CMake module files
[1.148s] Level 1:colcon.colcon_core.environment:checking '/home/jo-jo/ros2_ws/install/my_robot_description' for CMake config files
[1.148s] Level 1:colcon.colcon_core.shell:create_environment_hook('my_robot_description', 'cmake_prefix_path')
[1.148s] INFO:colcon.colcon_core.shell:Creating environment hook '/home/jo-jo/ros2_ws/install/my_robot_description/share/my_robot_description/hook/cmake_prefix_path.ps1'
[1.149s] INFO:colcon.colcon_core.shell:Creating environment descriptor '/home/jo-jo/ros2_ws/install/my_robot_description/share/my_robot_description/hook/cmake_prefix_path.dsv'
[1.149s] INFO:colcon.colcon_core.shell:Creating environment hook '/home/jo-jo/ros2_ws/install/my_robot_description/share/my_robot_description/hook/cmake_prefix_path.sh'
[1.150s] Level 1:colcon.colcon_core.environment:checking '/home/jo-jo/ros2_ws/install/my_robot_description/bin'
[1.150s] Level 1:colcon.colcon_core.environment:checking '/home/jo-jo/ros2_ws/install/my_robot_description/lib/pkgconfig/my_robot_description.pc'
[1.150s] Level 1:colcon.colcon_core.environment:checking '/home/jo-jo/ros2_ws/install/my_robot_description/lib/python3.12/site-packages'
[1.151s] Level 1:colcon.colcon_core.environment:checking '/home/jo-jo/ros2_ws/install/my_robot_description/bin'
[1.151s] INFO:colcon.colcon_core.shell:Creating package script '/home/jo-jo/ros2_ws/install/my_robot_description/share/my_robot_description/package.ps1'
[1.152s] INFO:colcon.colcon_core.shell:Creating package descriptor '/home/jo-jo/ros2_ws/install/my_robot_description/share/my_robot_description/package.dsv'
[1.153s] INFO:colcon.colcon_core.shell:Creating package script '/home/jo-jo/ros2_ws/install/my_robot_description/share/my_robot_description/package.sh'
[1.153s] INFO:colcon.colcon_core.shell:Creating package script '/home/jo-jo/ros2_ws/install/my_robot_description/share/my_robot_description/package.bash'
[1.154s] INFO:colcon.colcon_core.shell:Creating package script '/home/jo-jo/ros2_ws/install/my_robot_description/share/my_robot_description/package.zsh'
[1.155s] Level 1:colcon.colcon_core.environment:create_file_with_runtime_dependencies(/home/jo-jo/ros2_ws/install/my_robot_description/share/colcon-core/packages/my_robot_description)
[1.967s] Level 1:colcon.colcon_core.environment:create_environment_scripts_only(my_robot_bringup)
[1.967s] Level 1:colcon.colcon_core.environment:checking '/home/jo-jo/ros2_ws/install/my_robot_bringup' for CMake module files
[1.968s] DEBUG:colcon.colcon_core.event_handler.log_command:Invoked command in '/home/jo-jo/ros2_ws/build/my_robot_bringup' returned '0': CMAKE_PREFIX_PATH=${CMAKE_PREFIX_PATH}:/opt/ros/jazzy DEBUGINFOD_URLS=https://debuginfod.ubuntu.com /usr/bin/cmake --install /home/jo-jo/ros2_ws/build/my_robot_bringup
[1.969s] Level 1:colcon.colcon_core.environment:checking '/home/jo-jo/ros2_ws/install/my_robot_bringup' for CMake config files
[1.973s] Level 1:colcon.colcon_core.shell:create_environment_hook('my_robot_bringup', 'cmake_prefix_path')
[1.973s] INFO:colcon.colcon_core.shell:Creating environment hook '/home/jo-jo/ros2_ws/install/my_robot_bringup/share/my_robot_bringup/hook/cmake_prefix_path.ps1'
[1.973s] INFO:colcon.colcon_core.shell:Creating environment descriptor '/home/jo-jo/ros2_ws/install/my_robot_bringup/share/my_robot_bringup/hook/cmake_prefix_path.dsv'
[1.974s] INFO:colcon.colcon_core.shell:Creating environment hook '/home/jo-jo/ros2_ws/install/my_robot_bringup/share/my_robot_bringup/hook/cmake_prefix_path.sh'
[1.975s] Level 1:colcon.colcon_core.environment:checking '/home/jo-jo/ros2_ws/install/my_robot_bringup/bin'
[1.975s] Level 1:colcon.colcon_core.environment:checking '/home/jo-jo/ros2_ws/install/my_robot_bringup/lib/pkgconfig/my_robot_bringup.pc'
[1.975s] Level 1:colcon.colcon_core.environment:checking '/home/jo-jo/ros2_ws/install/my_robot_bringup/lib/python3.12/site-packages'
[1.976s] Level 1:colcon.colcon_core.environment:checking '/home/jo-jo/ros2_ws/install/my_robot_bringup/bin'
[1.976s] INFO:colcon.colcon_core.shell:Creating package script '/home/jo-jo/ros2_ws/install/my_robot_bringup/share/my_robot_bringup/package.ps1'
[1.977s] INFO:colcon.colcon_core.shell:Creating package descriptor '/home/jo-jo/ros2_ws/install/my_robot_bringup/share/my_robot_bringup/package.dsv'
[1.978s] INFO:colcon.colcon_core.shell:Creating package script '/home/jo-jo/ros2_ws/install/my_robot_bringup/share/my_robot_bringup/package.sh'
[1.978s] INFO:colcon.colcon_core.shell:Creating package script '/home/jo-jo/ros2_ws/install/my_robot_bringup/share/my_robot_bringup/package.bash'
[1.979s] INFO:colcon.colcon_core.shell:Creating package script '/home/jo-jo/ros2_ws/install/my_robot_bringup/share/my_robot_bringup/package.zsh'
[1.979s] Level 1:colcon.colcon_core.environment:create_file_with_runtime_dependencies(/home/jo-jo/ros2_ws/install/my_robot_bringup/share/colcon-core/packages/my_robot_bringup)
[1.980s] Level 1:colcon.colcon_core.environment:create_environment_scripts_only(my_robot_bringup)
[1.980s] Level 1:colcon.colcon_core.environment:checking '/home/jo-jo/ros2_ws/install/my_robot_bringup' for CMake module files
[1.981s] Level 1:colcon.colcon_core.environment:checking '/home/jo-jo/ros2_ws/install/my_robot_bringup' for CMake config files
[1.985s] Level 1:colcon.colcon_core.shell:create_environment_hook('my_robot_bringup', 'cmake_prefix_path')
[1.985s] INFO:colcon.colcon_core.shell:Creating environment hook '/home/jo-jo/ros2_ws/install/my_robot_bringup/share/my_robot_bringup/hook/cmake_prefix_path.ps1'
[1.986s] INFO:colcon.colcon_core.shell:Creating environment descriptor '/home/jo-jo/ros2_ws/install/my_robot_bringup/share/my_robot_bringup/hook/cmake_prefix_path.dsv'
[1.987s] INFO:colcon.colcon_core.shell:Creating environment hook '/home/jo-jo/ros2_ws/install/my_robot_bringup/share/my_robot_bringup/hook/cmake_prefix_path.sh'
[1.987s] Level 1:colcon.colcon_core.environment:checking '/home/jo-jo/ros2_ws/install/my_robot_bringup/bin'
[1.988s] Level 1:colcon.colcon_core.environment:checking '/home/jo-jo/ros2_ws/install/my_robot_bringup/lib/pkgconfig/my_robot_bringup.pc'
[1.988s] Level 1:colcon.colcon_core.environment:checking '/home/jo-jo/ros2_ws/install/my_robot_bringup/lib/python3.12/site-packages'
[1.988s] Level 1:colcon.colcon_core.environment:checking '/home/jo-jo/ros2_ws/install/my_robot_bringup/bin'
[1.989s] INFO:colcon.colcon_core.shell:Creating package script '/home/jo-jo/ros2_ws/install/my_robot_bringup/share/my_robot_bringup/package.ps1'
[1.989s] INFO:colcon.colcon_core.shell:Creating package descriptor '/home/jo-jo/ros2_ws/install/my_robot_bringup/share/my_robot_bringup/package.dsv'
[1.990s] INFO:colcon.colcon_core.shell:Creating package script '/home/jo-jo/ros2_ws/install/my_robot_bringup/share/my_robot_bringup/package.sh'
[1.991s] INFO:colcon.colcon_core.shell:Creating package script '/home/jo-jo/ros2_ws/install/my_robot_bringup/share/my_robot_bringup/package.bash'
[1.991s] INFO:colcon.colcon_core.shell:Creating package script '/home/jo-jo/ros2_ws/install/my_robot_bringup/share/my_robot_bringup/package.zsh'
[1.992s] Level 1:colcon.colcon_core.environment:create_file_with_runtime_dependencies(/home/jo-jo/ros2_ws/install/my_robot_bringup/share/colcon-core/packages/my_robot_bringup)
[2.100s] DEBUG:colcon.colcon_core.event_handler.log_command:Invoking command in '/home/jo-jo/ros2_ws/src/robot_legion_teleop_python': DEBUGINFOD_URLS=https://debuginfod.ubuntu.com PYTHONPATH=/home/jo-jo/ros2_ws/build/robot_legion_teleop_python/prefix_override:/usr/lib/python3/dist-packages/colcon_core/task/python/colcon_distutils_commands:/home/jo-jo/ros2_ws/install/robot_legion_teleop_python/lib/python3.12/site-packages:${PYTHONPATH} /usr/bin/python3 -W ignore:setup.py install is deprecated -W ignore:easy_install command is deprecated setup.py egg_info --egg-base ../../build/robot_legion_teleop_python build --build-base /home/jo-jo/ros2_ws/build/robot_legion_teleop_python/build install --record /home/jo-jo/ros2_ws/build/robot_legion_teleop_python/install.log --single-version-externally-managed install_data
[3.035s] Level 1:colcon.colcon_core.environment:checking '/home/jo-jo/ros2_ws/install/robot_legion_teleop_python' for CMake module files
[3.036s] DEBUG:colcon.colcon_core.event_handler.log_command:Invoked command in '/home/jo-jo/ros2_ws/src/robot_legion_teleop_python' returned '0': DEBUGINFOD_URLS=https://debuginfod.ubuntu.com PYTHONPATH=/home/jo-jo/ros2_ws/build/robot_legion_teleop_python/prefix_override:/usr/lib/python3/dist-packages/colcon_core/task/python/colcon_distutils_commands:/home/jo-jo/ros2_ws/install/robot_legion_teleop_python/lib/python3.12/site-packages:${PYTHONPATH} /usr/bin/python3 -W ignore:setup.py install is deprecated -W ignore:easy_install command is deprecated setup.py egg_info --egg-base ../../build/robot_legion_teleop_python build --build-base /home/jo-jo/ros2_ws/build/robot_legion_teleop_python/build install --record /home/jo-jo/ros2_ws/build/robot_legion_teleop_python/install.log --single-version-externally-managed install_data
[3.036s] Level 1:colcon.colcon_core.environment:checking '/home/jo-jo/ros2_ws/install/robot_legion_teleop_python' for CMake config files
[3.037s] Level 1:colcon.colcon_core.environment:checking '/home/jo-jo/ros2_ws/install/robot_legion_teleop_python/lib'
[3.038s] Level 1:colcon.colcon_core.environment:checking '/home/jo-jo/ros2_ws/install/robot_legion_teleop_python/bin'
[3.038s] Level 1:colcon.colcon_core.environment:checking '/home/jo-jo/ros2_ws/install/robot_legion_teleop_python/lib/pkgconfig/robot_legion_teleop_python.pc'
[3.038s] Level 1:colcon.colcon_core.environment:checking '/home/jo-jo/ros2_ws/install/robot_legion_teleop_python/lib/python3.12/site-packages'
[3.038s] Level 1:colcon.colcon_core.shell:create_environment_hook('robot_legion_teleop_python', 'pythonpath')
[3.038s] INFO:colcon.colcon_core.shell:Creating environment hook '/home/jo-jo/ros2_ws/install/robot_legion_teleop_python/share/robot_legion_teleop_python/hook/pythonpath.ps1'
[3.039s] INFO:colcon.colcon_core.shell:Creating environment descriptor '/home/jo-jo/ros2_ws/install/robot_legion_teleop_python/share/robot_legion_teleop_python/hook/pythonpath.dsv'
[3.040s] INFO:colcon.colcon_core.shell:Creating environment hook '/home/jo-jo/ros2_ws/install/robot_legion_teleop_python/share/robot_legion_teleop_python/hook/pythonpath.sh'
[3.041s] Level 1:colcon.colcon_core.environment:checking '/home/jo-jo/ros2_ws/install/robot_legion_teleop_python/bin'
[3.041s] Level 1:colcon.colcon_core.environment:create_environment_scripts_only(robot_legion_teleop_python)
[3.041s] INFO:colcon.colcon_core.shell:Creating package script '/home/jo-jo/ros2_ws/install/robot_legion_teleop_python/share/robot_legion_teleop_python/package.ps1'
[3.042s] INFO:colcon.colcon_core.shell:Creating package descriptor '/home/jo-jo/ros2_ws/install/robot_legion_teleop_python/share/robot_legion_teleop_python/package.dsv'
[3.043s] INFO:colcon.colcon_core.shell:Creating package script '/home/jo-jo/ros2_ws/install/robot_legion_teleop_python/share/robot_legion_teleop_python/package.sh'
[3.043s] INFO:colcon.colcon_core.shell:Creating package script '/home/jo-jo/ros2_ws/install/robot_legion_teleop_python/share/robot_legion_teleop_python/package.bash'
[3.044s] INFO:colcon.colcon_core.shell:Creating package script '/home/jo-jo/ros2_ws/install/robot_legion_teleop_python/share/robot_legion_teleop_python/package.zsh'
[3.044s] Level 1:colcon.colcon_core.environment:create_file_with_runtime_dependencies(/home/jo-jo/ros2_ws/install/robot_legion_teleop_python/share/colcon-core/packages/robot_legion_teleop_python)
[3.045s] DEBUG:colcon.colcon_parallel_executor.executor.parallel:closing loop
[3.046s] DEBUG:colcon.colcon_parallel_executor.executor.parallel:loop closed
[3.046s] DEBUG:colcon.colcon_parallel_executor.executor.parallel:run_until_complete finished with '0'
[3.046s] DEBUG:colcon.colcon_core.event_reactor:joining thread
[3.056s] INFO:colcon.colcon_core.plugin_system:Skipping extension 'colcon_notification.desktop_notification.terminal_notifier': Not used on non-Darwin systems
[3.056s] INFO:colcon.colcon_core.plugin_system:Skipping extension 'colcon_notification.desktop_notification.win32': Not used on non-Windows systems
[3.056s] INFO:colcon.colcon_notification.desktop_notification:Sending desktop notification using 'notify2'
[3.076s] DEBUG:colcon.colcon_core.event_reactor:joined thread
[3.077s] INFO:colcon.colcon_core.shell:Creating prefix script '/home/jo-jo/ros2_ws/install/local_setup.ps1'
[3.078s] INFO:colcon.colcon_core.shell:Creating prefix util module '/home/jo-jo/ros2_ws/install/_local_setup_util_ps1.py'
[3.080s] INFO:colcon.colcon_core.shell:Creating prefix chain script '/home/jo-jo/ros2_ws/install/setup.ps1'
[3.081s] INFO:colcon.colcon_core.shell:Creating prefix script '/home/jo-jo/ros2_ws/install/local_setup.sh'
[3.082s] INFO:colcon.colcon_core.shell:Creating prefix util module '/home/jo-jo/ros2_ws/install/_local_setup_util_sh.py'
[3.083s] INFO:colcon.colcon_core.shell:Creating prefix chain script '/home/jo-jo/ros2_ws/install/setup.sh'
[3.084s] INFO:colcon.colcon_core.shell:Creating prefix script '/home/jo-jo/ros2_ws/install/local_setup.bash'
[3.085s] INFO:colcon.colcon_core.shell:Creating prefix chain script '/home/jo-jo/ros2_ws/install/setup.bash'
[3.086s] INFO:colcon.colcon_core.shell:Creating prefix script '/home/jo-jo/ros2_ws/install/local_setup.zsh'
[3.087s] INFO:colcon.colcon_core.shell:Creating prefix chain script '/home/jo-jo/ros2_ws/install/setup.zsh'
